
Book ãƒ¢ãƒ‡ãƒ«ã«é–¢ã™ã‚‹ãƒ†ã‚¹ãƒˆ
  å®Ÿéš›ã«ä¿å­˜ã—ã¦ã¿ã‚‹
[32m    æœ‰åŠ¹ãªæŠ•ç¨¿å†…å®¹ã®å ´åˆã¯ä¿å­˜ã•ã‚Œã‚‹ã‹[0m
  ç©ºç™½ã®ãƒãƒªãƒ‡ãƒ¼ã‚·ãƒ§ãƒ³ãƒã‚§ãƒƒã‚¯
[32m    titleãŒç©ºç™½ã®å ´åˆã«ãƒãƒªãƒ‡ãƒ¼ã‚·ãƒ§ãƒ³ãƒã‚§ãƒƒã‚¯ã•ã‚Œç©ºç™½ã®ã‚¨ãƒ©ãƒ¼ãƒ¡ãƒƒã‚»ãƒ¼ã‚¸ãŒè¿”ã£ã¦ãã¦ã„ã‚‹ã‹[0m
[32m    bodyãŒç©ºç™½ã®å ´åˆã«ãƒãƒªãƒ‡ãƒ¼ã‚·ãƒ§ãƒ³ãƒã‚§ãƒƒã‚¯ã•ã‚Œç©ºç™½ã®ã‚¨ãƒ©ãƒ¼ãƒ¡ãƒƒã‚»ãƒ¼ã‚¸ãŒè¿”ã£ã¦ãã¦ã„ã‚‹ã‹[0m
  titleã‚’ç©ºç™½ã§æŠ•ç¨¿ã—ãŸå ´åˆã«ç”»é¢ã«ã‚¨ãƒ©ãƒ¼ãƒ¡ãƒƒã‚»ãƒ¼ã‚¸ãŒè¡¨ç¤ºã•ã‚Œã¦ã„ã‚‹ã‹
[31m    ã‚¨ãƒ©ãƒ¼ãƒ¡ãƒƒã‚»ãƒ¼ã‚¸ã¯æ­£ã—ãè¡¨ç¤ºã•ã‚Œã‚‹ã‹ (FAILED - 1)[0m
  bodyã‚’ç©ºç™½ã§æŠ•ç¨¿ã—ãŸå ´åˆã«ç”»é¢ã«ã‚¨ãƒ©ãƒ¼ãƒ¡ãƒƒã‚»ãƒ¼ã‚¸ãŒè¡¨ç¤ºã•ã‚Œã¦ã„ã‚‹ã‹
[31m    ã‚¨ãƒ©ãƒ¼ãƒ¡ãƒƒã‚»ãƒ¼ã‚¸ã¯æ­£ã—ãè¡¨ç¤ºã•ã‚Œã‚‹ã‹ (FAILED - 2)[0m

æŠ•ç¨¿ã®ãƒ†ã‚¹ãƒˆ
  ãƒˆãƒƒãƒ—ç”»é¢(root_path)ã®ãƒ†ã‚¹ãƒˆ
    è¡¨ç¤ºã®ç¢ºèª
[31m      ãƒˆãƒƒãƒ—ç”»é¢(root_path)ã«ä¸€è¦§ãƒšãƒ¼ã‚¸ã¸ã®ãƒªãƒ³ã‚¯ãŒè¡¨ç¤ºã•ã‚Œã¦ã„ã‚‹ã‹ (FAILED - 3)[0m
[31m      root_pathãŒ"/"ã§ã‚ã‚‹ã‹ (FAILED - 4)[0m
  ä¸€è¦§ç”»é¢ã®ãƒ†ã‚¹ãƒˆ
    ä¸€è¦§ã®è¡¨ç¤ºã¨ãƒªãƒ³ã‚¯ã®ç¢ºèª
[31m      bookã®ä¸€è¦§è¡¨ç¤º(tableã‚¿ã‚°)ã¨æŠ•ç¨¿ãƒ•ã‚©ãƒ¼ãƒ ãŒåŒä¸€ç”»é¢ã«è¡¨ç¤ºã•ã‚Œã¦ã„ã‚‹ã‹ (FAILED - 5)[0m
[31m      bookã®ã‚¿ã‚¤ãƒˆãƒ«ã¨æ„Ÿæƒ³ã‚’è¡¨ç¤ºã—ã€è©³ç´°ãƒ»ç·¨é›†ãƒ»å‰Šé™¤ã®ãƒªãƒ³ã‚¯ãŒè¡¨ç¤ºã•ã‚Œã¦ã„ã‚‹ã‹ (FAILED - 6)[0m
[31m      Create Bookãƒœã‚¿ãƒ³ãŒè¡¨ç¤ºã•ã‚Œã‚‹ (FAILED - 7)[0m
    æŠ•ç¨¿å‡¦ç†ã«é–¢ã™ã‚‹ãƒ†ã‚¹ãƒˆ
[31m      æŠ•ç¨¿ã«æˆåŠŸã—ã‚µã‚¯ã‚»ã‚¹ãƒ¡ãƒƒã‚»ãƒ¼ã‚¸ãŒè¡¨ç¤ºã•ã‚Œã‚‹ã‹ (FAILED - 8)[0m
[31m      æŠ•ç¨¿ã«å¤±æ•—ã™ã‚‹ (FAILED - 9)[0m
[31m      æŠ•ç¨¿å¾Œã®ãƒªãƒ€ã‚¤ãƒ¬ã‚¯ãƒˆå…ˆã¯æ­£ã—ã„ã‹ (FAILED - 10)[0m
    bookå‰Šé™¤ã®ãƒ†ã‚¹ãƒˆ
[31m      application.html.erbã«javascript_pack_tagã‚’å«ã‚“ã§ã„ã‚‹ã‹ (FAILED - 11)[0m
[31m      bookã®å‰Šé™¤ (FAILED - 12)[0m
  è©³ç´°ç”»é¢ã®ãƒ†ã‚¹ãƒˆ
    è¡¨ç¤ºã®ç¢ºèª
[31m      æœ¬ã®ã‚¿ã‚¤ãƒˆãƒ«ã¨æ„Ÿæƒ³ãŒç”»é¢ã«è¡¨ç¤ºã•ã‚Œã¦ã„ã‚‹ã“ã¨ (FAILED - 13)[0m
[31m      Editãƒªãƒ³ã‚¯ãŒè¡¨ç¤ºã•ã‚Œã‚‹ (FAILED - 14)[0m
[31m      Backãƒªãƒ³ã‚¯ãŒè¡¨ç¤ºã•ã‚Œã‚‹ (FAILED - 15)[0m
    ãƒªãƒ³ã‚¯ã®é·ç§»å…ˆã®ç¢ºèª
[31m      Editã®é·ç§»å…ˆã¯ç·¨é›†ç”»é¢ã‹ (FAILED - 16)[0m
[31m      Backã®é·ç§»å…ˆã¯ä¸€è¦§ç”»é¢ã‹ (FAILED - 17)[0m
  ç·¨é›†ç”»é¢ã®ãƒ†ã‚¹ãƒˆ
    è¡¨ç¤ºã®ç¢ºèª
[31m      ç·¨é›†å‰ã®ã‚¿ã‚¤ãƒˆãƒ«ã¨æ„Ÿæƒ³ãŒãƒ•ã‚©ãƒ¼ãƒ ã«è¡¨ç¤º(ã‚»ãƒƒãƒˆ)ã•ã‚Œã¦ã„ã‚‹ (FAILED - 18)[0m
[31m      Update Bookãƒœã‚¿ãƒ³ãŒè¡¨ç¤ºã•ã‚Œã‚‹ (FAILED - 19)[0m
[31m      Showãƒªãƒ³ã‚¯ãŒè¡¨ç¤ºã•ã‚Œã‚‹ (FAILED - 20)[0m
[31m      Backãƒªãƒ³ã‚¯ãŒè¡¨ç¤ºã•ã‚Œã‚‹ (FAILED - 21)[0m
    ãƒªãƒ³ã‚¯ã®é·ç§»å…ˆã®ç¢ºèª
[31m      Showã®é·ç§»å…ˆã¯è©³ç´°ç”»é¢ã‹ (FAILED - 22)[0m
[31m      Backã®é·ç§»å…ˆã¯ä¸€è¦§ç”»é¢ã‹ (FAILED - 23)[0m
    æ›´æ–°å‡¦ç†ã«é–¢ã™ã‚‹ãƒ†ã‚¹ãƒˆ
[31m      æ›´æ–°ã«æˆåŠŸã—ã‚µã‚¯ã‚»ã‚¹ãƒ¡ãƒƒã‚»ãƒ¼ã‚¸ãŒè¡¨ç¤ºã•ã‚Œã‚‹ã‹ (FAILED - 24)[0m
[31m      æ›´æ–°ã«å¤±æ•—ã—ã‚¨ãƒ©ãƒ¼ãƒ¡ãƒƒã‚»ãƒ¼ã‚¸ãŒè¡¨ç¤ºã•ã‚Œã‚‹ã‹ (FAILED - 25)[0m
[31m      æ›´æ–°å¾Œã®ãƒªãƒ€ã‚¤ãƒ¬ã‚¯ãƒˆå…ˆã¯æ­£ã—ã„ã‹ (FAILED - 26)[0m

Failures:

  1) Book ãƒ¢ãƒ‡ãƒ«ã«é–¢ã™ã‚‹ãƒ†ã‚¹ãƒˆ titleã‚’ç©ºç™½ã§æŠ•ç¨¿ã—ãŸå ´åˆã«ç”»é¢ã«ã‚¨ãƒ©ãƒ¼ãƒ¡ãƒƒã‚»ãƒ¼ã‚¸ãŒè¡¨ç¤ºã•ã‚Œã¦ã„ã‚‹ã‹ ã‚¨ãƒ©ãƒ¼ãƒ¡ãƒƒã‚»ãƒ¼ã‚¸ã¯æ­£ã—ãè¡¨ç¤ºã•ã‚Œã‚‹ã‹
     [31mFailure/Error: <%= javascript_pack_tag 'application', 'data-turbolinks-track': 'reload' %>[0m
     [31m[0m
     [31mActionView::Template::Error:[0m
     [31m  Webpacker can't find application.js in /home/ec2-user/environment/bookers/public/packs-test/manifest.json. Possible causes:[0m
     [31m  1. You want to set webpacker.yml value of compile to true for your environment[0m
     [31m     unless you are using the `webpack -w` or the webpack-dev-server.[0m
     [31m  2. webpack has not yet re-run to reflect updates.[0m
     [31m  3. You have misconfigured Webpacker's config/webpacker.yml file.[0m
     [31m  4. Your webpack configuration is not creating a manifest.[0m
     [31m  Your manifest contains:[0m
     [31m  {[0m
     [31m  }[0m
     [36m# /home/ec2-user/.rvm/gems/ruby-3.1.2/gems/webpacker-5.4.4/lib/webpacker/manifest.rb:79:in `handle_missing_entry'[0m
     [36m# /home/ec2-user/.rvm/gems/ruby-3.1.2/gems/webpacker-5.4.4/lib/webpacker/manifest.rb:49:in `lookup!'[0m
     [36m# /home/ec2-user/.rvm/gems/ruby-3.1.2/gems/webpacker-5.4.4/lib/webpacker/helper.rb:182:in `block in sources_from_manifest_entries'[0m
     [36m# /home/ec2-user/.rvm/gems/ruby-3.1.2/gems/webpacker-5.4.4/lib/webpacker/helper.rb:182:in `map'[0m
     [36m# /home/ec2-user/.rvm/gems/ruby-3.1.2/gems/webpacker-5.4.4/lib/webpacker/helper.rb:182:in `sources_from_manifest_entries'[0m
     [36m# /home/ec2-user/.rvm/gems/ruby-3.1.2/gems/webpacker-5.4.4/lib/webpacker/helper.rb:81:in `javascript_pack_tag'[0m
     [36m# ./app/views/layouts/application.html.erb:10:in `_app_views_layouts_application_html_erb___4434516088945564820_17920'[0m
     [36m# /home/ec2-user/.rvm/gems/ruby-3.1.2/gems/actiontext-6.1.7.7/lib/action_text/rendering.rb:20:in `with_renderer'[0m
     [36m# /home/ec2-user/.rvm/gems/ruby-3.1.2/gems/actiontext-6.1.7.7/lib/action_text/engine.rb:59:in `block (4 levels) in <class:Engine>'[0m
     [36m# /home/ec2-user/.rvm/gems/ruby-3.1.2/gems/rack-2.2.8.1/lib/rack/tempfile_reaper.rb:15:in `call'[0m
     [36m# /home/ec2-user/.rvm/gems/ruby-3.1.2/gems/rack-2.2.8.1/lib/rack/etag.rb:27:in `call'[0m
     [36m# /home/ec2-user/.rvm/gems/ruby-3.1.2/gems/rack-2.2.8.1/lib/rack/conditional_get.rb:27:in `call'[0m
     [36m# /home/ec2-user/.rvm/gems/ruby-3.1.2/gems/rack-2.2.8.1/lib/rack/head.rb:12:in `call'[0m
     [36m# /home/ec2-user/.rvm/gems/ruby-3.1.2/gems/rack-2.2.8.1/lib/rack/session/abstract/id.rb:266:in `context'[0m
     [36m# /home/ec2-user/.rvm/gems/ruby-3.1.2/gems/rack-2.2.8.1/lib/rack/session/abstract/id.rb:260:in `call'[0m
     [36m# /home/ec2-user/.rvm/gems/ruby-3.1.2/gems/railties-6.1.7.7/lib/rails/rack/logger.rb:37:in `call_app'[0m
     [36m# /home/ec2-user/.rvm/gems/ruby-3.1.2/gems/railties-6.1.7.7/lib/rails/rack/logger.rb:26:in `block in call'[0m
     [36m# /home/ec2-user/.rvm/gems/ruby-3.1.2/gems/railties-6.1.7.7/lib/rails/rack/logger.rb:26:in `call'[0m
     [36m# /home/ec2-user/.rvm/gems/ruby-3.1.2/gems/rack-2.2.8.1/lib/rack/method_override.rb:24:in `call'[0m
     [36m# /home/ec2-user/.rvm/gems/ruby-3.1.2/gems/rack-2.2.8.1/lib/rack/runtime.rb:22:in `call'[0m
     [36m# /home/ec2-user/.rvm/gems/ruby-3.1.2/gems/rack-2.2.8.1/lib/rack/sendfile.rb:110:in `call'[0m
     [36m# /home/ec2-user/.rvm/gems/ruby-3.1.2/gems/railties-6.1.7.7/lib/rails/engine.rb:539:in `call'[0m
     [36m# /home/ec2-user/.rvm/gems/ruby-3.1.2/gems/rack-2.2.8.1/lib/rack/urlmap.rb:74:in `block in call'[0m
     [36m# /home/ec2-user/.rvm/gems/ruby-3.1.2/gems/rack-2.2.8.1/lib/rack/urlmap.rb:58:in `each'[0m
     [36m# /home/ec2-user/.rvm/gems/ruby-3.1.2/gems/rack-2.2.8.1/lib/rack/urlmap.rb:58:in `call'[0m
     [36m# /home/ec2-user/.rvm/gems/ruby-3.1.2/gems/rack-2.2.8.1/lib/rack/builder.rb:244:in `call'[0m
     [36m# /home/ec2-user/.rvm/gems/ruby-3.1.2/gems/rack-test-2.1.0/lib/rack/test.rb:360:in `process_request'[0m
     [36m# /home/ec2-user/.rvm/gems/ruby-3.1.2/gems/rack-test-2.1.0/lib/rack/test.rb:163:in `custom_request'[0m
     [36m# /home/ec2-user/.rvm/gems/ruby-3.1.2/gems/rack-test-2.1.0/lib/rack/test.rb:112:in `get'[0m
     [36m# /home/ec2-user/.rvm/gems/ruby-3.1.2/gems/capybara-3.40.0/lib/capybara/rack_test/browser.rb:81:in `process'[0m
     [36m# /home/ec2-user/.rvm/gems/ruby-3.1.2/gems/capybara-3.40.0/lib/capybara/rack_test/browser.rb:56:in `process_and_follow_redirects'[0m
     [36m# /home/ec2-user/.rvm/gems/ruby-3.1.2/gems/capybara-3.40.0/lib/capybara/rack_test/browser.rb:26:in `visit'[0m
     [36m# /home/ec2-user/.rvm/gems/ruby-3.1.2/gems/capybara-3.40.0/lib/capybara/rack_test/driver.rb:46:in `visit'[0m
     [36m# /home/ec2-user/.rvm/gems/ruby-3.1.2/gems/capybara-3.40.0/lib/capybara/session.rb:281:in `visit'[0m
     [36m# /home/ec2-user/.rvm/gems/ruby-3.1.2/gems/capybara-3.40.0/lib/capybara/dsl.rb:52:in `call'[0m
     [36m# /home/ec2-user/.rvm/gems/ruby-3.1.2/gems/capybara-3.40.0/lib/capybara/dsl.rb:52:in `visit'[0m
     [36m# ./spec/models/book_spec.rb:25:in `block (3 levels) in <top (required)>'[0m
     [36m# ------------------[0m
     [36m# --- Caused by: ---[0m
     [36m# Webpacker::Manifest::MissingEntryError:[0m
     [36m#   Webpacker can't find application.js in /home/ec2-user/environment/bookers/public/packs-test/manifest.json. Possible causes:[0m
     [36m#   1. You want to set webpacker.yml value of compile to true for your environment[0m
     [36m#      unless you are using the `webpack -w` or the webpack-dev-server.[0m
     [36m#   2. webpack has not yet re-run to reflect updates.[0m
     [36m#   3. You have misconfigured Webpacker's config/webpacker.yml file.[0m
     [36m#   4. Your webpack configuration is not creating a manifest.[0m
     [36m#   Your manifest contains:[0m
     [36m#   {[0m
     [36m#   }[0m
     [36m#   /home/ec2-user/.rvm/gems/ruby-3.1.2/gems/webpacker-5.4.4/lib/webpacker/manifest.rb:79:in `handle_missing_entry'[0m

  2) Book ãƒ¢ãƒ‡ãƒ«ã«é–¢ã™ã‚‹ãƒ†ã‚¹ãƒˆ bodyã‚’ç©ºç™½ã§æŠ•ç¨¿ã—ãŸå ´åˆã«ç”»é¢ã«ã‚¨ãƒ©ãƒ¼ãƒ¡ãƒƒã‚»ãƒ¼ã‚¸ãŒè¡¨ç¤ºã•ã‚Œã¦ã„ã‚‹ã‹ ã‚¨ãƒ©ãƒ¼ãƒ¡ãƒƒã‚»ãƒ¼ã‚¸ã¯æ­£ã—ãè¡¨ç¤ºã•ã‚Œã‚‹ã‹
     [31mFailure/Error: <%= javascript_pack_tag 'application', 'data-turbolinks-track': 'reload' %>[0m
     [31m[0m
     [31mActionView::Template::Error:[0m
     [31m  Webpacker can't find application.js in /home/ec2-user/environment/bookers/public/packs-test/manifest.json. Possible causes:[0m
     [31m  1. You want to set webpacker.yml value of compile to true for your environment[0m
     [31m     unless you are using the `webpack -w` or the webpack-dev-server.[0m
     [31m  2. webpack has not yet re-run to reflect updates.[0m
     [31m  3. You have misconfigured Webpacker's config/webpacker.yml file.[0m
     [31m  4. Your webpack configuration is not creating a manifest.[0m
     [31m  Your manifest contains:[0m
     [31m  {[0m
     [31m  }[0m
     [36m# /home/ec2-user/.rvm/gems/ruby-3.1.2/gems/webpacker-5.4.4/lib/webpacker/manifest.rb:79:in `handle_missing_entry'[0m
     [36m# /home/ec2-user/.rvm/gems/ruby-3.1.2/gems/webpacker-5.4.4/lib/webpacker/manifest.rb:49:in `lookup!'[0m
     [36m# /home/ec2-user/.rvm/gems/ruby-3.1.2/gems/webpacker-5.4.4/lib/webpacker/helper.rb:182:in `block in sources_from_manifest_entries'[0m
     [36m# /home/ec2-user/.rvm/gems/ruby-3.1.2/gems/webpacker-5.4.4/lib/webpacker/helper.rb:182:in `map'[0m
     [36m# /home/ec2-user/.rvm/gems/ruby-3.1.2/gems/webpacker-5.4.4/lib/webpacker/helper.rb:182:in `sources_from_manifest_entries'[0m
     [36m# /home/ec2-user/.rvm/gems/ruby-3.1.2/gems/webpacker-5.4.4/lib/webpacker/helper.rb:81:in `javascript_pack_tag'[0m
     [36m# ./app/views/layouts/application.html.erb:10:in `_app_views_layouts_application_html_erb___4434516088945564820_17920'[0m
     [36m# /home/ec2-user/.rvm/gems/ruby-3.1.2/gems/actiontext-6.1.7.7/lib/action_text/rendering.rb:20:in `with_renderer'[0m
     [36m# /home/ec2-user/.rvm/gems/ruby-3.1.2/gems/actiontext-6.1.7.7/lib/action_text/engine.rb:59:in `block (4 levels) in <class:Engine>'[0m
     [36m# /home/ec2-user/.rvm/gems/ruby-3.1.2/gems/rack-2.2.8.1/lib/rack/tempfile_reaper.rb:15:in `call'[0m
     [36m# /home/ec2-user/.rvm/gems/ruby-3.1.2/gems/rack-2.2.8.1/lib/rack/etag.rb:27:in `call'[0m
     [36m# /home/ec2-user/.rvm/gems/ruby-3.1.2/gems/rack-2.2.8.1/lib/rack/conditional_get.rb:27:in `call'[0m
     [36m# /home/ec2-user/.rvm/gems/ruby-3.1.2/gems/rack-2.2.8.1/lib/rack/head.rb:12:in `call'[0m
     [36m# /home/ec2-user/.rvm/gems/ruby-3.1.2/gems/rack-2.2.8.1/lib/rack/session/abstract/id.rb:266:in `context'[0m
     [36m# /home/ec2-user/.rvm/gems/ruby-3.1.2/gems/rack-2.2.8.1/lib/rack/session/abstract/id.rb:260:in `call'[0m
     [36m# /home/ec2-user/.rvm/gems/ruby-3.1.2/gems/railties-6.1.7.7/lib/rails/rack/logger.rb:37:in `call_app'[0m
     [36m# /home/ec2-user/.rvm/gems/ruby-3.1.2/gems/railties-6.1.7.7/lib/rails/rack/logger.rb:26:in `block in call'[0m
     [36m# /home/ec2-user/.rvm/gems/ruby-3.1.2/gems/railties-6.1.7.7/lib/rails/rack/logger.rb:26:in `call'[0m
     [36m# /home/ec2-user/.rvm/gems/ruby-3.1.2/gems/rack-2.2.8.1/lib/rack/method_override.rb:24:in `call'[0m
     [36m# /home/ec2-user/.rvm/gems/ruby-3.1.2/gems/rack-2.2.8.1/lib/rack/runtime.rb:22:in `call'[0m
     [36m# /home/ec2-user/.rvm/gems/ruby-3.1.2/gems/rack-2.2.8.1/lib/rack/sendfile.rb:110:in `call'[0m
     [36m# /home/ec2-user/.rvm/gems/ruby-3.1.2/gems/railties-6.1.7.7/lib/rails/engine.rb:539:in `call'[0m
     [36m# /home/ec2-user/.rvm/gems/ruby-3.1.2/gems/rack-2.2.8.1/lib/rack/urlmap.rb:74:in `block in call'[0m
     [36m# /home/ec2-user/.rvm/gems/ruby-3.1.2/gems/rack-2.2.8.1/lib/rack/urlmap.rb:58:in `each'[0m
     [36m# /home/ec2-user/.rvm/gems/ruby-3.1.2/gems/rack-2.2.8.1/lib/rack/urlmap.rb:58:in `call'[0m
     [36m# /home/ec2-user/.rvm/gems/ruby-3.1.2/gems/rack-2.2.8.1/lib/rack/builder.rb:244:in `call'[0m
     [36m# /home/ec2-user/.rvm/gems/ruby-3.1.2/gems/rack-test-2.1.0/lib/rack/test.rb:360:in `process_request'[0m
     [36m# /home/ec2-user/.rvm/gems/ruby-3.1.2/gems/rack-test-2.1.0/lib/rack/test.rb:163:in `custom_request'[0m
     [36m# /home/ec2-user/.rvm/gems/ruby-3.1.2/gems/rack-test-2.1.0/lib/rack/test.rb:112:in `get'[0m
     [36m# /home/ec2-user/.rvm/gems/ruby-3.1.2/gems/capybara-3.40.0/lib/capybara/rack_test/browser.rb:81:in `process'[0m
     [36m# /home/ec2-user/.rvm/gems/ruby-3.1.2/gems/capybara-3.40.0/lib/capybara/rack_test/browser.rb:56:in `process_and_follow_redirects'[0m
     [36m# /home/ec2-user/.rvm/gems/ruby-3.1.2/gems/capybara-3.40.0/lib/capybara/rack_test/browser.rb:26:in `visit'[0m
     [36m# /home/ec2-user/.rvm/gems/ruby-3.1.2/gems/capybara-3.40.0/lib/capybara/rack_test/driver.rb:46:in `visit'[0m
     [36m# /home/ec2-user/.rvm/gems/ruby-3.1.2/gems/capybara-3.40.0/lib/capybara/session.rb:281:in `visit'[0m
     [36m# /home/ec2-user/.rvm/gems/ruby-3.1.2/gems/capybara-3.40.0/lib/capybara/dsl.rb:52:in `call'[0m
     [36m# /home/ec2-user/.rvm/gems/ruby-3.1.2/gems/capybara-3.40.0/lib/capybara/dsl.rb:52:in `visit'[0m
     [36m# ./spec/models/book_spec.rb:35:in `block (3 levels) in <top (required)>'[0m
     [36m# ------------------[0m
     [36m# --- Caused by: ---[0m
     [36m# Webpacker::Manifest::MissingEntryError:[0m
     [36m#   Webpacker can't find application.js in /home/ec2-user/environment/bookers/public/packs-test/manifest.json. Possible causes:[0m
     [36m#   1. You want to set webpacker.yml value of compile to true for your environment[0m
     [36m#      unless you are using the `webpack -w` or the webpack-dev-server.[0m
     [36m#   2. webpack has not yet re-run to reflect updates.[0m
     [36m#   3. You have misconfigured Webpacker's config/webpacker.yml file.[0m
     [36m#   4. Your webpack configuration is not creating a manifest.[0m
     [36m#   Your manifest contains:[0m
     [36m#   {[0m
     [36m#   }[0m
     [36m#   /home/ec2-user/.rvm/gems/ruby-3.1.2/gems/webpacker-5.4.4/lib/webpacker/manifest.rb:79:in `handle_missing_entry'[0m

  3) æŠ•ç¨¿ã®ãƒ†ã‚¹ãƒˆ ãƒˆãƒƒãƒ—ç”»é¢(root_path)ã®ãƒ†ã‚¹ãƒˆ è¡¨ç¤ºã®ç¢ºèª ãƒˆãƒƒãƒ—ç”»é¢(root_path)ã«ä¸€è¦§ãƒšãƒ¼ã‚¸ã¸ã®ãƒªãƒ³ã‚¯ãŒè¡¨ç¤ºã•ã‚Œã¦ã„ã‚‹ã‹
     [31mFailure/Error: visit root_path[0m
     [31m[0m
     [31mNameError:[0m
     [31m  undefined local variable or method `root_path' for #<RSpec::ExampleGroups::Nested::RootPath::Nested "ãƒˆãƒƒãƒ—ç”»é¢(root_path)ã«ä¸€è¦§ãƒšãƒ¼ã‚¸ã¸ã®ãƒªãƒ³ã‚¯ãŒè¡¨ç¤ºã•ã‚Œã¦ã„ã‚‹ã‹" (./spec/system/books_spec.rb:10)>[0m
     [36m# ./spec/system/books_spec.rb:7:in `block (3 levels) in <main>'[0m

  4) æŠ•ç¨¿ã®ãƒ†ã‚¹ãƒˆ ãƒˆãƒƒãƒ—ç”»é¢(root_path)ã®ãƒ†ã‚¹ãƒˆ è¡¨ç¤ºã®ç¢ºèª root_pathãŒ"/"ã§ã‚ã‚‹ã‹
     [31mFailure/Error: visit root_path[0m
     [31m[0m
     [31mNameError:[0m
     [31m  undefined local variable or method `root_path' for #<RSpec::ExampleGroups::Nested::RootPath::Nested "root_pathãŒ"/"ã§ã‚ã‚‹ã‹" (./spec/system/books_spec.rb:13)>[0m
     [36m# ./spec/system/books_spec.rb:7:in `block (3 levels) in <main>'[0m

  5) æŠ•ç¨¿ã®ãƒ†ã‚¹ãƒˆ ä¸€è¦§ç”»é¢ã®ãƒ†ã‚¹ãƒˆ ä¸€è¦§ã®è¡¨ç¤ºã¨ãƒªãƒ³ã‚¯ã®ç¢ºèª bookã®ä¸€è¦§è¡¨ç¤º(tableã‚¿ã‚°)ã¨æŠ•ç¨¿ãƒ•ã‚©ãƒ¼ãƒ ãŒåŒä¸€ç”»é¢ã«è¡¨ç¤ºã•ã‚Œã¦ã„ã‚‹ã‹
     [31mFailure/Error: <%= javascript_pack_tag 'application', 'data-turbolinks-track': 'reload' %>[0m
     [31m[0m
     [31mActionView::Template::Error:[0m
     [31m  Webpacker can't find application.js in /home/ec2-user/environment/bookers/public/packs-test/manifest.json. Possible causes:[0m
     [31m  1. You want to set webpacker.yml value of compile to true for your environment[0m
     [31m     unless you are using the `webpack -w` or the webpack-dev-server.[0m
     [31m  2. webpack has not yet re-run to reflect updates.[0m
     [31m  3. You have misconfigured Webpacker's config/webpacker.yml file.[0m
     [31m  4. Your webpack configuration is not creating a manifest.[0m
     [31m  Your manifest contains:[0m
     [31m  {[0m
     [31m  }[0m
     [36m# /home/ec2-user/.rvm/gems/ruby-3.1.2/gems/webpacker-5.4.4/lib/webpacker/manifest.rb:79:in `handle_missing_entry'[0m
     [36m# /home/ec2-user/.rvm/gems/ruby-3.1.2/gems/webpacker-5.4.4/lib/webpacker/manifest.rb:49:in `lookup!'[0m
     [36m# /home/ec2-user/.rvm/gems/ruby-3.1.2/gems/webpacker-5.4.4/lib/webpacker/helper.rb:182:in `block in sources_from_manifest_entries'[0m
     [36m# /home/ec2-user/.rvm/gems/ruby-3.1.2/gems/webpacker-5.4.4/lib/webpacker/helper.rb:182:in `map'[0m
     [36m# /home/ec2-user/.rvm/gems/ruby-3.1.2/gems/webpacker-5.4.4/lib/webpacker/helper.rb:182:in `sources_from_manifest_entries'[0m
     [36m# /home/ec2-user/.rvm/gems/ruby-3.1.2/gems/webpacker-5.4.4/lib/webpacker/helper.rb:81:in `javascript_pack_tag'[0m
     [36m# ./app/views/layouts/application.html.erb:10:in `_app_views_layouts_application_html_erb___4434516088945564820_17920'[0m
     [36m# /home/ec2-user/.rvm/gems/ruby-3.1.2/gems/actiontext-6.1.7.7/lib/action_text/rendering.rb:20:in `with_renderer'[0m
     [36m# /home/ec2-user/.rvm/gems/ruby-3.1.2/gems/actiontext-6.1.7.7/lib/action_text/engine.rb:59:in `block (4 levels) in <class:Engine>'[0m
     [36m# /home/ec2-user/.rvm/gems/ruby-3.1.2/gems/rack-2.2.8.1/lib/rack/tempfile_reaper.rb:15:in `call'[0m
     [36m# /home/ec2-user/.rvm/gems/ruby-3.1.2/gems/rack-2.2.8.1/lib/rack/etag.rb:27:in `call'[0m
     [36m# /home/ec2-user/.rvm/gems/ruby-3.1.2/gems/rack-2.2.8.1/lib/rack/conditional_get.rb:27:in `call'[0m
     [36m# /home/ec2-user/.rvm/gems/ruby-3.1.2/gems/rack-2.2.8.1/lib/rack/head.rb:12:in `call'[0m
     [36m# /home/ec2-user/.rvm/gems/ruby-3.1.2/gems/rack-2.2.8.1/lib/rack/session/abstract/id.rb:266:in `context'[0m
     [36m# /home/ec2-user/.rvm/gems/ruby-3.1.2/gems/rack-2.2.8.1/lib/rack/session/abstract/id.rb:260:in `call'[0m
     [36m# /home/ec2-user/.rvm/gems/ruby-3.1.2/gems/railties-6.1.7.7/lib/rails/rack/logger.rb:37:in `call_app'[0m
     [36m# /home/ec2-user/.rvm/gems/ruby-3.1.2/gems/railties-6.1.7.7/lib/rails/rack/logger.rb:26:in `block in call'[0m
     [36m# /home/ec2-user/.rvm/gems/ruby-3.1.2/gems/railties-6.1.7.7/lib/rails/rack/logger.rb:26:in `call'[0m
     [36m# /home/ec2-user/.rvm/gems/ruby-3.1.2/gems/rack-2.2.8.1/lib/rack/method_override.rb:24:in `call'[0m
     [36m# /home/ec2-user/.rvm/gems/ruby-3.1.2/gems/rack-2.2.8.1/lib/rack/runtime.rb:22:in `call'[0m
     [36m# /home/ec2-user/.rvm/gems/ruby-3.1.2/gems/rack-2.2.8.1/lib/rack/sendfile.rb:110:in `call'[0m
     [36m# /home/ec2-user/.rvm/gems/ruby-3.1.2/gems/railties-6.1.7.7/lib/rails/engine.rb:539:in `call'[0m
     [36m# /home/ec2-user/.rvm/gems/ruby-3.1.2/gems/rack-2.2.8.1/lib/rack/urlmap.rb:74:in `block in call'[0m
     [36m# /home/ec2-user/.rvm/gems/ruby-3.1.2/gems/rack-2.2.8.1/lib/rack/urlmap.rb:58:in `each'[0m
     [36m# /home/ec2-user/.rvm/gems/ruby-3.1.2/gems/rack-2.2.8.1/lib/rack/urlmap.rb:58:in `call'[0m
     [36m# /home/ec2-user/.rvm/gems/ruby-3.1.2/gems/rack-2.2.8.1/lib/rack/builder.rb:244:in `call'[0m
     [36m# /home/ec2-user/.rvm/gems/ruby-3.1.2/gems/rack-test-2.1.0/lib/rack/test.rb:360:in `process_request'[0m
     [36m# /home/ec2-user/.rvm/gems/ruby-3.1.2/gems/rack-test-2.1.0/lib/rack/test.rb:163:in `custom_request'[0m
     [36m# /home/ec2-user/.rvm/gems/ruby-3.1.2/gems/rack-test-2.1.0/lib/rack/test.rb:112:in `get'[0m
     [36m# /home/ec2-user/.rvm/gems/ruby-3.1.2/gems/capybara-3.40.0/lib/capybara/rack_test/browser.rb:81:in `process'[0m
     [36m# /home/ec2-user/.rvm/gems/ruby-3.1.2/gems/capybara-3.40.0/lib/capybara/rack_test/browser.rb:56:in `process_and_follow_redirects'[0m
     [36m# /home/ec2-user/.rvm/gems/ruby-3.1.2/gems/capybara-3.40.0/lib/capybara/rack_test/browser.rb:26:in `visit'[0m
     [36m# /home/ec2-user/.rvm/gems/ruby-3.1.2/gems/capybara-3.40.0/lib/capybara/rack_test/driver.rb:46:in `visit'[0m
     [36m# /home/ec2-user/.rvm/gems/ruby-3.1.2/gems/capybara-3.40.0/lib/capybara/session.rb:281:in `visit'[0m
     [36m# /home/ec2-user/.rvm/gems/ruby-3.1.2/gems/capybara-3.40.0/lib/capybara/dsl.rb:52:in `call'[0m
     [36m# /home/ec2-user/.rvm/gems/ruby-3.1.2/gems/capybara-3.40.0/lib/capybara/dsl.rb:52:in `visit'[0m
     [36m# ./spec/system/books_spec.rb:20:in `block (3 levels) in <main>'[0m
     [36m# ------------------[0m
     [36m# --- Caused by: ---[0m
     [36m# Webpacker::Manifest::MissingEntryError:[0m
     [36m#   Webpacker can't find application.js in /home/ec2-user/environment/bookers/public/packs-test/manifest.json. Possible causes:[0m
     [36m#   1. You want to set webpacker.yml value of compile to true for your environment[0m
     [36m#      unless you are using the `webpack -w` or the webpack-dev-server.[0m
     [36m#   2. webpack has not yet re-run to reflect updates.[0m
     [36m#   3. You have misconfigured Webpacker's config/webpacker.yml file.[0m
     [36m#   4. Your webpack configuration is not creating a manifest.[0m
     [36m#   Your manifest contains:[0m
     [36m#   {[0m
     [36m#   }[0m
     [36m#   /home/ec2-user/.rvm/gems/ruby-3.1.2/gems/webpacker-5.4.4/lib/webpacker/manifest.rb:79:in `handle_missing_entry'[0m

  6) æŠ•ç¨¿ã®ãƒ†ã‚¹ãƒˆ ä¸€è¦§ç”»é¢ã®ãƒ†ã‚¹ãƒˆ ä¸€è¦§ã®è¡¨ç¤ºã¨ãƒªãƒ³ã‚¯ã®ç¢ºèª bookã®ã‚¿ã‚¤ãƒˆãƒ«ã¨æ„Ÿæƒ³ã‚’è¡¨ç¤ºã—ã€è©³ç´°ãƒ»ç·¨é›†ãƒ»å‰Šé™¤ã®ãƒªãƒ³ã‚¯ãŒè¡¨ç¤ºã•ã‚Œã¦ã„ã‚‹ã‹
     [31mFailure/Error: <%= javascript_pack_tag 'application', 'data-turbolinks-track': 'reload' %>[0m
     [31m[0m
     [31mActionView::Template::Error:[0m
     [31m  Webpacker can't find application.js in /home/ec2-user/environment/bookers/public/packs-test/manifest.json. Possible causes:[0m
     [31m  1. You want to set webpacker.yml value of compile to true for your environment[0m
     [31m     unless you are using the `webpack -w` or the webpack-dev-server.[0m
     [31m  2. webpack has not yet re-run to reflect updates.[0m
     [31m  3. You have misconfigured Webpacker's config/webpacker.yml file.[0m
     [31m  4. Your webpack configuration is not creating a manifest.[0m
     [31m  Your manifest contains:[0m
     [31m  {[0m
     [31m  }[0m
     [36m# /home/ec2-user/.rvm/gems/ruby-3.1.2/gems/webpacker-5.4.4/lib/webpacker/manifest.rb:79:in `handle_missing_entry'[0m
     [36m# /home/ec2-user/.rvm/gems/ruby-3.1.2/gems/webpacker-5.4.4/lib/webpacker/manifest.rb:49:in `lookup!'[0m
     [36m# /home/ec2-user/.rvm/gems/ruby-3.1.2/gems/webpacker-5.4.4/lib/webpacker/helper.rb:182:in `block in sources_from_manifest_entries'[0m
     [36m# /home/ec2-user/.rvm/gems/ruby-3.1.2/gems/webpacker-5.4.4/lib/webpacker/helper.rb:182:in `map'[0m
     [36m# /home/ec2-user/.rvm/gems/ruby-3.1.2/gems/webpacker-5.4.4/lib/webpacker/helper.rb:182:in `sources_from_manifest_entries'[0m
     [36m# /home/ec2-user/.rvm/gems/ruby-3.1.2/gems/webpacker-5.4.4/lib/webpacker/helper.rb:81:in `javascript_pack_tag'[0m
     [36m# ./app/views/layouts/application.html.erb:10:in `_app_views_layouts_application_html_erb___4434516088945564820_17920'[0m
     [36m# /home/ec2-user/.rvm/gems/ruby-3.1.2/gems/actiontext-6.1.7.7/lib/action_text/rendering.rb:20:in `with_renderer'[0m
     [36m# /home/ec2-user/.rvm/gems/ruby-3.1.2/gems/actiontext-6.1.7.7/lib/action_text/engine.rb:59:in `block (4 levels) in <class:Engine>'[0m
     [36m# /home/ec2-user/.rvm/gems/ruby-3.1.2/gems/rack-2.2.8.1/lib/rack/tempfile_reaper.rb:15:in `call'[0m
     [36m# /home/ec2-user/.rvm/gems/ruby-3.1.2/gems/rack-2.2.8.1/lib/rack/etag.rb:27:in `call'[0m
     [36m# /home/ec2-user/.rvm/gems/ruby-3.1.2/gems/rack-2.2.8.1/lib/rack/conditional_get.rb:27:in `call'[0m
     [36m# /home/ec2-user/.rvm/gems/ruby-3.1.2/gems/rack-2.2.8.1/lib/rack/head.rb:12:in `call'[0m
     [36m# /home/ec2-user/.rvm/gems/ruby-3.1.2/gems/rack-2.2.8.1/lib/rack/session/abstract/id.rb:266:in `context'[0m
     [36m# /home/ec2-user/.rvm/gems/ruby-3.1.2/gems/rack-2.2.8.1/lib/rack/session/abstract/id.rb:260:in `call'[0m
     [36m# /home/ec2-user/.rvm/gems/ruby-3.1.2/gems/railties-6.1.7.7/lib/rails/rack/logger.rb:37:in `call_app'[0m
     [36m# /home/ec2-user/.rvm/gems/ruby-3.1.2/gems/railties-6.1.7.7/lib/rails/rack/logger.rb:26:in `block in call'[0m
     [36m# /home/ec2-user/.rvm/gems/ruby-3.1.2/gems/railties-6.1.7.7/lib/rails/rack/logger.rb:26:in `call'[0m
     [36m# /home/ec2-user/.rvm/gems/ruby-3.1.2/gems/rack-2.2.8.1/lib/rack/method_override.rb:24:in `call'[0m
     [36m# /home/ec2-user/.rvm/gems/ruby-3.1.2/gems/rack-2.2.8.1/lib/rack/runtime.rb:22:in `call'[0m
     [36m# /home/ec2-user/.rvm/gems/ruby-3.1.2/gems/rack-2.2.8.1/lib/rack/sendfile.rb:110:in `call'[0m
     [36m# /home/ec2-user/.rvm/gems/ruby-3.1.2/gems/railties-6.1.7.7/lib/rails/engine.rb:539:in `call'[0m
     [36m# /home/ec2-user/.rvm/gems/ruby-3.1.2/gems/rack-2.2.8.1/lib/rack/urlmap.rb:74:in `block in call'[0m
     [36m# /home/ec2-user/.rvm/gems/ruby-3.1.2/gems/rack-2.2.8.1/lib/rack/urlmap.rb:58:in `each'[0m
     [36m# /home/ec2-user/.rvm/gems/ruby-3.1.2/gems/rack-2.2.8.1/lib/rack/urlmap.rb:58:in `call'[0m
     [36m# /home/ec2-user/.rvm/gems/ruby-3.1.2/gems/rack-2.2.8.1/lib/rack/builder.rb:244:in `call'[0m
     [36m# /home/ec2-user/.rvm/gems/ruby-3.1.2/gems/rack-test-2.1.0/lib/rack/test.rb:360:in `process_request'[0m
     [36m# /home/ec2-user/.rvm/gems/ruby-3.1.2/gems/rack-test-2.1.0/lib/rack/test.rb:163:in `custom_request'[0m
     [36m# /home/ec2-user/.rvm/gems/ruby-3.1.2/gems/rack-test-2.1.0/lib/rack/test.rb:112:in `get'[0m
     [36m# /home/ec2-user/.rvm/gems/ruby-3.1.2/gems/capybara-3.40.0/lib/capybara/rack_test/browser.rb:81:in `process'[0m
     [36m# /home/ec2-user/.rvm/gems/ruby-3.1.2/gems/capybara-3.40.0/lib/capybara/rack_test/browser.rb:56:in `process_and_follow_redirects'[0m
     [36m# /home/ec2-user/.rvm/gems/ruby-3.1.2/gems/capybara-3.40.0/lib/capybara/rack_test/browser.rb:26:in `visit'[0m
     [36m# /home/ec2-user/.rvm/gems/ruby-3.1.2/gems/capybara-3.40.0/lib/capybara/rack_test/driver.rb:46:in `visit'[0m
     [36m# /home/ec2-user/.rvm/gems/ruby-3.1.2/gems/capybara-3.40.0/lib/capybara/session.rb:281:in `visit'[0m
     [36m# /home/ec2-user/.rvm/gems/ruby-3.1.2/gems/capybara-3.40.0/lib/capybara/dsl.rb:52:in `call'[0m
     [36m# /home/ec2-user/.rvm/gems/ruby-3.1.2/gems/capybara-3.40.0/lib/capybara/dsl.rb:52:in `visit'[0m
     [36m# ./spec/system/books_spec.rb:20:in `block (3 levels) in <main>'[0m
     [36m# ------------------[0m
     [36m# --- Caused by: ---[0m
     [36m# Webpacker::Manifest::MissingEntryError:[0m
     [36m#   Webpacker can't find application.js in /home/ec2-user/environment/bookers/public/packs-test/manifest.json. Possible causes:[0m
     [36m#   1. You want to set webpacker.yml value of compile to true for your environment[0m
     [36m#      unless you are using the `webpack -w` or the webpack-dev-server.[0m
     [36m#   2. webpack has not yet re-run to reflect updates.[0m
     [36m#   3. You have misconfigured Webpacker's config/webpacker.yml file.[0m
     [36m#   4. Your webpack configuration is not creating a manifest.[0m
     [36m#   Your manifest contains:[0m
     [36m#   {[0m
     [36m#   }[0m
     [36m#   /home/ec2-user/.rvm/gems/ruby-3.1.2/gems/webpacker-5.4.4/lib/webpacker/manifest.rb:79:in `handle_missing_entry'[0m

  7) æŠ•ç¨¿ã®ãƒ†ã‚¹ãƒˆ ä¸€è¦§ç”»é¢ã®ãƒ†ã‚¹ãƒˆ ä¸€è¦§ã®è¡¨ç¤ºã¨ãƒªãƒ³ã‚¯ã®ç¢ºèª Create Bookãƒœã‚¿ãƒ³ãŒè¡¨ç¤ºã•ã‚Œã‚‹
     [31mFailure/Error: <%= javascript_pack_tag 'application', 'data-turbolinks-track': 'reload' %>[0m
     [31m[0m
     [31mActionView::Template::Error:[0m
     [31m  Webpacker can't find application.js in /home/ec2-user/environment/bookers/public/packs-test/manifest.json. Possible causes:[0m
     [31m  1. You want to set webpacker.yml value of compile to true for your environment[0m
     [31m     unless you are using the `webpack -w` or the webpack-dev-server.[0m
     [31m  2. webpack has not yet re-run to reflect updates.[0m
     [31m  3. You have misconfigured Webpacker's config/webpacker.yml file.[0m
     [31m  4. Your webpack configuration is not creating a manifest.[0m
     [31m  Your manifest contains:[0m
     [31m  {[0m
     [31m  }[0m
     [36m# /home/ec2-user/.rvm/gems/ruby-3.1.2/gems/webpacker-5.4.4/lib/webpacker/manifest.rb:79:in `handle_missing_entry'[0m
     [36m# /home/ec2-user/.rvm/gems/ruby-3.1.2/gems/webpacker-5.4.4/lib/webpacker/manifest.rb:49:in `lookup!'[0m
     [36m# /home/ec2-user/.rvm/gems/ruby-3.1.2/gems/webpacker-5.4.4/lib/webpacker/helper.rb:182:in `block in sources_from_manifest_entries'[0m
     [36m# /home/ec2-user/.rvm/gems/ruby-3.1.2/gems/webpacker-5.4.4/lib/webpacker/helper.rb:182:in `map'[0m
     [36m# /home/ec2-user/.rvm/gems/ruby-3.1.2/gems/webpacker-5.4.4/lib/webpacker/helper.rb:182:in `sources_from_manifest_entries'[0m
     [36m# /home/ec2-user/.rvm/gems/ruby-3.1.2/gems/webpacker-5.4.4/lib/webpacker/helper.rb:81:in `javascript_pack_tag'[0m
     [36m# ./app/views/layouts/application.html.erb:10:in `_app_views_layouts_application_html_erb___4434516088945564820_17920'[0m
     [36m# /home/ec2-user/.rvm/gems/ruby-3.1.2/gems/actiontext-6.1.7.7/lib/action_text/rendering.rb:20:in `with_renderer'[0m
     [36m# /home/ec2-user/.rvm/gems/ruby-3.1.2/gems/actiontext-6.1.7.7/lib/action_text/engine.rb:59:in `block (4 levels) in <class:Engine>'[0m
     [36m# /home/ec2-user/.rvm/gems/ruby-3.1.2/gems/rack-2.2.8.1/lib/rack/tempfile_reaper.rb:15:in `call'[0m
     [36m# /home/ec2-user/.rvm/gems/ruby-3.1.2/gems/rack-2.2.8.1/lib/rack/etag.rb:27:in `call'[0m
     [36m# /home/ec2-user/.rvm/gems/ruby-3.1.2/gems/rack-2.2.8.1/lib/rack/conditional_get.rb:27:in `call'[0m
     [36m# /home/ec2-user/.rvm/gems/ruby-3.1.2/gems/rack-2.2.8.1/lib/rack/head.rb:12:in `call'[0m
     [36m# /home/ec2-user/.rvm/gems/ruby-3.1.2/gems/rack-2.2.8.1/lib/rack/session/abstract/id.rb:266:in `context'[0m
     [36m# /home/ec2-user/.rvm/gems/ruby-3.1.2/gems/rack-2.2.8.1/lib/rack/session/abstract/id.rb:260:in `call'[0m
     [36m# /home/ec2-user/.rvm/gems/ruby-3.1.2/gems/railties-6.1.7.7/lib/rails/rack/logger.rb:37:in `call_app'[0m
     [36m# /home/ec2-user/.rvm/gems/ruby-3.1.2/gems/railties-6.1.7.7/lib/rails/rack/logger.rb:26:in `block in call'[0m
     [36m# /home/ec2-user/.rvm/gems/ruby-3.1.2/gems/railties-6.1.7.7/lib/rails/rack/logger.rb:26:in `call'[0m
     [36m# /home/ec2-user/.rvm/gems/ruby-3.1.2/gems/rack-2.2.8.1/lib/rack/method_override.rb:24:in `call'[0m
     [36m# /home/ec2-user/.rvm/gems/ruby-3.1.2/gems/rack-2.2.8.1/lib/rack/runtime.rb:22:in `call'[0m
     [36m# /home/ec2-user/.rvm/gems/ruby-3.1.2/gems/rack-2.2.8.1/lib/rack/sendfile.rb:110:in `call'[0m
     [36m# /home/ec2-user/.rvm/gems/ruby-3.1.2/gems/railties-6.1.7.7/lib/rails/engine.rb:539:in `call'[0m
     [36m# /home/ec2-user/.rvm/gems/ruby-3.1.2/gems/rack-2.2.8.1/lib/rack/urlmap.rb:74:in `block in call'[0m
     [36m# /home/ec2-user/.rvm/gems/ruby-3.1.2/gems/rack-2.2.8.1/lib/rack/urlmap.rb:58:in `each'[0m
     [36m# /home/ec2-user/.rvm/gems/ruby-3.1.2/gems/rack-2.2.8.1/lib/rack/urlmap.rb:58:in `call'[0m
     [36m# /home/ec2-user/.rvm/gems/ruby-3.1.2/gems/rack-2.2.8.1/lib/rack/builder.rb:244:in `call'[0m
     [36m# /home/ec2-user/.rvm/gems/ruby-3.1.2/gems/rack-test-2.1.0/lib/rack/test.rb:360:in `process_request'[0m
     [36m# /home/ec2-user/.rvm/gems/ruby-3.1.2/gems/rack-test-2.1.0/lib/rack/test.rb:163:in `custom_request'[0m
     [36m# /home/ec2-user/.rvm/gems/ruby-3.1.2/gems/rack-test-2.1.0/lib/rack/test.rb:112:in `get'[0m
     [36m# /home/ec2-user/.rvm/gems/ruby-3.1.2/gems/capybara-3.40.0/lib/capybara/rack_test/browser.rb:81:in `process'[0m
     [36m# /home/ec2-user/.rvm/gems/ruby-3.1.2/gems/capybara-3.40.0/lib/capybara/rack_test/browser.rb:56:in `process_and_follow_redirects'[0m
     [36m# /home/ec2-user/.rvm/gems/ruby-3.1.2/gems/capybara-3.40.0/lib/capybara/rack_test/browser.rb:26:in `visit'[0m
     [36m# /home/ec2-user/.rvm/gems/ruby-3.1.2/gems/capybara-3.40.0/lib/capybara/rack_test/driver.rb:46:in `visit'[0m
     [36m# /home/ec2-user/.rvm/gems/ruby-3.1.2/gems/capybara-3.40.0/lib/capybara/session.rb:281:in `visit'[0m
     [36m# /home/ec2-user/.rvm/gems/ruby-3.1.2/gems/capybara-3.40.0/lib/capybara/dsl.rb:52:in `call'[0m
     [36m# /home/ec2-user/.rvm/gems/ruby-3.1.2/gems/capybara-3.40.0/lib/capybara/dsl.rb:52:in `visit'[0m
     [36m# ./spec/system/books_spec.rb:20:in `block (3 levels) in <main>'[0m
     [36m# ------------------[0m
     [36m# --- Caused by: ---[0m
     [36m# Webpacker::Manifest::MissingEntryError:[0m
     [36m#   Webpacker can't find application.js in /home/ec2-user/environment/bookers/public/packs-test/manifest.json. Possible causes:[0m
     [36m#   1. You want to set webpacker.yml value of compile to true for your environment[0m
     [36m#      unless you are using the `webpack -w` or the webpack-dev-server.[0m
     [36m#   2. webpack has not yet re-run to reflect updates.[0m
     [36m#   3. You have misconfigured Webpacker's config/webpacker.yml file.[0m
     [36m#   4. Your webpack configuration is not creating a manifest.[0m
     [36m#   Your manifest contains:[0m
     [36m#   {[0m
     [36m#   }[0m
     [36m#   /home/ec2-user/.rvm/gems/ruby-3.1.2/gems/webpacker-5.4.4/lib/webpacker/manifest.rb:79:in `handle_missing_entry'[0m

  8) æŠ•ç¨¿ã®ãƒ†ã‚¹ãƒˆ ä¸€è¦§ç”»é¢ã®ãƒ†ã‚¹ãƒˆ æŠ•ç¨¿å‡¦ç†ã«é–¢ã™ã‚‹ãƒ†ã‚¹ãƒˆ æŠ•ç¨¿ã«æˆåŠŸã—ã‚µã‚¯ã‚»ã‚¹ãƒ¡ãƒƒã‚»ãƒ¼ã‚¸ãŒè¡¨ç¤ºã•ã‚Œã‚‹ã‹
     [31mFailure/Error: <%= javascript_pack_tag 'application', 'data-turbolinks-track': 'reload' %>[0m
     [31m[0m
     [31mActionView::Template::Error:[0m
     [31m  Webpacker can't find application.js in /home/ec2-user/environment/bookers/public/packs-test/manifest.json. Possible causes:[0m
     [31m  1. You want to set webpacker.yml value of compile to true for your environment[0m
     [31m     unless you are using the `webpack -w` or the webpack-dev-server.[0m
     [31m  2. webpack has not yet re-run to reflect updates.[0m
     [31m  3. You have misconfigured Webpacker's config/webpacker.yml file.[0m
     [31m  4. Your webpack configuration is not creating a manifest.[0m
     [31m  Your manifest contains:[0m
     [31m  {[0m
     [31m  }[0m
     [36m# /home/ec2-user/.rvm/gems/ruby-3.1.2/gems/webpacker-5.4.4/lib/webpacker/manifest.rb:79:in `handle_missing_entry'[0m
     [36m# /home/ec2-user/.rvm/gems/ruby-3.1.2/gems/webpacker-5.4.4/lib/webpacker/manifest.rb:49:in `lookup!'[0m
     [36m# /home/ec2-user/.rvm/gems/ruby-3.1.2/gems/webpacker-5.4.4/lib/webpacker/helper.rb:182:in `block in sources_from_manifest_entries'[0m
     [36m# /home/ec2-user/.rvm/gems/ruby-3.1.2/gems/webpacker-5.4.4/lib/webpacker/helper.rb:182:in `map'[0m
     [36m# /home/ec2-user/.rvm/gems/ruby-3.1.2/gems/webpacker-5.4.4/lib/webpacker/helper.rb:182:in `sources_from_manifest_entries'[0m
     [36m# /home/ec2-user/.rvm/gems/ruby-3.1.2/gems/webpacker-5.4.4/lib/webpacker/helper.rb:81:in `javascript_pack_tag'[0m
     [36m# ./app/views/layouts/application.html.erb:10:in `_app_views_layouts_application_html_erb___4434516088945564820_17920'[0m
     [36m# /home/ec2-user/.rvm/gems/ruby-3.1.2/gems/actiontext-6.1.7.7/lib/action_text/rendering.rb:20:in `with_renderer'[0m
     [36m# /home/ec2-user/.rvm/gems/ruby-3.1.2/gems/actiontext-6.1.7.7/lib/action_text/engine.rb:59:in `block (4 levels) in <class:Engine>'[0m
     [36m# /home/ec2-user/.rvm/gems/ruby-3.1.2/gems/rack-2.2.8.1/lib/rack/tempfile_reaper.rb:15:in `call'[0m
     [36m# /home/ec2-user/.rvm/gems/ruby-3.1.2/gems/rack-2.2.8.1/lib/rack/etag.rb:27:in `call'[0m
     [36m# /home/ec2-user/.rvm/gems/ruby-3.1.2/gems/rack-2.2.8.1/lib/rack/conditional_get.rb:27:in `call'[0m
     [36m# /home/ec2-user/.rvm/gems/ruby-3.1.2/gems/rack-2.2.8.1/lib/rack/head.rb:12:in `call'[0m
     [36m# /home/ec2-user/.rvm/gems/ruby-3.1.2/gems/rack-2.2.8.1/lib/rack/session/abstract/id.rb:266:in `context'[0m
     [36m# /home/ec2-user/.rvm/gems/ruby-3.1.2/gems/rack-2.2.8.1/lib/rack/session/abstract/id.rb:260:in `call'[0m
     [36m# /home/ec2-user/.rvm/gems/ruby-3.1.2/gems/railties-6.1.7.7/lib/rails/rack/logger.rb:37:in `call_app'[0m
     [36m# /home/ec2-user/.rvm/gems/ruby-3.1.2/gems/railties-6.1.7.7/lib/rails/rack/logger.rb:26:in `block in call'[0m
     [36m# /home/ec2-user/.rvm/gems/ruby-3.1.2/gems/railties-6.1.7.7/lib/rails/rack/logger.rb:26:in `call'[0m
     [36m# /home/ec2-user/.rvm/gems/ruby-3.1.2/gems/rack-2.2.8.1/lib/rack/method_override.rb:24:in `call'[0m
     [36m# /home/ec2-user/.rvm/gems/ruby-3.1.2/gems/rack-2.2.8.1/lib/rack/runtime.rb:22:in `call'[0m
     [36m# /home/ec2-user/.rvm/gems/ruby-3.1.2/gems/rack-2.2.8.1/lib/rack/sendfile.rb:110:in `call'[0m
     [36m# /home/ec2-user/.rvm/gems/ruby-3.1.2/gems/railties-6.1.7.7/lib/rails/engine.rb:539:in `call'[0m
     [36m# /home/ec2-user/.rvm/gems/ruby-3.1.2/gems/rack-2.2.8.1/lib/rack/urlmap.rb:74:in `block in call'[0m
     [36m# /home/ec2-user/.rvm/gems/ruby-3.1.2/gems/rack-2.2.8.1/lib/rack/urlmap.rb:58:in `each'[0m
     [36m# /home/ec2-user/.rvm/gems/ruby-3.1.2/gems/rack-2.2.8.1/lib/rack/urlmap.rb:58:in `call'[0m
     [36m# /home/ec2-user/.rvm/gems/ruby-3.1.2/gems/rack-2.2.8.1/lib/rack/builder.rb:244:in `call'[0m
     [36m# /home/ec2-user/.rvm/gems/ruby-3.1.2/gems/rack-test-2.1.0/lib/rack/test.rb:360:in `process_request'[0m
     [36m# /home/ec2-user/.rvm/gems/ruby-3.1.2/gems/rack-test-2.1.0/lib/rack/test.rb:163:in `custom_request'[0m
     [36m# /home/ec2-user/.rvm/gems/ruby-3.1.2/gems/rack-test-2.1.0/lib/rack/test.rb:112:in `get'[0m
     [36m# /home/ec2-user/.rvm/gems/ruby-3.1.2/gems/capybara-3.40.0/lib/capybara/rack_test/browser.rb:81:in `process'[0m
     [36m# /home/ec2-user/.rvm/gems/ruby-3.1.2/gems/capybara-3.40.0/lib/capybara/rack_test/browser.rb:56:in `process_and_follow_redirects'[0m
     [36m# /home/ec2-user/.rvm/gems/ruby-3.1.2/gems/capybara-3.40.0/lib/capybara/rack_test/browser.rb:26:in `visit'[0m
     [36m# /home/ec2-user/.rvm/gems/ruby-3.1.2/gems/capybara-3.40.0/lib/capybara/rack_test/driver.rb:46:in `visit'[0m
     [36m# /home/ec2-user/.rvm/gems/ruby-3.1.2/gems/capybara-3.40.0/lib/capybara/session.rb:281:in `visit'[0m
     [36m# /home/ec2-user/.rvm/gems/ruby-3.1.2/gems/capybara-3.40.0/lib/capybara/dsl.rb:52:in `call'[0m
     [36m# /home/ec2-user/.rvm/gems/ruby-3.1.2/gems/capybara-3.40.0/lib/capybara/dsl.rb:52:in `visit'[0m
     [36m# ./spec/system/books_spec.rb:20:in `block (3 levels) in <main>'[0m
     [36m# ------------------[0m
     [36m# --- Caused by: ---[0m
     [36m# Webpacker::Manifest::MissingEntryError:[0m
     [36m#   Webpacker can't find application.js in /home/ec2-user/environment/bookers/public/packs-test/manifest.json. Possible causes:[0m
     [36m#   1. You want to set webpacker.yml value of compile to true for your environment[0m
     [36m#      unless you are using the `webpack -w` or the webpack-dev-server.[0m
     [36m#   2. webpack has not yet re-run to reflect updates.[0m
     [36m#   3. You have misconfigured Webpacker's config/webpacker.yml file.[0m
     [36m#   4. Your webpack configuration is not creating a manifest.[0m
     [36m#   Your manifest contains:[0m
     [36m#   {[0m
     [36m#   }[0m
     [36m#   /home/ec2-user/.rvm/gems/ruby-3.1.2/gems/webpacker-5.4.4/lib/webpacker/manifest.rb:79:in `handle_missing_entry'[0m

  9) æŠ•ç¨¿ã®ãƒ†ã‚¹ãƒˆ ä¸€è¦§ç”»é¢ã®ãƒ†ã‚¹ãƒˆ æŠ•ç¨¿å‡¦ç†ã«é–¢ã™ã‚‹ãƒ†ã‚¹ãƒˆ æŠ•ç¨¿ã«å¤±æ•—ã™ã‚‹
     [31mFailure/Error: <%= javascript_pack_tag 'application', 'data-turbolinks-track': 'reload' %>[0m
     [31m[0m
     [31mActionView::Template::Error:[0m
     [31m  Webpacker can't find application.js in /home/ec2-user/environment/bookers/public/packs-test/manifest.json. Possible causes:[0m
     [31m  1. You want to set webpacker.yml value of compile to true for your environment[0m
     [31m     unless you are using the `webpack -w` or the webpack-dev-server.[0m
     [31m  2. webpack has not yet re-run to reflect updates.[0m
     [31m  3. You have misconfigured Webpacker's config/webpacker.yml file.[0m
     [31m  4. Your webpack configuration is not creating a manifest.[0m
     [31m  Your manifest contains:[0m
     [31m  {[0m
     [31m  }[0m
     [36m# /home/ec2-user/.rvm/gems/ruby-3.1.2/gems/webpacker-5.4.4/lib/webpacker/manifest.rb:79:in `handle_missing_entry'[0m
     [36m# /home/ec2-user/.rvm/gems/ruby-3.1.2/gems/webpacker-5.4.4/lib/webpacker/manifest.rb:49:in `lookup!'[0m
     [36m# /home/ec2-user/.rvm/gems/ruby-3.1.2/gems/webpacker-5.4.4/lib/webpacker/helper.rb:182:in `block in sources_from_manifest_entries'[0m
     [36m# /home/ec2-user/.rvm/gems/ruby-3.1.2/gems/webpacker-5.4.4/lib/webpacker/helper.rb:182:in `map'[0m
     [36m# /home/ec2-user/.rvm/gems/ruby-3.1.2/gems/webpacker-5.4.4/lib/webpacker/helper.rb:182:in `sources_from_manifest_entries'[0m
     [36m# /home/ec2-user/.rvm/gems/ruby-3.1.2/gems/webpacker-5.4.4/lib/webpacker/helper.rb:81:in `javascript_pack_tag'[0m
     [36m# ./app/views/layouts/application.html.erb:10:in `_app_views_layouts_application_html_erb___4434516088945564820_17920'[0m
     [36m# /home/ec2-user/.rvm/gems/ruby-3.1.2/gems/actiontext-6.1.7.7/lib/action_text/rendering.rb:20:in `with_renderer'[0m
     [36m# /home/ec2-user/.rvm/gems/ruby-3.1.2/gems/actiontext-6.1.7.7/lib/action_text/engine.rb:59:in `block (4 levels) in <class:Engine>'[0m
     [36m# /home/ec2-user/.rvm/gems/ruby-3.1.2/gems/rack-2.2.8.1/lib/rack/tempfile_reaper.rb:15:in `call'[0m
     [36m# /home/ec2-user/.rvm/gems/ruby-3.1.2/gems/rack-2.2.8.1/lib/rack/etag.rb:27:in `call'[0m
     [36m# /home/ec2-user/.rvm/gems/ruby-3.1.2/gems/rack-2.2.8.1/lib/rack/conditional_get.rb:27:in `call'[0m
     [36m# /home/ec2-user/.rvm/gems/ruby-3.1.2/gems/rack-2.2.8.1/lib/rack/head.rb:12:in `call'[0m
     [36m# /home/ec2-user/.rvm/gems/ruby-3.1.2/gems/rack-2.2.8.1/lib/rack/session/abstract/id.rb:266:in `context'[0m
     [36m# /home/ec2-user/.rvm/gems/ruby-3.1.2/gems/rack-2.2.8.1/lib/rack/session/abstract/id.rb:260:in `call'[0m
     [36m# /home/ec2-user/.rvm/gems/ruby-3.1.2/gems/railties-6.1.7.7/lib/rails/rack/logger.rb:37:in `call_app'[0m
     [36m# /home/ec2-user/.rvm/gems/ruby-3.1.2/gems/railties-6.1.7.7/lib/rails/rack/logger.rb:26:in `block in call'[0m
     [36m# /home/ec2-user/.rvm/gems/ruby-3.1.2/gems/railties-6.1.7.7/lib/rails/rack/logger.rb:26:in `call'[0m
     [36m# /home/ec2-user/.rvm/gems/ruby-3.1.2/gems/rack-2.2.8.1/lib/rack/method_override.rb:24:in `call'[0m
     [36m# /home/ec2-user/.rvm/gems/ruby-3.1.2/gems/rack-2.2.8.1/lib/rack/runtime.rb:22:in `call'[0m
     [36m# /home/ec2-user/.rvm/gems/ruby-3.1.2/gems/rack-2.2.8.1/lib/rack/sendfile.rb:110:in `call'[0m
     [36m# /home/ec2-user/.rvm/gems/ruby-3.1.2/gems/railties-6.1.7.7/lib/rails/engine.rb:539:in `call'[0m
     [36m# /home/ec2-user/.rvm/gems/ruby-3.1.2/gems/rack-2.2.8.1/lib/rack/urlmap.rb:74:in `block in call'[0m
     [36m# /home/ec2-user/.rvm/gems/ruby-3.1.2/gems/rack-2.2.8.1/lib/rack/urlmap.rb:58:in `each'[0m
     [36m# /home/ec2-user/.rvm/gems/ruby-3.1.2/gems/rack-2.2.8.1/lib/rack/urlmap.rb:58:in `call'[0m
     [36m# /home/ec2-user/.rvm/gems/ruby-3.1.2/gems/rack-2.2.8.1/lib/rack/builder.rb:244:in `call'[0m
     [36m# /home/ec2-user/.rvm/gems/ruby-3.1.2/gems/rack-test-2.1.0/lib/rack/test.rb:360:in `process_request'[0m
     [36m# /home/ec2-user/.rvm/gems/ruby-3.1.2/gems/rack-test-2.1.0/lib/rack/test.rb:163:in `custom_request'[0m
     [36m# /home/ec2-user/.rvm/gems/ruby-3.1.2/gems/rack-test-2.1.0/lib/rack/test.rb:112:in `get'[0m
     [36m# /home/ec2-user/.rvm/gems/ruby-3.1.2/gems/capybara-3.40.0/lib/capybara/rack_test/browser.rb:81:in `process'[0m
     [36m# /home/ec2-user/.rvm/gems/ruby-3.1.2/gems/capybara-3.40.0/lib/capybara/rack_test/browser.rb:56:in `process_and_follow_redirects'[0m
     [36m# /home/ec2-user/.rvm/gems/ruby-3.1.2/gems/capybara-3.40.0/lib/capybara/rack_test/browser.rb:26:in `visit'[0m
     [36m# /home/ec2-user/.rvm/gems/ruby-3.1.2/gems/capybara-3.40.0/lib/capybara/rack_test/driver.rb:46:in `visit'[0m
     [36m# /home/ec2-user/.rvm/gems/ruby-3.1.2/gems/capybara-3.40.0/lib/capybara/session.rb:281:in `visit'[0m
     [36m# /home/ec2-user/.rvm/gems/ruby-3.1.2/gems/capybara-3.40.0/lib/capybara/dsl.rb:52:in `call'[0m
     [36m# /home/ec2-user/.rvm/gems/ruby-3.1.2/gems/capybara-3.40.0/lib/capybara/dsl.rb:52:in `visit'[0m
     [36m# ./spec/system/books_spec.rb:20:in `block (3 levels) in <main>'[0m
     [36m# ------------------[0m
     [36m# --- Caused by: ---[0m
     [36m# Webpacker::Manifest::MissingEntryError:[0m
     [36m#   Webpacker can't find application.js in /home/ec2-user/environment/bookers/public/packs-test/manifest.json. Possible causes:[0m
     [36m#   1. You want to set webpacker.yml value of compile to true for your environment[0m
     [36m#      unless you are using the `webpack -w` or the webpack-dev-server.[0m
     [36m#   2. webpack has not yet re-run to reflect updates.[0m
     [36m#   3. You have misconfigured Webpacker's config/webpacker.yml file.[0m
     [36m#   4. Your webpack configuration is not creating a manifest.[0m
     [36m#   Your manifest contains:[0m
     [36m#   {[0m
     [36m#   }[0m
     [36m#   /home/ec2-user/.rvm/gems/ruby-3.1.2/gems/webpacker-5.4.4/lib/webpacker/manifest.rb:79:in `handle_missing_entry'[0m

  10) æŠ•ç¨¿ã®ãƒ†ã‚¹ãƒˆ ä¸€è¦§ç”»é¢ã®ãƒ†ã‚¹ãƒˆ æŠ•ç¨¿å‡¦ç†ã«é–¢ã™ã‚‹ãƒ†ã‚¹ãƒˆ æŠ•ç¨¿å¾Œã®ãƒªãƒ€ã‚¤ãƒ¬ã‚¯ãƒˆå…ˆã¯æ­£ã—ã„ã‹
      [31mFailure/Error: <%= javascript_pack_tag 'application', 'data-turbolinks-track': 'reload' %>[0m
      [31m[0m
      [31mActionView::Template::Error:[0m
      [31m  Webpacker can't find application.js in /home/ec2-user/environment/bookers/public/packs-test/manifest.json. Possible causes:[0m
      [31m  1. You want to set webpacker.yml value of compile to true for your environment[0m
      [31m     unless you are using the `webpack -w` or the webpack-dev-server.[0m
      [31m  2. webpack has not yet re-run to reflect updates.[0m
      [31m  3. You have misconfigured Webpacker's config/webpacker.yml file.[0m
      [31m  4. Your webpack configuration is not creating a manifest.[0m
      [31m  Your manifest contains:[0m
      [31m  {[0m
      [31m  }[0m
      [36m# /home/ec2-user/.rvm/gems/ruby-3.1.2/gems/webpacker-5.4.4/lib/webpacker/manifest.rb:79:in `handle_missing_entry'[0m
      [36m# /home/ec2-user/.rvm/gems/ruby-3.1.2/gems/webpacker-5.4.4/lib/webpacker/manifest.rb:49:in `lookup!'[0m
      [36m# /home/ec2-user/.rvm/gems/ruby-3.1.2/gems/webpacker-5.4.4/lib/webpacker/helper.rb:182:in `block in sources_from_manifest_entries'[0m
      [36m# /home/ec2-user/.rvm/gems/ruby-3.1.2/gems/webpacker-5.4.4/lib/webpacker/helper.rb:182:in `map'[0m
      [36m# /home/ec2-user/.rvm/gems/ruby-3.1.2/gems/webpacker-5.4.4/lib/webpacker/helper.rb:182:in `sources_from_manifest_entries'[0m
      [36m# /home/ec2-user/.rvm/gems/ruby-3.1.2/gems/webpacker-5.4.4/lib/webpacker/helper.rb:81:in `javascript_pack_tag'[0m
      [36m# ./app/views/layouts/application.html.erb:10:in `_app_views_layouts_application_html_erb___4434516088945564820_17920'[0m
      [36m# /home/ec2-user/.rvm/gems/ruby-3.1.2/gems/actiontext-6.1.7.7/lib/action_text/rendering.rb:20:in `with_renderer'[0m
      [36m# /home/ec2-user/.rvm/gems/ruby-3.1.2/gems/actiontext-6.1.7.7/lib/action_text/engine.rb:59:in `block (4 levels) in <class:Engine>'[0m
      [36m# /home/ec2-user/.rvm/gems/ruby-3.1.2/gems/rack-2.2.8.1/lib/rack/tempfile_reaper.rb:15:in `call'[0m
      [36m# /home/ec2-user/.rvm/gems/ruby-3.1.2/gems/rack-2.2.8.1/lib/rack/etag.rb:27:in `call'[0m
      [36m# /home/ec2-user/.rvm/gems/ruby-3.1.2/gems/rack-2.2.8.1/lib/rack/conditional_get.rb:27:in `call'[0m
      [36m# /home/ec2-user/.rvm/gems/ruby-3.1.2/gems/rack-2.2.8.1/lib/rack/head.rb:12:in `call'[0m
      [36m# /home/ec2-user/.rvm/gems/ruby-3.1.2/gems/rack-2.2.8.1/lib/rack/session/abstract/id.rb:266:in `context'[0m
      [36m# /home/ec2-user/.rvm/gems/ruby-3.1.2/gems/rack-2.2.8.1/lib/rack/session/abstract/id.rb:260:in `call'[0m
      [36m# /home/ec2-user/.rvm/gems/ruby-3.1.2/gems/railties-6.1.7.7/lib/rails/rack/logger.rb:37:in `call_app'[0m
      [36m# /home/ec2-user/.rvm/gems/ruby-3.1.2/gems/railties-6.1.7.7/lib/rails/rack/logger.rb:26:in `block in call'[0m
      [36m# /home/ec2-user/.rvm/gems/ruby-3.1.2/gems/railties-6.1.7.7/lib/rails/rack/logger.rb:26:in `call'[0m
      [36m# /home/ec2-user/.rvm/gems/ruby-3.1.2/gems/rack-2.2.8.1/lib/rack/method_override.rb:24:in `call'[0m
      [36m# /home/ec2-user/.rvm/gems/ruby-3.1.2/gems/rack-2.2.8.1/lib/rack/runtime.rb:22:in `call'[0m
      [36m# /home/ec2-user/.rvm/gems/ruby-3.1.2/gems/rack-2.2.8.1/lib/rack/sendfile.rb:110:in `call'[0m
      [36m# /home/ec2-user/.rvm/gems/ruby-3.1.2/gems/railties-6.1.7.7/lib/rails/engine.rb:539:in `call'[0m
      [36m# /home/ec2-user/.rvm/gems/ruby-3.1.2/gems/rack-2.2.8.1/lib/rack/urlmap.rb:74:in `block in call'[0m
      [36m# /home/ec2-user/.rvm/gems/ruby-3.1.2/gems/rack-2.2.8.1/lib/rack/urlmap.rb:58:in `each'[0m
      [36m# /home/ec2-user/.rvm/gems/ruby-3.1.2/gems/rack-2.2.8.1/lib/rack/urlmap.rb:58:in `call'[0m
      [36m# /home/ec2-user/.rvm/gems/ruby-3.1.2/gems/rack-2.2.8.1/lib/rack/builder.rb:244:in `call'[0m
      [36m# /home/ec2-user/.rvm/gems/ruby-3.1.2/gems/rack-test-2.1.0/lib/rack/test.rb:360:in `process_request'[0m
      [36m# /home/ec2-user/.rvm/gems/ruby-3.1.2/gems/rack-test-2.1.0/lib/rack/test.rb:163:in `custom_request'[0m
      [36m# /home/ec2-user/.rvm/gems/ruby-3.1.2/gems/rack-test-2.1.0/lib/rack/test.rb:112:in `get'[0m
      [36m# /home/ec2-user/.rvm/gems/ruby-3.1.2/gems/capybara-3.40.0/lib/capybara/rack_test/browser.rb:81:in `process'[0m
      [36m# /home/ec2-user/.rvm/gems/ruby-3.1.2/gems/capybara-3.40.0/lib/capybara/rack_test/browser.rb:56:in `process_and_follow_redirects'[0m
      [36m# /home/ec2-user/.rvm/gems/ruby-3.1.2/gems/capybara-3.40.0/lib/capybara/rack_test/browser.rb:26:in `visit'[0m
      [36m# /home/ec2-user/.rvm/gems/ruby-3.1.2/gems/capybara-3.40.0/lib/capybara/rack_test/driver.rb:46:in `visit'[0m
      [36m# /home/ec2-user/.rvm/gems/ruby-3.1.2/gems/capybara-3.40.0/lib/capybara/session.rb:281:in `visit'[0m
      [36m# /home/ec2-user/.rvm/gems/ruby-3.1.2/gems/capybara-3.40.0/lib/capybara/dsl.rb:52:in `call'[0m
      [36m# /home/ec2-user/.rvm/gems/ruby-3.1.2/gems/capybara-3.40.0/lib/capybara/dsl.rb:52:in `visit'[0m
      [36m# ./spec/system/books_spec.rb:20:in `block (3 levels) in <main>'[0m
      [36m# ------------------[0m
      [36m# --- Caused by: ---[0m
      [36m# Webpacker::Manifest::MissingEntryError:[0m
      [36m#   Webpacker can't find application.js in /home/ec2-user/environment/bookers/public/packs-test/manifest.json. Possible causes:[0m
      [36m#   1. You want to set webpacker.yml value of compile to true for your environment[0m
      [36m#      unless you are using the `webpack -w` or the webpack-dev-server.[0m
      [36m#   2. webpack has not yet re-run to reflect updates.[0m
      [36m#   3. You have misconfigured Webpacker's config/webpacker.yml file.[0m
      [36m#   4. Your webpack configuration is not creating a manifest.[0m
      [36m#   Your manifest contains:[0m
      [36m#   {[0m
      [36m#   }[0m
      [36m#   /home/ec2-user/.rvm/gems/ruby-3.1.2/gems/webpacker-5.4.4/lib/webpacker/manifest.rb:79:in `handle_missing_entry'[0m

  11) æŠ•ç¨¿ã®ãƒ†ã‚¹ãƒˆ ä¸€è¦§ç”»é¢ã®ãƒ†ã‚¹ãƒˆ bookå‰Šé™¤ã®ãƒ†ã‚¹ãƒˆ application.html.erbã«javascript_pack_tagã‚’å«ã‚“ã§ã„ã‚‹ã‹
      [31mFailure/Error: <%= javascript_pack_tag 'application', 'data-turbolinks-track': 'reload' %>[0m
      [31m[0m
      [31mActionView::Template::Error:[0m
      [31m  Webpacker can't find application.js in /home/ec2-user/environment/bookers/public/packs-test/manifest.json. Possible causes:[0m
      [31m  1. You want to set webpacker.yml value of compile to true for your environment[0m
      [31m     unless you are using the `webpack -w` or the webpack-dev-server.[0m
      [31m  2. webpack has not yet re-run to reflect updates.[0m
      [31m  3. You have misconfigured Webpacker's config/webpacker.yml file.[0m
      [31m  4. Your webpack configuration is not creating a manifest.[0m
      [31m  Your manifest contains:[0m
      [31m  {[0m
      [31m  }[0m
      [36m# /home/ec2-user/.rvm/gems/ruby-3.1.2/gems/webpacker-5.4.4/lib/webpacker/manifest.rb:79:in `handle_missing_entry'[0m
      [36m# /home/ec2-user/.rvm/gems/ruby-3.1.2/gems/webpacker-5.4.4/lib/webpacker/manifest.rb:49:in `lookup!'[0m
      [36m# /home/ec2-user/.rvm/gems/ruby-3.1.2/gems/webpacker-5.4.4/lib/webpacker/helper.rb:182:in `block in sources_from_manifest_entries'[0m
      [36m# /home/ec2-user/.rvm/gems/ruby-3.1.2/gems/webpacker-5.4.4/lib/webpacker/helper.rb:182:in `map'[0m
      [36m# /home/ec2-user/.rvm/gems/ruby-3.1.2/gems/webpacker-5.4.4/lib/webpacker/helper.rb:182:in `sources_from_manifest_entries'[0m
      [36m# /home/ec2-user/.rvm/gems/ruby-3.1.2/gems/webpacker-5.4.4/lib/webpacker/helper.rb:81:in `javascript_pack_tag'[0m
      [36m# ./app/views/layouts/application.html.erb:10:in `_app_views_layouts_application_html_erb___4434516088945564820_17920'[0m
      [36m# /home/ec2-user/.rvm/gems/ruby-3.1.2/gems/actiontext-6.1.7.7/lib/action_text/rendering.rb:20:in `with_renderer'[0m
      [36m# /home/ec2-user/.rvm/gems/ruby-3.1.2/gems/actiontext-6.1.7.7/lib/action_text/engine.rb:59:in `block (4 levels) in <class:Engine>'[0m
      [36m# /home/ec2-user/.rvm/gems/ruby-3.1.2/gems/rack-2.2.8.1/lib/rack/tempfile_reaper.rb:15:in `call'[0m
      [36m# /home/ec2-user/.rvm/gems/ruby-3.1.2/gems/rack-2.2.8.1/lib/rack/etag.rb:27:in `call'[0m
      [36m# /home/ec2-user/.rvm/gems/ruby-3.1.2/gems/rack-2.2.8.1/lib/rack/conditional_get.rb:27:in `call'[0m
      [36m# /home/ec2-user/.rvm/gems/ruby-3.1.2/gems/rack-2.2.8.1/lib/rack/head.rb:12:in `call'[0m
      [36m# /home/ec2-user/.rvm/gems/ruby-3.1.2/gems/rack-2.2.8.1/lib/rack/session/abstract/id.rb:266:in `context'[0m
      [36m# /home/ec2-user/.rvm/gems/ruby-3.1.2/gems/rack-2.2.8.1/lib/rack/session/abstract/id.rb:260:in `call'[0m
      [36m# /home/ec2-user/.rvm/gems/ruby-3.1.2/gems/railties-6.1.7.7/lib/rails/rack/logger.rb:37:in `call_app'[0m
      [36m# /home/ec2-user/.rvm/gems/ruby-3.1.2/gems/railties-6.1.7.7/lib/rails/rack/logger.rb:26:in `block in call'[0m
      [36m# /home/ec2-user/.rvm/gems/ruby-3.1.2/gems/railties-6.1.7.7/lib/rails/rack/logger.rb:26:in `call'[0m
      [36m# /home/ec2-user/.rvm/gems/ruby-3.1.2/gems/rack-2.2.8.1/lib/rack/method_override.rb:24:in `call'[0m
      [36m# /home/ec2-user/.rvm/gems/ruby-3.1.2/gems/rack-2.2.8.1/lib/rack/runtime.rb:22:in `call'[0m
      [36m# /home/ec2-user/.rvm/gems/ruby-3.1.2/gems/rack-2.2.8.1/lib/rack/sendfile.rb:110:in `call'[0m
      [36m# /home/ec2-user/.rvm/gems/ruby-3.1.2/gems/railties-6.1.7.7/lib/rails/engine.rb:539:in `call'[0m
      [36m# /home/ec2-user/.rvm/gems/ruby-3.1.2/gems/rack-2.2.8.1/lib/rack/urlmap.rb:74:in `block in call'[0m
      [36m# /home/ec2-user/.rvm/gems/ruby-3.1.2/gems/rack-2.2.8.1/lib/rack/urlmap.rb:58:in `each'[0m
      [36m# /home/ec2-user/.rvm/gems/ruby-3.1.2/gems/rack-2.2.8.1/lib/rack/urlmap.rb:58:in `call'[0m
      [36m# /home/ec2-user/.rvm/gems/ruby-3.1.2/gems/rack-2.2.8.1/lib/rack/builder.rb:244:in `call'[0m
      [36m# /home/ec2-user/.rvm/gems/ruby-3.1.2/gems/rack-test-2.1.0/lib/rack/test.rb:360:in `process_request'[0m
      [36m# /home/ec2-user/.rvm/gems/ruby-3.1.2/gems/rack-test-2.1.0/lib/rack/test.rb:163:in `custom_request'[0m
      [36m# /home/ec2-user/.rvm/gems/ruby-3.1.2/gems/rack-test-2.1.0/lib/rack/test.rb:112:in `get'[0m
      [36m# /home/ec2-user/.rvm/gems/ruby-3.1.2/gems/capybara-3.40.0/lib/capybara/rack_test/browser.rb:81:in `process'[0m
      [36m# /home/ec2-user/.rvm/gems/ruby-3.1.2/gems/capybara-3.40.0/lib/capybara/rack_test/browser.rb:56:in `process_and_follow_redirects'[0m
      [36m# /home/ec2-user/.rvm/gems/ruby-3.1.2/gems/capybara-3.40.0/lib/capybara/rack_test/browser.rb:26:in `visit'[0m
      [36m# /home/ec2-user/.rvm/gems/ruby-3.1.2/gems/capybara-3.40.0/lib/capybara/rack_test/driver.rb:46:in `visit'[0m
      [36m# /home/ec2-user/.rvm/gems/ruby-3.1.2/gems/capybara-3.40.0/lib/capybara/session.rb:281:in `visit'[0m
      [36m# /home/ec2-user/.rvm/gems/ruby-3.1.2/gems/capybara-3.40.0/lib/capybara/dsl.rb:52:in `call'[0m
      [36m# /home/ec2-user/.rvm/gems/ruby-3.1.2/gems/capybara-3.40.0/lib/capybara/dsl.rb:52:in `visit'[0m
      [36m# ./spec/system/books_spec.rb:20:in `block (3 levels) in <main>'[0m
      [36m# ------------------[0m
      [36m# --- Caused by: ---[0m
      [36m# Webpacker::Manifest::MissingEntryError:[0m
      [36m#   Webpacker can't find application.js in /home/ec2-user/environment/bookers/public/packs-test/manifest.json. Possible causes:[0m
      [36m#   1. You want to set webpacker.yml value of compile to true for your environment[0m
      [36m#      unless you are using the `webpack -w` or the webpack-dev-server.[0m
      [36m#   2. webpack has not yet re-run to reflect updates.[0m
      [36m#   3. You have misconfigured Webpacker's config/webpacker.yml file.[0m
      [36m#   4. Your webpack configuration is not creating a manifest.[0m
      [36m#   Your manifest contains:[0m
      [36m#   {[0m
      [36m#   }[0m
      [36m#   /home/ec2-user/.rvm/gems/ruby-3.1.2/gems/webpacker-5.4.4/lib/webpacker/manifest.rb:79:in `handle_missing_entry'[0m

  12) æŠ•ç¨¿ã®ãƒ†ã‚¹ãƒˆ ä¸€è¦§ç”»é¢ã®ãƒ†ã‚¹ãƒˆ bookå‰Šé™¤ã®ãƒ†ã‚¹ãƒˆ bookã®å‰Šé™¤
      [31mFailure/Error: <%= javascript_pack_tag 'application', 'data-turbolinks-track': 'reload' %>[0m
      [31m[0m
      [31mActionView::Template::Error:[0m
      [31m  Webpacker can't find application.js in /home/ec2-user/environment/bookers/public/packs-test/manifest.json. Possible causes:[0m
      [31m  1. You want to set webpacker.yml value of compile to true for your environment[0m
      [31m     unless you are using the `webpack -w` or the webpack-dev-server.[0m
      [31m  2. webpack has not yet re-run to reflect updates.[0m
      [31m  3. You have misconfigured Webpacker's config/webpacker.yml file.[0m
      [31m  4. Your webpack configuration is not creating a manifest.[0m
      [31m  Your manifest contains:[0m
      [31m  {[0m
      [31m  }[0m
      [36m# /home/ec2-user/.rvm/gems/ruby-3.1.2/gems/webpacker-5.4.4/lib/webpacker/manifest.rb:79:in `handle_missing_entry'[0m
      [36m# /home/ec2-user/.rvm/gems/ruby-3.1.2/gems/webpacker-5.4.4/lib/webpacker/manifest.rb:49:in `lookup!'[0m
      [36m# /home/ec2-user/.rvm/gems/ruby-3.1.2/gems/webpacker-5.4.4/lib/webpacker/helper.rb:182:in `block in sources_from_manifest_entries'[0m
      [36m# /home/ec2-user/.rvm/gems/ruby-3.1.2/gems/webpacker-5.4.4/lib/webpacker/helper.rb:182:in `map'[0m
      [36m# /home/ec2-user/.rvm/gems/ruby-3.1.2/gems/webpacker-5.4.4/lib/webpacker/helper.rb:182:in `sources_from_manifest_entries'[0m
      [36m# /home/ec2-user/.rvm/gems/ruby-3.1.2/gems/webpacker-5.4.4/lib/webpacker/helper.rb:81:in `javascript_pack_tag'[0m
      [36m# ./app/views/layouts/application.html.erb:10:in `_app_views_layouts_application_html_erb___4434516088945564820_17920'[0m
      [36m# /home/ec2-user/.rvm/gems/ruby-3.1.2/gems/actiontext-6.1.7.7/lib/action_text/rendering.rb:20:in `with_renderer'[0m
      [36m# /home/ec2-user/.rvm/gems/ruby-3.1.2/gems/actiontext-6.1.7.7/lib/action_text/engine.rb:59:in `block (4 levels) in <class:Engine>'[0m
      [36m# /home/ec2-user/.rvm/gems/ruby-3.1.2/gems/rack-2.2.8.1/lib/rack/tempfile_reaper.rb:15:in `call'[0m
      [36m# /home/ec2-user/.rvm/gems/ruby-3.1.2/gems/rack-2.2.8.1/lib/rack/etag.rb:27:in `call'[0m
      [36m# /home/ec2-user/.rvm/gems/ruby-3.1.2/gems/rack-2.2.8.1/lib/rack/conditional_get.rb:27:in `call'[0m
      [36m# /home/ec2-user/.rvm/gems/ruby-3.1.2/gems/rack-2.2.8.1/lib/rack/head.rb:12:in `call'[0m
      [36m# /home/ec2-user/.rvm/gems/ruby-3.1.2/gems/rack-2.2.8.1/lib/rack/session/abstract/id.rb:266:in `context'[0m
      [36m# /home/ec2-user/.rvm/gems/ruby-3.1.2/gems/rack-2.2.8.1/lib/rack/session/abstract/id.rb:260:in `call'[0m
      [36m# /home/ec2-user/.rvm/gems/ruby-3.1.2/gems/railties-6.1.7.7/lib/rails/rack/logger.rb:37:in `call_app'[0m
      [36m# /home/ec2-user/.rvm/gems/ruby-3.1.2/gems/railties-6.1.7.7/lib/rails/rack/logger.rb:26:in `block in call'[0m
      [36m# /home/ec2-user/.rvm/gems/ruby-3.1.2/gems/railties-6.1.7.7/lib/rails/rack/logger.rb:26:in `call'[0m
      [36m# /home/ec2-user/.rvm/gems/ruby-3.1.2/gems/rack-2.2.8.1/lib/rack/method_override.rb:24:in `call'[0m
      [36m# /home/ec2-user/.rvm/gems/ruby-3.1.2/gems/rack-2.2.8.1/lib/rack/runtime.rb:22:in `call'[0m
      [36m# /home/ec2-user/.rvm/gems/ruby-3.1.2/gems/rack-2.2.8.1/lib/rack/sendfile.rb:110:in `call'[0m
      [36m# /home/ec2-user/.rvm/gems/ruby-3.1.2/gems/railties-6.1.7.7/lib/rails/engine.rb:539:in `call'[0m
      [36m# /home/ec2-user/.rvm/gems/ruby-3.1.2/gems/rack-2.2.8.1/lib/rack/urlmap.rb:74:in `block in call'[0m
      [36m# /home/ec2-user/.rvm/gems/ruby-3.1.2/gems/rack-2.2.8.1/lib/rack/urlmap.rb:58:in `each'[0m
      [36m# /home/ec2-user/.rvm/gems/ruby-3.1.2/gems/rack-2.2.8.1/lib/rack/urlmap.rb:58:in `call'[0m
      [36m# /home/ec2-user/.rvm/gems/ruby-3.1.2/gems/rack-2.2.8.1/lib/rack/builder.rb:244:in `call'[0m
      [36m# /home/ec2-user/.rvm/gems/ruby-3.1.2/gems/rack-test-2.1.0/lib/rack/test.rb:360:in `process_request'[0m
      [36m# /home/ec2-user/.rvm/gems/ruby-3.1.2/gems/rack-test-2.1.0/lib/rack/test.rb:163:in `custom_request'[0m
      [36m# /home/ec2-user/.rvm/gems/ruby-3.1.2/gems/rack-test-2.1.0/lib/rack/test.rb:112:in `get'[0m
      [36m# /home/ec2-user/.rvm/gems/ruby-3.1.2/gems/capybara-3.40.0/lib/capybara/rack_test/browser.rb:81:in `process'[0m
      [36m# /home/ec2-user/.rvm/gems/ruby-3.1.2/gems/capybara-3.40.0/lib/capybara/rack_test/browser.rb:56:in `process_and_follow_redirects'[0m
      [36m# /home/ec2-user/.rvm/gems/ruby-3.1.2/gems/capybara-3.40.0/lib/capybara/rack_test/browser.rb:26:in `visit'[0m
      [36m# /home/ec2-user/.rvm/gems/ruby-3.1.2/gems/capybara-3.40.0/lib/capybara/rack_test/driver.rb:46:in `visit'[0m
      [36m# /home/ec2-user/.rvm/gems/ruby-3.1.2/gems/capybara-3.40.0/lib/capybara/session.rb:281:in `visit'[0m
      [36m# /home/ec2-user/.rvm/gems/ruby-3.1.2/gems/capybara-3.40.0/lib/capybara/dsl.rb:52:in `call'[0m
      [36m# /home/ec2-user/.rvm/gems/ruby-3.1.2/gems/capybara-3.40.0/lib/capybara/dsl.rb:52:in `visit'[0m
      [36m# ./spec/system/books_spec.rb:20:in `block (3 levels) in <main>'[0m
      [36m# ------------------[0m
      [36m# --- Caused by: ---[0m
      [36m# Webpacker::Manifest::MissingEntryError:[0m
      [36m#   Webpacker can't find application.js in /home/ec2-user/environment/bookers/public/packs-test/manifest.json. Possible causes:[0m
      [36m#   1. You want to set webpacker.yml value of compile to true for your environment[0m
      [36m#      unless you are using the `webpack -w` or the webpack-dev-server.[0m
      [36m#   2. webpack has not yet re-run to reflect updates.[0m
      [36m#   3. You have misconfigured Webpacker's config/webpacker.yml file.[0m
      [36m#   4. Your webpack configuration is not creating a manifest.[0m
      [36m#   Your manifest contains:[0m
      [36m#   {[0m
      [36m#   }[0m
      [36m#   /home/ec2-user/.rvm/gems/ruby-3.1.2/gems/webpacker-5.4.4/lib/webpacker/manifest.rb:79:in `handle_missing_entry'[0m

  13) æŠ•ç¨¿ã®ãƒ†ã‚¹ãƒˆ è©³ç´°ç”»é¢ã®ãƒ†ã‚¹ãƒˆ è¡¨ç¤ºã®ç¢ºèª æœ¬ã®ã‚¿ã‚¤ãƒˆãƒ«ã¨æ„Ÿæƒ³ãŒç”»é¢ã«è¡¨ç¤ºã•ã‚Œã¦ã„ã‚‹ã“ã¨
      [31mFailure/Error: <%= javascript_pack_tag 'application', 'data-turbolinks-track': 'reload' %>[0m
      [31m[0m
      [31mActionView::Template::Error:[0m
      [31m  Webpacker can't find application.js in /home/ec2-user/environment/bookers/public/packs-test/manifest.json. Possible causes:[0m
      [31m  1. You want to set webpacker.yml value of compile to true for your environment[0m
      [31m     unless you are using the `webpack -w` or the webpack-dev-server.[0m
      [31m  2. webpack has not yet re-run to reflect updates.[0m
      [31m  3. You have misconfigured Webpacker's config/webpacker.yml file.[0m
      [31m  4. Your webpack configuration is not creating a manifest.[0m
      [31m  Your manifest contains:[0m
      [31m  {[0m
      [31m  }[0m
      [36m# /home/ec2-user/.rvm/gems/ruby-3.1.2/gems/webpacker-5.4.4/lib/webpacker/manifest.rb:79:in `handle_missing_entry'[0m
      [36m# /home/ec2-user/.rvm/gems/ruby-3.1.2/gems/webpacker-5.4.4/lib/webpacker/manifest.rb:49:in `lookup!'[0m
      [36m# /home/ec2-user/.rvm/gems/ruby-3.1.2/gems/webpacker-5.4.4/lib/webpacker/helper.rb:182:in `block in sources_from_manifest_entries'[0m
      [36m# /home/ec2-user/.rvm/gems/ruby-3.1.2/gems/webpacker-5.4.4/lib/webpacker/helper.rb:182:in `map'[0m
      [36m# /home/ec2-user/.rvm/gems/ruby-3.1.2/gems/webpacker-5.4.4/lib/webpacker/helper.rb:182:in `sources_from_manifest_entries'[0m
      [36m# /home/ec2-user/.rvm/gems/ruby-3.1.2/gems/webpacker-5.4.4/lib/webpacker/helper.rb:81:in `javascript_pack_tag'[0m
      [36m# ./app/views/layouts/application.html.erb:10:in `_app_views_layouts_application_html_erb___4434516088945564820_17920'[0m
      [36m# /home/ec2-user/.rvm/gems/ruby-3.1.2/gems/actiontext-6.1.7.7/lib/action_text/rendering.rb:20:in `with_renderer'[0m
      [36m# /home/ec2-user/.rvm/gems/ruby-3.1.2/gems/actiontext-6.1.7.7/lib/action_text/engine.rb:59:in `block (4 levels) in <class:Engine>'[0m
      [36m# /home/ec2-user/.rvm/gems/ruby-3.1.2/gems/rack-2.2.8.1/lib/rack/tempfile_reaper.rb:15:in `call'[0m
      [36m# /home/ec2-user/.rvm/gems/ruby-3.1.2/gems/rack-2.2.8.1/lib/rack/etag.rb:27:in `call'[0m
      [36m# /home/ec2-user/.rvm/gems/ruby-3.1.2/gems/rack-2.2.8.1/lib/rack/conditional_get.rb:27:in `call'[0m
      [36m# /home/ec2-user/.rvm/gems/ruby-3.1.2/gems/rack-2.2.8.1/lib/rack/head.rb:12:in `call'[0m
      [36m# /home/ec2-user/.rvm/gems/ruby-3.1.2/gems/rack-2.2.8.1/lib/rack/session/abstract/id.rb:266:in `context'[0m
      [36m# /home/ec2-user/.rvm/gems/ruby-3.1.2/gems/rack-2.2.8.1/lib/rack/session/abstract/id.rb:260:in `call'[0m
      [36m# /home/ec2-user/.rvm/gems/ruby-3.1.2/gems/railties-6.1.7.7/lib/rails/rack/logger.rb:37:in `call_app'[0m
      [36m# /home/ec2-user/.rvm/gems/ruby-3.1.2/gems/railties-6.1.7.7/lib/rails/rack/logger.rb:26:in `block in call'[0m
      [36m# /home/ec2-user/.rvm/gems/ruby-3.1.2/gems/railties-6.1.7.7/lib/rails/rack/logger.rb:26:in `call'[0m
      [36m# /home/ec2-user/.rvm/gems/ruby-3.1.2/gems/rack-2.2.8.1/lib/rack/method_override.rb:24:in `call'[0m
      [36m# /home/ec2-user/.rvm/gems/ruby-3.1.2/gems/rack-2.2.8.1/lib/rack/runtime.rb:22:in `call'[0m
      [36m# /home/ec2-user/.rvm/gems/ruby-3.1.2/gems/rack-2.2.8.1/lib/rack/sendfile.rb:110:in `call'[0m
      [36m# /home/ec2-user/.rvm/gems/ruby-3.1.2/gems/railties-6.1.7.7/lib/rails/engine.rb:539:in `call'[0m
      [36m# /home/ec2-user/.rvm/gems/ruby-3.1.2/gems/rack-2.2.8.1/lib/rack/urlmap.rb:74:in `block in call'[0m
      [36m# /home/ec2-user/.rvm/gems/ruby-3.1.2/gems/rack-2.2.8.1/lib/rack/urlmap.rb:58:in `each'[0m
      [36m# /home/ec2-user/.rvm/gems/ruby-3.1.2/gems/rack-2.2.8.1/lib/rack/urlmap.rb:58:in `call'[0m
      [36m# /home/ec2-user/.rvm/gems/ruby-3.1.2/gems/rack-2.2.8.1/lib/rack/builder.rb:244:in `call'[0m
      [36m# /home/ec2-user/.rvm/gems/ruby-3.1.2/gems/rack-test-2.1.0/lib/rack/test.rb:360:in `process_request'[0m
      [36m# /home/ec2-user/.rvm/gems/ruby-3.1.2/gems/rack-test-2.1.0/lib/rack/test.rb:163:in `custom_request'[0m
      [36m# /home/ec2-user/.rvm/gems/ruby-3.1.2/gems/rack-test-2.1.0/lib/rack/test.rb:112:in `get'[0m
      [36m# /home/ec2-user/.rvm/gems/ruby-3.1.2/gems/capybara-3.40.0/lib/capybara/rack_test/browser.rb:81:in `process'[0m
      [36m# /home/ec2-user/.rvm/gems/ruby-3.1.2/gems/capybara-3.40.0/lib/capybara/rack_test/browser.rb:56:in `process_and_follow_redirects'[0m
      [36m# /home/ec2-user/.rvm/gems/ruby-3.1.2/gems/capybara-3.40.0/lib/capybara/rack_test/browser.rb:26:in `visit'[0m
      [36m# /home/ec2-user/.rvm/gems/ruby-3.1.2/gems/capybara-3.40.0/lib/capybara/rack_test/driver.rb:46:in `visit'[0m
      [36m# /home/ec2-user/.rvm/gems/ruby-3.1.2/gems/capybara-3.40.0/lib/capybara/session.rb:281:in `visit'[0m
      [36m# /home/ec2-user/.rvm/gems/ruby-3.1.2/gems/capybara-3.40.0/lib/capybara/dsl.rb:52:in `call'[0m
      [36m# /home/ec2-user/.rvm/gems/ruby-3.1.2/gems/capybara-3.40.0/lib/capybara/dsl.rb:52:in `visit'[0m
      [36m# ./spec/system/books_spec.rb:97:in `block (3 levels) in <main>'[0m
      [36m# ------------------[0m
      [36m# --- Caused by: ---[0m
      [36m# Webpacker::Manifest::MissingEntryError:[0m
      [36m#   Webpacker can't find application.js in /home/ec2-user/environment/bookers/public/packs-test/manifest.json. Possible causes:[0m
      [36m#   1. You want to set webpacker.yml value of compile to true for your environment[0m
      [36m#      unless you are using the `webpack -w` or the webpack-dev-server.[0m
      [36m#   2. webpack has not yet re-run to reflect updates.[0m
      [36m#   3. You have misconfigured Webpacker's config/webpacker.yml file.[0m
      [36m#   4. Your webpack configuration is not creating a manifest.[0m
      [36m#   Your manifest contains:[0m
      [36m#   {[0m
      [36m#   }[0m
      [36m#   /home/ec2-user/.rvm/gems/ruby-3.1.2/gems/webpacker-5.4.4/lib/webpacker/manifest.rb:79:in `handle_missing_entry'[0m

  14) æŠ•ç¨¿ã®ãƒ†ã‚¹ãƒˆ è©³ç´°ç”»é¢ã®ãƒ†ã‚¹ãƒˆ è¡¨ç¤ºã®ç¢ºèª Editãƒªãƒ³ã‚¯ãŒè¡¨ç¤ºã•ã‚Œã‚‹
      [31mFailure/Error: <%= javascript_pack_tag 'application', 'data-turbolinks-track': 'reload' %>[0m
      [31m[0m
      [31mActionView::Template::Error:[0m
      [31m  Webpacker can't find application.js in /home/ec2-user/environment/bookers/public/packs-test/manifest.json. Possible causes:[0m
      [31m  1. You want to set webpacker.yml value of compile to true for your environment[0m
      [31m     unless you are using the `webpack -w` or the webpack-dev-server.[0m
      [31m  2. webpack has not yet re-run to reflect updates.[0m
      [31m  3. You have misconfigured Webpacker's config/webpacker.yml file.[0m
      [31m  4. Your webpack configuration is not creating a manifest.[0m
      [31m  Your manifest contains:[0m
      [31m  {[0m
      [31m  }[0m
      [36m# /home/ec2-user/.rvm/gems/ruby-3.1.2/gems/webpacker-5.4.4/lib/webpacker/manifest.rb:79:in `handle_missing_entry'[0m
      [36m# /home/ec2-user/.rvm/gems/ruby-3.1.2/gems/webpacker-5.4.4/lib/webpacker/manifest.rb:49:in `lookup!'[0m
      [36m# /home/ec2-user/.rvm/gems/ruby-3.1.2/gems/webpacker-5.4.4/lib/webpacker/helper.rb:182:in `block in sources_from_manifest_entries'[0m
      [36m# /home/ec2-user/.rvm/gems/ruby-3.1.2/gems/webpacker-5.4.4/lib/webpacker/helper.rb:182:in `map'[0m
      [36m# /home/ec2-user/.rvm/gems/ruby-3.1.2/gems/webpacker-5.4.4/lib/webpacker/helper.rb:182:in `sources_from_manifest_entries'[0m
      [36m# /home/ec2-user/.rvm/gems/ruby-3.1.2/gems/webpacker-5.4.4/lib/webpacker/helper.rb:81:in `javascript_pack_tag'[0m
      [36m# ./app/views/layouts/application.html.erb:10:in `_app_views_layouts_application_html_erb___4434516088945564820_17920'[0m
      [36m# /home/ec2-user/.rvm/gems/ruby-3.1.2/gems/actiontext-6.1.7.7/lib/action_text/rendering.rb:20:in `with_renderer'[0m
      [36m# /home/ec2-user/.rvm/gems/ruby-3.1.2/gems/actiontext-6.1.7.7/lib/action_text/engine.rb:59:in `block (4 levels) in <class:Engine>'[0m
      [36m# /home/ec2-user/.rvm/gems/ruby-3.1.2/gems/rack-2.2.8.1/lib/rack/tempfile_reaper.rb:15:in `call'[0m
      [36m# /home/ec2-user/.rvm/gems/ruby-3.1.2/gems/rack-2.2.8.1/lib/rack/etag.rb:27:in `call'[0m
      [36m# /home/ec2-user/.rvm/gems/ruby-3.1.2/gems/rack-2.2.8.1/lib/rack/conditional_get.rb:27:in `call'[0m
      [36m# /home/ec2-user/.rvm/gems/ruby-3.1.2/gems/rack-2.2.8.1/lib/rack/head.rb:12:in `call'[0m
      [36m# /home/ec2-user/.rvm/gems/ruby-3.1.2/gems/rack-2.2.8.1/lib/rack/session/abstract/id.rb:266:in `context'[0m
      [36m# /home/ec2-user/.rvm/gems/ruby-3.1.2/gems/rack-2.2.8.1/lib/rack/session/abstract/id.rb:260:in `call'[0m
      [36m# /home/ec2-user/.rvm/gems/ruby-3.1.2/gems/railties-6.1.7.7/lib/rails/rack/logger.rb:37:in `call_app'[0m
      [36m# /home/ec2-user/.rvm/gems/ruby-3.1.2/gems/railties-6.1.7.7/lib/rails/rack/logger.rb:26:in `block in call'[0m
      [36m# /home/ec2-user/.rvm/gems/ruby-3.1.2/gems/railties-6.1.7.7/lib/rails/rack/logger.rb:26:in `call'[0m
      [36m# /home/ec2-user/.rvm/gems/ruby-3.1.2/gems/rack-2.2.8.1/lib/rack/method_override.rb:24:in `call'[0m
      [36m# /home/ec2-user/.rvm/gems/ruby-3.1.2/gems/rack-2.2.8.1/lib/rack/runtime.rb:22:in `call'[0m
      [36m# /home/ec2-user/.rvm/gems/ruby-3.1.2/gems/rack-2.2.8.1/lib/rack/sendfile.rb:110:in `call'[0m
      [36m# /home/ec2-user/.rvm/gems/ruby-3.1.2/gems/railties-6.1.7.7/lib/rails/engine.rb:539:in `call'[0m
      [36m# /home/ec2-user/.rvm/gems/ruby-3.1.2/gems/rack-2.2.8.1/lib/rack/urlmap.rb:74:in `block in call'[0m
      [36m# /home/ec2-user/.rvm/gems/ruby-3.1.2/gems/rack-2.2.8.1/lib/rack/urlmap.rb:58:in `each'[0m
      [36m# /home/ec2-user/.rvm/gems/ruby-3.1.2/gems/rack-2.2.8.1/lib/rack/urlmap.rb:58:in `call'[0m
      [36m# /home/ec2-user/.rvm/gems/ruby-3.1.2/gems/rack-2.2.8.1/lib/rack/builder.rb:244:in `call'[0m
      [36m# /home/ec2-user/.rvm/gems/ruby-3.1.2/gems/rack-test-2.1.0/lib/rack/test.rb:360:in `process_request'[0m
      [36m# /home/ec2-user/.rvm/gems/ruby-3.1.2/gems/rack-test-2.1.0/lib/rack/test.rb:163:in `custom_request'[0m
      [36m# /home/ec2-user/.rvm/gems/ruby-3.1.2/gems/rack-test-2.1.0/lib/rack/test.rb:112:in `get'[0m
      [36m# /home/ec2-user/.rvm/gems/ruby-3.1.2/gems/capybara-3.40.0/lib/capybara/rack_test/browser.rb:81:in `process'[0m
      [36m# /home/ec2-user/.rvm/gems/ruby-3.1.2/gems/capybara-3.40.0/lib/capybara/rack_test/browser.rb:56:in `process_and_follow_redirects'[0m
      [36m# /home/ec2-user/.rvm/gems/ruby-3.1.2/gems/capybara-3.40.0/lib/capybara/rack_test/browser.rb:26:in `visit'[0m
      [36m# /home/ec2-user/.rvm/gems/ruby-3.1.2/gems/capybara-3.40.0/lib/capybara/rack_test/driver.rb:46:in `visit'[0m
      [36m# /home/ec2-user/.rvm/gems/ruby-3.1.2/gems/capybara-3.40.0/lib/capybara/session.rb:281:in `visit'[0m
      [36m# /home/ec2-user/.rvm/gems/ruby-3.1.2/gems/capybara-3.40.0/lib/capybara/dsl.rb:52:in `call'[0m
      [36m# /home/ec2-user/.rvm/gems/ruby-3.1.2/gems/capybara-3.40.0/lib/capybara/dsl.rb:52:in `visit'[0m
      [36m# ./spec/system/books_spec.rb:97:in `block (3 levels) in <main>'[0m
      [36m# ------------------[0m
      [36m# --- Caused by: ---[0m
      [36m# Webpacker::Manifest::MissingEntryError:[0m
      [36m#   Webpacker can't find application.js in /home/ec2-user/environment/bookers/public/packs-test/manifest.json. Possible causes:[0m
      [36m#   1. You want to set webpacker.yml value of compile to true for your environment[0m
      [36m#      unless you are using the `webpack -w` or the webpack-dev-server.[0m
      [36m#   2. webpack has not yet re-run to reflect updates.[0m
      [36m#   3. You have misconfigured Webpacker's config/webpacker.yml file.[0m
      [36m#   4. Your webpack configuration is not creating a manifest.[0m
      [36m#   Your manifest contains:[0m
      [36m#   {[0m
      [36m#   }[0m
      [36m#   /home/ec2-user/.rvm/gems/ruby-3.1.2/gems/webpacker-5.4.4/lib/webpacker/manifest.rb:79:in `handle_missing_entry'[0m

  15) æŠ•ç¨¿ã®ãƒ†ã‚¹ãƒˆ è©³ç´°ç”»é¢ã®ãƒ†ã‚¹ãƒˆ è¡¨ç¤ºã®ç¢ºèª Backãƒªãƒ³ã‚¯ãŒè¡¨ç¤ºã•ã‚Œã‚‹
      [31mFailure/Error: <%= javascript_pack_tag 'application', 'data-turbolinks-track': 'reload' %>[0m
      [31m[0m
      [31mActionView::Template::Error:[0m
      [31m  Webpacker can't find application.js in /home/ec2-user/environment/bookers/public/packs-test/manifest.json. Possible causes:[0m
      [31m  1. You want to set webpacker.yml value of compile to true for your environment[0m
      [31m     unless you are using the `webpack -w` or the webpack-dev-server.[0m
      [31m  2. webpack has not yet re-run to reflect updates.[0m
      [31m  3. You have misconfigured Webpacker's config/webpacker.yml file.[0m
      [31m  4. Your webpack configuration is not creating a manifest.[0m
      [31m  Your manifest contains:[0m
      [31m  {[0m
      [31m  }[0m
      [36m# /home/ec2-user/.rvm/gems/ruby-3.1.2/gems/webpacker-5.4.4/lib/webpacker/manifest.rb:79:in `handle_missing_entry'[0m
      [36m# /home/ec2-user/.rvm/gems/ruby-3.1.2/gems/webpacker-5.4.4/lib/webpacker/manifest.rb:49:in `lookup!'[0m
      [36m# /home/ec2-user/.rvm/gems/ruby-3.1.2/gems/webpacker-5.4.4/lib/webpacker/helper.rb:182:in `block in sources_from_manifest_entries'[0m
      [36m# /home/ec2-user/.rvm/gems/ruby-3.1.2/gems/webpacker-5.4.4/lib/webpacker/helper.rb:182:in `map'[0m
      [36m# /home/ec2-user/.rvm/gems/ruby-3.1.2/gems/webpacker-5.4.4/lib/webpacker/helper.rb:182:in `sources_from_manifest_entries'[0m
      [36m# /home/ec2-user/.rvm/gems/ruby-3.1.2/gems/webpacker-5.4.4/lib/webpacker/helper.rb:81:in `javascript_pack_tag'[0m
      [36m# ./app/views/layouts/application.html.erb:10:in `_app_views_layouts_application_html_erb___4434516088945564820_17920'[0m
      [36m# /home/ec2-user/.rvm/gems/ruby-3.1.2/gems/actiontext-6.1.7.7/lib/action_text/rendering.rb:20:in `with_renderer'[0m
      [36m# /home/ec2-user/.rvm/gems/ruby-3.1.2/gems/actiontext-6.1.7.7/lib/action_text/engine.rb:59:in `block (4 levels) in <class:Engine>'[0m
      [36m# /home/ec2-user/.rvm/gems/ruby-3.1.2/gems/rack-2.2.8.1/lib/rack/tempfile_reaper.rb:15:in `call'[0m
      [36m# /home/ec2-user/.rvm/gems/ruby-3.1.2/gems/rack-2.2.8.1/lib/rack/etag.rb:27:in `call'[0m
      [36m# /home/ec2-user/.rvm/gems/ruby-3.1.2/gems/rack-2.2.8.1/lib/rack/conditional_get.rb:27:in `call'[0m
      [36m# /home/ec2-user/.rvm/gems/ruby-3.1.2/gems/rack-2.2.8.1/lib/rack/head.rb:12:in `call'[0m
      [36m# /home/ec2-user/.rvm/gems/ruby-3.1.2/gems/rack-2.2.8.1/lib/rack/session/abstract/id.rb:266:in `context'[0m
      [36m# /home/ec2-user/.rvm/gems/ruby-3.1.2/gems/rack-2.2.8.1/lib/rack/session/abstract/id.rb:260:in `call'[0m
      [36m# /home/ec2-user/.rvm/gems/ruby-3.1.2/gems/railties-6.1.7.7/lib/rails/rack/logger.rb:37:in `call_app'[0m
      [36m# /home/ec2-user/.rvm/gems/ruby-3.1.2/gems/railties-6.1.7.7/lib/rails/rack/logger.rb:26:in `block in call'[0m
      [36m# /home/ec2-user/.rvm/gems/ruby-3.1.2/gems/railties-6.1.7.7/lib/rails/rack/logger.rb:26:in `call'[0m
      [36m# /home/ec2-user/.rvm/gems/ruby-3.1.2/gems/rack-2.2.8.1/lib/rack/method_override.rb:24:in `call'[0m
      [36m# /home/ec2-user/.rvm/gems/ruby-3.1.2/gems/rack-2.2.8.1/lib/rack/runtime.rb:22:in `call'[0m
      [36m# /home/ec2-user/.rvm/gems/ruby-3.1.2/gems/rack-2.2.8.1/lib/rack/sendfile.rb:110:in `call'[0m
      [36m# /home/ec2-user/.rvm/gems/ruby-3.1.2/gems/railties-6.1.7.7/lib/rails/engine.rb:539:in `call'[0m
      [36m# /home/ec2-user/.rvm/gems/ruby-3.1.2/gems/rack-2.2.8.1/lib/rack/urlmap.rb:74:in `block in call'[0m
      [36m# /home/ec2-user/.rvm/gems/ruby-3.1.2/gems/rack-2.2.8.1/lib/rack/urlmap.rb:58:in `each'[0m
      [36m# /home/ec2-user/.rvm/gems/ruby-3.1.2/gems/rack-2.2.8.1/lib/rack/urlmap.rb:58:in `call'[0m
      [36m# /home/ec2-user/.rvm/gems/ruby-3.1.2/gems/rack-2.2.8.1/lib/rack/builder.rb:244:in `call'[0m
      [36m# /home/ec2-user/.rvm/gems/ruby-3.1.2/gems/rack-test-2.1.0/lib/rack/test.rb:360:in `process_request'[0m
      [36m# /home/ec2-user/.rvm/gems/ruby-3.1.2/gems/rack-test-2.1.0/lib/rack/test.rb:163:in `custom_request'[0m
      [36m# /home/ec2-user/.rvm/gems/ruby-3.1.2/gems/rack-test-2.1.0/lib/rack/test.rb:112:in `get'[0m
      [36m# /home/ec2-user/.rvm/gems/ruby-3.1.2/gems/capybara-3.40.0/lib/capybara/rack_test/browser.rb:81:in `process'[0m
      [36m# /home/ec2-user/.rvm/gems/ruby-3.1.2/gems/capybara-3.40.0/lib/capybara/rack_test/browser.rb:56:in `process_and_follow_redirects'[0m
      [36m# /home/ec2-user/.rvm/gems/ruby-3.1.2/gems/capybara-3.40.0/lib/capybara/rack_test/browser.rb:26:in `visit'[0m
      [36m# /home/ec2-user/.rvm/gems/ruby-3.1.2/gems/capybara-3.40.0/lib/capybara/rack_test/driver.rb:46:in `visit'[0m
      [36m# /home/ec2-user/.rvm/gems/ruby-3.1.2/gems/capybara-3.40.0/lib/capybara/session.rb:281:in `visit'[0m
      [36m# /home/ec2-user/.rvm/gems/ruby-3.1.2/gems/capybara-3.40.0/lib/capybara/dsl.rb:52:in `call'[0m
      [36m# /home/ec2-user/.rvm/gems/ruby-3.1.2/gems/capybara-3.40.0/lib/capybara/dsl.rb:52:in `visit'[0m
      [36m# ./spec/system/books_spec.rb:97:in `block (3 levels) in <main>'[0m
      [36m# ------------------[0m
      [36m# --- Caused by: ---[0m
      [36m# Webpacker::Manifest::MissingEntryError:[0m
      [36m#   Webpacker can't find application.js in /home/ec2-user/environment/bookers/public/packs-test/manifest.json. Possible causes:[0m
      [36m#   1. You want to set webpacker.yml value of compile to true for your environment[0m
      [36m#      unless you are using the `webpack -w` or the webpack-dev-server.[0m
      [36m#   2. webpack has not yet re-run to reflect updates.[0m
      [36m#   3. You have misconfigured Webpacker's config/webpacker.yml file.[0m
      [36m#   4. Your webpack configuration is not creating a manifest.[0m
      [36m#   Your manifest contains:[0m
      [36m#   {[0m
      [36m#   }[0m
      [36m#   /home/ec2-user/.rvm/gems/ruby-3.1.2/gems/webpacker-5.4.4/lib/webpacker/manifest.rb:79:in `handle_missing_entry'[0m

  16) æŠ•ç¨¿ã®ãƒ†ã‚¹ãƒˆ è©³ç´°ç”»é¢ã®ãƒ†ã‚¹ãƒˆ ãƒªãƒ³ã‚¯ã®é·ç§»å…ˆã®ç¢ºèª Editã®é·ç§»å…ˆã¯ç·¨é›†ç”»é¢ã‹
      [31mFailure/Error: <%= javascript_pack_tag 'application', 'data-turbolinks-track': 'reload' %>[0m
      [31m[0m
      [31mActionView::Template::Error:[0m
      [31m  Webpacker can't find application.js in /home/ec2-user/environment/bookers/public/packs-test/manifest.json. Possible causes:[0m
      [31m  1. You want to set webpacker.yml value of compile to true for your environment[0m
      [31m     unless you are using the `webpack -w` or the webpack-dev-server.[0m
      [31m  2. webpack has not yet re-run to reflect updates.[0m
      [31m  3. You have misconfigured Webpacker's config/webpacker.yml file.[0m
      [31m  4. Your webpack configuration is not creating a manifest.[0m
      [31m  Your manifest contains:[0m
      [31m  {[0m
      [31m  }[0m
      [36m# /home/ec2-user/.rvm/gems/ruby-3.1.2/gems/webpacker-5.4.4/lib/webpacker/manifest.rb:79:in `handle_missing_entry'[0m
      [36m# /home/ec2-user/.rvm/gems/ruby-3.1.2/gems/webpacker-5.4.4/lib/webpacker/manifest.rb:49:in `lookup!'[0m
      [36m# /home/ec2-user/.rvm/gems/ruby-3.1.2/gems/webpacker-5.4.4/lib/webpacker/helper.rb:182:in `block in sources_from_manifest_entries'[0m
      [36m# /home/ec2-user/.rvm/gems/ruby-3.1.2/gems/webpacker-5.4.4/lib/webpacker/helper.rb:182:in `map'[0m
      [36m# /home/ec2-user/.rvm/gems/ruby-3.1.2/gems/webpacker-5.4.4/lib/webpacker/helper.rb:182:in `sources_from_manifest_entries'[0m
      [36m# /home/ec2-user/.rvm/gems/ruby-3.1.2/gems/webpacker-5.4.4/lib/webpacker/helper.rb:81:in `javascript_pack_tag'[0m
      [36m# ./app/views/layouts/application.html.erb:10:in `_app_views_layouts_application_html_erb___4434516088945564820_17920'[0m
      [36m# /home/ec2-user/.rvm/gems/ruby-3.1.2/gems/actiontext-6.1.7.7/lib/action_text/rendering.rb:20:in `with_renderer'[0m
      [36m# /home/ec2-user/.rvm/gems/ruby-3.1.2/gems/actiontext-6.1.7.7/lib/action_text/engine.rb:59:in `block (4 levels) in <class:Engine>'[0m
      [36m# /home/ec2-user/.rvm/gems/ruby-3.1.2/gems/rack-2.2.8.1/lib/rack/tempfile_reaper.rb:15:in `call'[0m
      [36m# /home/ec2-user/.rvm/gems/ruby-3.1.2/gems/rack-2.2.8.1/lib/rack/etag.rb:27:in `call'[0m
      [36m# /home/ec2-user/.rvm/gems/ruby-3.1.2/gems/rack-2.2.8.1/lib/rack/conditional_get.rb:27:in `call'[0m
      [36m# /home/ec2-user/.rvm/gems/ruby-3.1.2/gems/rack-2.2.8.1/lib/rack/head.rb:12:in `call'[0m
      [36m# /home/ec2-user/.rvm/gems/ruby-3.1.2/gems/rack-2.2.8.1/lib/rack/session/abstract/id.rb:266:in `context'[0m
      [36m# /home/ec2-user/.rvm/gems/ruby-3.1.2/gems/rack-2.2.8.1/lib/rack/session/abstract/id.rb:260:in `call'[0m
      [36m# /home/ec2-user/.rvm/gems/ruby-3.1.2/gems/railties-6.1.7.7/lib/rails/rack/logger.rb:37:in `call_app'[0m
      [36m# /home/ec2-user/.rvm/gems/ruby-3.1.2/gems/railties-6.1.7.7/lib/rails/rack/logger.rb:26:in `block in call'[0m
      [36m# /home/ec2-user/.rvm/gems/ruby-3.1.2/gems/railties-6.1.7.7/lib/rails/rack/logger.rb:26:in `call'[0m
      [36m# /home/ec2-user/.rvm/gems/ruby-3.1.2/gems/rack-2.2.8.1/lib/rack/method_override.rb:24:in `call'[0m
      [36m# /home/ec2-user/.rvm/gems/ruby-3.1.2/gems/rack-2.2.8.1/lib/rack/runtime.rb:22:in `call'[0m
      [36m# /home/ec2-user/.rvm/gems/ruby-3.1.2/gems/rack-2.2.8.1/lib/rack/sendfile.rb:110:in `call'[0m
      [36m# /home/ec2-user/.rvm/gems/ruby-3.1.2/gems/railties-6.1.7.7/lib/rails/engine.rb:539:in `call'[0m
      [36m# /home/ec2-user/.rvm/gems/ruby-3.1.2/gems/rack-2.2.8.1/lib/rack/urlmap.rb:74:in `block in call'[0m
      [36m# /home/ec2-user/.rvm/gems/ruby-3.1.2/gems/rack-2.2.8.1/lib/rack/urlmap.rb:58:in `each'[0m
      [36m# /home/ec2-user/.rvm/gems/ruby-3.1.2/gems/rack-2.2.8.1/lib/rack/urlmap.rb:58:in `call'[0m
      [36m# /home/ec2-user/.rvm/gems/ruby-3.1.2/gems/rack-2.2.8.1/lib/rack/builder.rb:244:in `call'[0m
      [36m# /home/ec2-user/.rvm/gems/ruby-3.1.2/gems/rack-test-2.1.0/lib/rack/test.rb:360:in `process_request'[0m
      [36m# /home/ec2-user/.rvm/gems/ruby-3.1.2/gems/rack-test-2.1.0/lib/rack/test.rb:163:in `custom_request'[0m
      [36m# /home/ec2-user/.rvm/gems/ruby-3.1.2/gems/rack-test-2.1.0/lib/rack/test.rb:112:in `get'[0m
      [36m# /home/ec2-user/.rvm/gems/ruby-3.1.2/gems/capybara-3.40.0/lib/capybara/rack_test/browser.rb:81:in `process'[0m
      [36m# /home/ec2-user/.rvm/gems/ruby-3.1.2/gems/capybara-3.40.0/lib/capybara/rack_test/browser.rb:56:in `process_and_follow_redirects'[0m
      [36m# /home/ec2-user/.rvm/gems/ruby-3.1.2/gems/capybara-3.40.0/lib/capybara/rack_test/browser.rb:26:in `visit'[0m
      [36m# /home/ec2-user/.rvm/gems/ruby-3.1.2/gems/capybara-3.40.0/lib/capybara/rack_test/driver.rb:46:in `visit'[0m
      [36m# /home/ec2-user/.rvm/gems/ruby-3.1.2/gems/capybara-3.40.0/lib/capybara/session.rb:281:in `visit'[0m
      [36m# /home/ec2-user/.rvm/gems/ruby-3.1.2/gems/capybara-3.40.0/lib/capybara/dsl.rb:52:in `call'[0m
      [36m# /home/ec2-user/.rvm/gems/ruby-3.1.2/gems/capybara-3.40.0/lib/capybara/dsl.rb:52:in `visit'[0m
      [36m# ./spec/system/books_spec.rb:97:in `block (3 levels) in <main>'[0m
      [36m# ------------------[0m
      [36m# --- Caused by: ---[0m
      [36m# Webpacker::Manifest::MissingEntryError:[0m
      [36m#   Webpacker can't find application.js in /home/ec2-user/environment/bookers/public/packs-test/manifest.json. Possible causes:[0m
      [36m#   1. You want to set webpacker.yml value of compile to true for your environment[0m
      [36m#      unless you are using the `webpack -w` or the webpack-dev-server.[0m
      [36m#   2. webpack has not yet re-run to reflect updates.[0m
      [36m#   3. You have misconfigured Webpacker's config/webpacker.yml file.[0m
      [36m#   4. Your webpack configuration is not creating a manifest.[0m
      [36m#   Your manifest contains:[0m
      [36m#   {[0m
      [36m#   }[0m
      [36m#   /home/ec2-user/.rvm/gems/ruby-3.1.2/gems/webpacker-5.4.4/lib/webpacker/manifest.rb:79:in `handle_missing_entry'[0m

  17) æŠ•ç¨¿ã®ãƒ†ã‚¹ãƒˆ è©³ç´°ç”»é¢ã®ãƒ†ã‚¹ãƒˆ ãƒªãƒ³ã‚¯ã®é·ç§»å…ˆã®ç¢ºèª Backã®é·ç§»å…ˆã¯ä¸€è¦§ç”»é¢ã‹
      [31mFailure/Error: <%= javascript_pack_tag 'application', 'data-turbolinks-track': 'reload' %>[0m
      [31m[0m
      [31mActionView::Template::Error:[0m
      [31m  Webpacker can't find application.js in /home/ec2-user/environment/bookers/public/packs-test/manifest.json. Possible causes:[0m
      [31m  1. You want to set webpacker.yml value of compile to true for your environment[0m
      [31m     unless you are using the `webpack -w` or the webpack-dev-server.[0m
      [31m  2. webpack has not yet re-run to reflect updates.[0m
      [31m  3. You have misconfigured Webpacker's config/webpacker.yml file.[0m
      [31m  4. Your webpack configuration is not creating a manifest.[0m
      [31m  Your manifest contains:[0m
      [31m  {[0m
      [31m  }[0m
      [36m# /home/ec2-user/.rvm/gems/ruby-3.1.2/gems/webpacker-5.4.4/lib/webpacker/manifest.rb:79:in `handle_missing_entry'[0m
      [36m# /home/ec2-user/.rvm/gems/ruby-3.1.2/gems/webpacker-5.4.4/lib/webpacker/manifest.rb:49:in `lookup!'[0m
      [36m# /home/ec2-user/.rvm/gems/ruby-3.1.2/gems/webpacker-5.4.4/lib/webpacker/helper.rb:182:in `block in sources_from_manifest_entries'[0m
      [36m# /home/ec2-user/.rvm/gems/ruby-3.1.2/gems/webpacker-5.4.4/lib/webpacker/helper.rb:182:in `map'[0m
      [36m# /home/ec2-user/.rvm/gems/ruby-3.1.2/gems/webpacker-5.4.4/lib/webpacker/helper.rb:182:in `sources_from_manifest_entries'[0m
      [36m# /home/ec2-user/.rvm/gems/ruby-3.1.2/gems/webpacker-5.4.4/lib/webpacker/helper.rb:81:in `javascript_pack_tag'[0m
      [36m# ./app/views/layouts/application.html.erb:10:in `_app_views_layouts_application_html_erb___4434516088945564820_17920'[0m
      [36m# /home/ec2-user/.rvm/gems/ruby-3.1.2/gems/actiontext-6.1.7.7/lib/action_text/rendering.rb:20:in `with_renderer'[0m
      [36m# /home/ec2-user/.rvm/gems/ruby-3.1.2/gems/actiontext-6.1.7.7/lib/action_text/engine.rb:59:in `block (4 levels) in <class:Engine>'[0m
      [36m# /home/ec2-user/.rvm/gems/ruby-3.1.2/gems/rack-2.2.8.1/lib/rack/tempfile_reaper.rb:15:in `call'[0m
      [36m# /home/ec2-user/.rvm/gems/ruby-3.1.2/gems/rack-2.2.8.1/lib/rack/etag.rb:27:in `call'[0m
      [36m# /home/ec2-user/.rvm/gems/ruby-3.1.2/gems/rack-2.2.8.1/lib/rack/conditional_get.rb:27:in `call'[0m
      [36m# /home/ec2-user/.rvm/gems/ruby-3.1.2/gems/rack-2.2.8.1/lib/rack/head.rb:12:in `call'[0m
      [36m# /home/ec2-user/.rvm/gems/ruby-3.1.2/gems/rack-2.2.8.1/lib/rack/session/abstract/id.rb:266:in `context'[0m
      [36m# /home/ec2-user/.rvm/gems/ruby-3.1.2/gems/rack-2.2.8.1/lib/rack/session/abstract/id.rb:260:in `call'[0m
      [36m# /home/ec2-user/.rvm/gems/ruby-3.1.2/gems/railties-6.1.7.7/lib/rails/rack/logger.rb:37:in `call_app'[0m
      [36m# /home/ec2-user/.rvm/gems/ruby-3.1.2/gems/railties-6.1.7.7/lib/rails/rack/logger.rb:26:in `block in call'[0m
      [36m# /home/ec2-user/.rvm/gems/ruby-3.1.2/gems/railties-6.1.7.7/lib/rails/rack/logger.rb:26:in `call'[0m
      [36m# /home/ec2-user/.rvm/gems/ruby-3.1.2/gems/rack-2.2.8.1/lib/rack/method_override.rb:24:in `call'[0m
      [36m# /home/ec2-user/.rvm/gems/ruby-3.1.2/gems/rack-2.2.8.1/lib/rack/runtime.rb:22:in `call'[0m
      [36m# /home/ec2-user/.rvm/gems/ruby-3.1.2/gems/rack-2.2.8.1/lib/rack/sendfile.rb:110:in `call'[0m
      [36m# /home/ec2-user/.rvm/gems/ruby-3.1.2/gems/railties-6.1.7.7/lib/rails/engine.rb:539:in `call'[0m
      [36m# /home/ec2-user/.rvm/gems/ruby-3.1.2/gems/rack-2.2.8.1/lib/rack/urlmap.rb:74:in `block in call'[0m
      [36m# /home/ec2-user/.rvm/gems/ruby-3.1.2/gems/rack-2.2.8.1/lib/rack/urlmap.rb:58:in `each'[0m
      [36m# /home/ec2-user/.rvm/gems/ruby-3.1.2/gems/rack-2.2.8.1/lib/rack/urlmap.rb:58:in `call'[0m
      [36m# /home/ec2-user/.rvm/gems/ruby-3.1.2/gems/rack-2.2.8.1/lib/rack/builder.rb:244:in `call'[0m
      [36m# /home/ec2-user/.rvm/gems/ruby-3.1.2/gems/rack-test-2.1.0/lib/rack/test.rb:360:in `process_request'[0m
      [36m# /home/ec2-user/.rvm/gems/ruby-3.1.2/gems/rack-test-2.1.0/lib/rack/test.rb:163:in `custom_request'[0m
      [36m# /home/ec2-user/.rvm/gems/ruby-3.1.2/gems/rack-test-2.1.0/lib/rack/test.rb:112:in `get'[0m
      [36m# /home/ec2-user/.rvm/gems/ruby-3.1.2/gems/capybara-3.40.0/lib/capybara/rack_test/browser.rb:81:in `process'[0m
      [36m# /home/ec2-user/.rvm/gems/ruby-3.1.2/gems/capybara-3.40.0/lib/capybara/rack_test/browser.rb:56:in `process_and_follow_redirects'[0m
      [36m# /home/ec2-user/.rvm/gems/ruby-3.1.2/gems/capybara-3.40.0/lib/capybara/rack_test/browser.rb:26:in `visit'[0m
      [36m# /home/ec2-user/.rvm/gems/ruby-3.1.2/gems/capybara-3.40.0/lib/capybara/rack_test/driver.rb:46:in `visit'[0m
      [36m# /home/ec2-user/.rvm/gems/ruby-3.1.2/gems/capybara-3.40.0/lib/capybara/session.rb:281:in `visit'[0m
      [36m# /home/ec2-user/.rvm/gems/ruby-3.1.2/gems/capybara-3.40.0/lib/capybara/dsl.rb:52:in `call'[0m
      [36m# /home/ec2-user/.rvm/gems/ruby-3.1.2/gems/capybara-3.40.0/lib/capybara/dsl.rb:52:in `visit'[0m
      [36m# ./spec/system/books_spec.rb:97:in `block (3 levels) in <main>'[0m
      [36m# ------------------[0m
      [36m# --- Caused by: ---[0m
      [36m# Webpacker::Manifest::MissingEntryError:[0m
      [36m#   Webpacker can't find application.js in /home/ec2-user/environment/bookers/public/packs-test/manifest.json. Possible causes:[0m
      [36m#   1. You want to set webpacker.yml value of compile to true for your environment[0m
      [36m#      unless you are using the `webpack -w` or the webpack-dev-server.[0m
      [36m#   2. webpack has not yet re-run to reflect updates.[0m
      [36m#   3. You have misconfigured Webpacker's config/webpacker.yml file.[0m
      [36m#   4. Your webpack configuration is not creating a manifest.[0m
      [36m#   Your manifest contains:[0m
      [36m#   {[0m
      [36m#   }[0m
      [36m#   /home/ec2-user/.rvm/gems/ruby-3.1.2/gems/webpacker-5.4.4/lib/webpacker/manifest.rb:79:in `handle_missing_entry'[0m

  18) æŠ•ç¨¿ã®ãƒ†ã‚¹ãƒˆ ç·¨é›†ç”»é¢ã®ãƒ†ã‚¹ãƒˆ è¡¨ç¤ºã®ç¢ºèª ç·¨é›†å‰ã®ã‚¿ã‚¤ãƒˆãƒ«ã¨æ„Ÿæƒ³ãŒãƒ•ã‚©ãƒ¼ãƒ ã«è¡¨ç¤º(ã‚»ãƒƒãƒˆ)ã•ã‚Œã¦ã„ã‚‹
      [31mFailure/Error: <%= javascript_pack_tag 'application', 'data-turbolinks-track': 'reload' %>[0m
      [31m[0m
      [31mActionView::Template::Error:[0m
      [31m  Webpacker can't find application.js in /home/ec2-user/environment/bookers/public/packs-test/manifest.json. Possible causes:[0m
      [31m  1. You want to set webpacker.yml value of compile to true for your environment[0m
      [31m     unless you are using the `webpack -w` or the webpack-dev-server.[0m
      [31m  2. webpack has not yet re-run to reflect updates.[0m
      [31m  3. You have misconfigured Webpacker's config/webpacker.yml file.[0m
      [31m  4. Your webpack configuration is not creating a manifest.[0m
      [31m  Your manifest contains:[0m
      [31m  {[0m
      [31m  }[0m
      [36m# /home/ec2-user/.rvm/gems/ruby-3.1.2/gems/webpacker-5.4.4/lib/webpacker/manifest.rb:79:in `handle_missing_entry'[0m
      [36m# /home/ec2-user/.rvm/gems/ruby-3.1.2/gems/webpacker-5.4.4/lib/webpacker/manifest.rb:49:in `lookup!'[0m
      [36m# /home/ec2-user/.rvm/gems/ruby-3.1.2/gems/webpacker-5.4.4/lib/webpacker/helper.rb:182:in `block in sources_from_manifest_entries'[0m
      [36m# /home/ec2-user/.rvm/gems/ruby-3.1.2/gems/webpacker-5.4.4/lib/webpacker/helper.rb:182:in `map'[0m
      [36m# /home/ec2-user/.rvm/gems/ruby-3.1.2/gems/webpacker-5.4.4/lib/webpacker/helper.rb:182:in `sources_from_manifest_entries'[0m
      [36m# /home/ec2-user/.rvm/gems/ruby-3.1.2/gems/webpacker-5.4.4/lib/webpacker/helper.rb:81:in `javascript_pack_tag'[0m
      [36m# ./app/views/layouts/application.html.erb:10:in `_app_views_layouts_application_html_erb___4434516088945564820_17920'[0m
      [36m# /home/ec2-user/.rvm/gems/ruby-3.1.2/gems/actiontext-6.1.7.7/lib/action_text/rendering.rb:20:in `with_renderer'[0m
      [36m# /home/ec2-user/.rvm/gems/ruby-3.1.2/gems/actiontext-6.1.7.7/lib/action_text/engine.rb:59:in `block (4 levels) in <class:Engine>'[0m
      [36m# /home/ec2-user/.rvm/gems/ruby-3.1.2/gems/rack-2.2.8.1/lib/rack/tempfile_reaper.rb:15:in `call'[0m
      [36m# /home/ec2-user/.rvm/gems/ruby-3.1.2/gems/rack-2.2.8.1/lib/rack/etag.rb:27:in `call'[0m
      [36m# /home/ec2-user/.rvm/gems/ruby-3.1.2/gems/rack-2.2.8.1/lib/rack/conditional_get.rb:27:in `call'[0m
      [36m# /home/ec2-user/.rvm/gems/ruby-3.1.2/gems/rack-2.2.8.1/lib/rack/head.rb:12:in `call'[0m
      [36m# /home/ec2-user/.rvm/gems/ruby-3.1.2/gems/rack-2.2.8.1/lib/rack/session/abstract/id.rb:266:in `context'[0m
      [36m# /home/ec2-user/.rvm/gems/ruby-3.1.2/gems/rack-2.2.8.1/lib/rack/session/abstract/id.rb:260:in `call'[0m
      [36m# /home/ec2-user/.rvm/gems/ruby-3.1.2/gems/railties-6.1.7.7/lib/rails/rack/logger.rb:37:in `call_app'[0m
      [36m# /home/ec2-user/.rvm/gems/ruby-3.1.2/gems/railties-6.1.7.7/lib/rails/rack/logger.rb:26:in `block in call'[0m
      [36m# /home/ec2-user/.rvm/gems/ruby-3.1.2/gems/railties-6.1.7.7/lib/rails/rack/logger.rb:26:in `call'[0m
      [36m# /home/ec2-user/.rvm/gems/ruby-3.1.2/gems/rack-2.2.8.1/lib/rack/method_override.rb:24:in `call'[0m
      [36m# /home/ec2-user/.rvm/gems/ruby-3.1.2/gems/rack-2.2.8.1/lib/rack/runtime.rb:22:in `call'[0m
      [36m# /home/ec2-user/.rvm/gems/ruby-3.1.2/gems/rack-2.2.8.1/lib/rack/sendfile.rb:110:in `call'[0m
      [36m# /home/ec2-user/.rvm/gems/ruby-3.1.2/gems/railties-6.1.7.7/lib/rails/engine.rb:539:in `call'[0m
      [36m# /home/ec2-user/.rvm/gems/ruby-3.1.2/gems/rack-2.2.8.1/lib/rack/urlmap.rb:74:in `block in call'[0m
      [36m# /home/ec2-user/.rvm/gems/ruby-3.1.2/gems/rack-2.2.8.1/lib/rack/urlmap.rb:58:in `each'[0m
      [36m# /home/ec2-user/.rvm/gems/ruby-3.1.2/gems/rack-2.2.8.1/lib/rack/urlmap.rb:58:in `call'[0m
      [36m# /home/ec2-user/.rvm/gems/ruby-3.1.2/gems/rack-2.2.8.1/lib/rack/builder.rb:244:in `call'[0m
      [36m# /home/ec2-user/.rvm/gems/ruby-3.1.2/gems/rack-test-2.1.0/lib/rack/test.rb:360:in `process_request'[0m
      [36m# /home/ec2-user/.rvm/gems/ruby-3.1.2/gems/rack-test-2.1.0/lib/rack/test.rb:163:in `custom_request'[0m
      [36m# /home/ec2-user/.rvm/gems/ruby-3.1.2/gems/rack-test-2.1.0/lib/rack/test.rb:112:in `get'[0m
      [36m# /home/ec2-user/.rvm/gems/ruby-3.1.2/gems/capybara-3.40.0/lib/capybara/rack_test/browser.rb:81:in `process'[0m
      [36m# /home/ec2-user/.rvm/gems/ruby-3.1.2/gems/capybara-3.40.0/lib/capybara/rack_test/browser.rb:56:in `process_and_follow_redirects'[0m
      [36m# /home/ec2-user/.rvm/gems/ruby-3.1.2/gems/capybara-3.40.0/lib/capybara/rack_test/browser.rb:26:in `visit'[0m
      [36m# /home/ec2-user/.rvm/gems/ruby-3.1.2/gems/capybara-3.40.0/lib/capybara/rack_test/driver.rb:46:in `visit'[0m
      [36m# /home/ec2-user/.rvm/gems/ruby-3.1.2/gems/capybara-3.40.0/lib/capybara/session.rb:281:in `visit'[0m
      [36m# /home/ec2-user/.rvm/gems/ruby-3.1.2/gems/capybara-3.40.0/lib/capybara/dsl.rb:52:in `call'[0m
      [36m# /home/ec2-user/.rvm/gems/ruby-3.1.2/gems/capybara-3.40.0/lib/capybara/dsl.rb:52:in `visit'[0m
      [36m# ./spec/system/books_spec.rb:128:in `block (3 levels) in <main>'[0m
      [36m# ------------------[0m
      [36m# --- Caused by: ---[0m
      [36m# Webpacker::Manifest::MissingEntryError:[0m
      [36m#   Webpacker can't find application.js in /home/ec2-user/environment/bookers/public/packs-test/manifest.json. Possible causes:[0m
      [36m#   1. You want to set webpacker.yml value of compile to true for your environment[0m
      [36m#      unless you are using the `webpack -w` or the webpack-dev-server.[0m
      [36m#   2. webpack has not yet re-run to reflect updates.[0m
      [36m#   3. You have misconfigured Webpacker's config/webpacker.yml file.[0m
      [36m#   4. Your webpack configuration is not creating a manifest.[0m
      [36m#   Your manifest contains:[0m
      [36m#   {[0m
      [36m#   }[0m
      [36m#   /home/ec2-user/.rvm/gems/ruby-3.1.2/gems/webpacker-5.4.4/lib/webpacker/manifest.rb:79:in `handle_missing_entry'[0m

  19) æŠ•ç¨¿ã®ãƒ†ã‚¹ãƒˆ ç·¨é›†ç”»é¢ã®ãƒ†ã‚¹ãƒˆ è¡¨ç¤ºã®ç¢ºèª Update Bookãƒœã‚¿ãƒ³ãŒè¡¨ç¤ºã•ã‚Œã‚‹
      [31mFailure/Error: <%= javascript_pack_tag 'application', 'data-turbolinks-track': 'reload' %>[0m
      [31m[0m
      [31mActionView::Template::Error:[0m
      [31m  Webpacker can't find application.js in /home/ec2-user/environment/bookers/public/packs-test/manifest.json. Possible causes:[0m
      [31m  1. You want to set webpacker.yml value of compile to true for your environment[0m
      [31m     unless you are using the `webpack -w` or the webpack-dev-server.[0m
      [31m  2. webpack has not yet re-run to reflect updates.[0m
      [31m  3. You have misconfigured Webpacker's config/webpacker.yml file.[0m
      [31m  4. Your webpack configuration is not creating a manifest.[0m
      [31m  Your manifest contains:[0m
      [31m  {[0m
      [31m  }[0m
      [36m# /home/ec2-user/.rvm/gems/ruby-3.1.2/gems/webpacker-5.4.4/lib/webpacker/manifest.rb:79:in `handle_missing_entry'[0m
      [36m# /home/ec2-user/.rvm/gems/ruby-3.1.2/gems/webpacker-5.4.4/lib/webpacker/manifest.rb:49:in `lookup!'[0m
      [36m# /home/ec2-user/.rvm/gems/ruby-3.1.2/gems/webpacker-5.4.4/lib/webpacker/helper.rb:182:in `block in sources_from_manifest_entries'[0m
      [36m# /home/ec2-user/.rvm/gems/ruby-3.1.2/gems/webpacker-5.4.4/lib/webpacker/helper.rb:182:in `map'[0m
      [36m# /home/ec2-user/.rvm/gems/ruby-3.1.2/gems/webpacker-5.4.4/lib/webpacker/helper.rb:182:in `sources_from_manifest_entries'[0m
      [36m# /home/ec2-user/.rvm/gems/ruby-3.1.2/gems/webpacker-5.4.4/lib/webpacker/helper.rb:81:in `javascript_pack_tag'[0m
      [36m# ./app/views/layouts/application.html.erb:10:in `_app_views_layouts_application_html_erb___4434516088945564820_17920'[0m
      [36m# /home/ec2-user/.rvm/gems/ruby-3.1.2/gems/actiontext-6.1.7.7/lib/action_text/rendering.rb:20:in `with_renderer'[0m
      [36m# /home/ec2-user/.rvm/gems/ruby-3.1.2/gems/actiontext-6.1.7.7/lib/action_text/engine.rb:59:in `block (4 levels) in <class:Engine>'[0m
      [36m# /home/ec2-user/.rvm/gems/ruby-3.1.2/gems/rack-2.2.8.1/lib/rack/tempfile_reaper.rb:15:in `call'[0m
      [36m# /home/ec2-user/.rvm/gems/ruby-3.1.2/gems/rack-2.2.8.1/lib/rack/etag.rb:27:in `call'[0m
      [36m# /home/ec2-user/.rvm/gems/ruby-3.1.2/gems/rack-2.2.8.1/lib/rack/conditional_get.rb:27:in `call'[0m
      [36m# /home/ec2-user/.rvm/gems/ruby-3.1.2/gems/rack-2.2.8.1/lib/rack/head.rb:12:in `call'[0m
      [36m# /home/ec2-user/.rvm/gems/ruby-3.1.2/gems/rack-2.2.8.1/lib/rack/session/abstract/id.rb:266:in `context'[0m
      [36m# /home/ec2-user/.rvm/gems/ruby-3.1.2/gems/rack-2.2.8.1/lib/rack/session/abstract/id.rb:260:in `call'[0m
      [36m# /home/ec2-user/.rvm/gems/ruby-3.1.2/gems/railties-6.1.7.7/lib/rails/rack/logger.rb:37:in `call_app'[0m
      [36m# /home/ec2-user/.rvm/gems/ruby-3.1.2/gems/railties-6.1.7.7/lib/rails/rack/logger.rb:26:in `block in call'[0m
      [36m# /home/ec2-user/.rvm/gems/ruby-3.1.2/gems/railties-6.1.7.7/lib/rails/rack/logger.rb:26:in `call'[0m
      [36m# /home/ec2-user/.rvm/gems/ruby-3.1.2/gems/rack-2.2.8.1/lib/rack/method_override.rb:24:in `call'[0m
      [36m# /home/ec2-user/.rvm/gems/ruby-3.1.2/gems/rack-2.2.8.1/lib/rack/runtime.rb:22:in `call'[0m
      [36m# /home/ec2-user/.rvm/gems/ruby-3.1.2/gems/rack-2.2.8.1/lib/rack/sendfile.rb:110:in `call'[0m
      [36m# /home/ec2-user/.rvm/gems/ruby-3.1.2/gems/railties-6.1.7.7/lib/rails/engine.rb:539:in `call'[0m
      [36m# /home/ec2-user/.rvm/gems/ruby-3.1.2/gems/rack-2.2.8.1/lib/rack/urlmap.rb:74:in `block in call'[0m
      [36m# /home/ec2-user/.rvm/gems/ruby-3.1.2/gems/rack-2.2.8.1/lib/rack/urlmap.rb:58:in `each'[0m
      [36m# /home/ec2-user/.rvm/gems/ruby-3.1.2/gems/rack-2.2.8.1/lib/rack/urlmap.rb:58:in `call'[0m
      [36m# /home/ec2-user/.rvm/gems/ruby-3.1.2/gems/rack-2.2.8.1/lib/rack/builder.rb:244:in `call'[0m
      [36m# /home/ec2-user/.rvm/gems/ruby-3.1.2/gems/rack-test-2.1.0/lib/rack/test.rb:360:in `process_request'[0m
      [36m# /home/ec2-user/.rvm/gems/ruby-3.1.2/gems/rack-test-2.1.0/lib/rack/test.rb:163:in `custom_request'[0m
      [36m# /home/ec2-user/.rvm/gems/ruby-3.1.2/gems/rack-test-2.1.0/lib/rack/test.rb:112:in `get'[0m
      [36m# /home/ec2-user/.rvm/gems/ruby-3.1.2/gems/capybara-3.40.0/lib/capybara/rack_test/browser.rb:81:in `process'[0m
      [36m# /home/ec2-user/.rvm/gems/ruby-3.1.2/gems/capybara-3.40.0/lib/capybara/rack_test/browser.rb:56:in `process_and_follow_redirects'[0m
      [36m# /home/ec2-user/.rvm/gems/ruby-3.1.2/gems/capybara-3.40.0/lib/capybara/rack_test/browser.rb:26:in `visit'[0m
      [36m# /home/ec2-user/.rvm/gems/ruby-3.1.2/gems/capybara-3.40.0/lib/capybara/rack_test/driver.rb:46:in `visit'[0m
      [36m# /home/ec2-user/.rvm/gems/ruby-3.1.2/gems/capybara-3.40.0/lib/capybara/session.rb:281:in `visit'[0m
      [36m# /home/ec2-user/.rvm/gems/ruby-3.1.2/gems/capybara-3.40.0/lib/capybara/dsl.rb:52:in `call'[0m
      [36m# /home/ec2-user/.rvm/gems/ruby-3.1.2/gems/capybara-3.40.0/lib/capybara/dsl.rb:52:in `visit'[0m
      [36m# ./spec/system/books_spec.rb:128:in `block (3 levels) in <main>'[0m
      [36m# ------------------[0m
      [36m# --- Caused by: ---[0m
      [36m# Webpacker::Manifest::MissingEntryError:[0m
      [36m#   Webpacker can't find application.js in /home/ec2-user/environment/bookers/public/packs-test/manifest.json. Possible causes:[0m
      [36m#   1. You want to set webpacker.yml value of compile to true for your environment[0m
      [36m#      unless you are using the `webpack -w` or the webpack-dev-server.[0m
      [36m#   2. webpack has not yet re-run to reflect updates.[0m
      [36m#   3. You have misconfigured Webpacker's config/webpacker.yml file.[0m
      [36m#   4. Your webpack configuration is not creating a manifest.[0m
      [36m#   Your manifest contains:[0m
      [36m#   {[0m
      [36m#   }[0m
      [36m#   /home/ec2-user/.rvm/gems/ruby-3.1.2/gems/webpacker-5.4.4/lib/webpacker/manifest.rb:79:in `handle_missing_entry'[0m

  20) æŠ•ç¨¿ã®ãƒ†ã‚¹ãƒˆ ç·¨é›†ç”»é¢ã®ãƒ†ã‚¹ãƒˆ è¡¨ç¤ºã®ç¢ºèª Showãƒªãƒ³ã‚¯ãŒè¡¨ç¤ºã•ã‚Œã‚‹
      [31mFailure/Error: <%= javascript_pack_tag 'application', 'data-turbolinks-track': 'reload' %>[0m
      [31m[0m
      [31mActionView::Template::Error:[0m
      [31m  Webpacker can't find application.js in /home/ec2-user/environment/bookers/public/packs-test/manifest.json. Possible causes:[0m
      [31m  1. You want to set webpacker.yml value of compile to true for your environment[0m
      [31m     unless you are using the `webpack -w` or the webpack-dev-server.[0m
      [31m  2. webpack has not yet re-run to reflect updates.[0m
      [31m  3. You have misconfigured Webpacker's config/webpacker.yml file.[0m
      [31m  4. Your webpack configuration is not creating a manifest.[0m
      [31m  Your manifest contains:[0m
      [31m  {[0m
      [31m  }[0m
      [36m# /home/ec2-user/.rvm/gems/ruby-3.1.2/gems/webpacker-5.4.4/lib/webpacker/manifest.rb:79:in `handle_missing_entry'[0m
      [36m# /home/ec2-user/.rvm/gems/ruby-3.1.2/gems/webpacker-5.4.4/lib/webpacker/manifest.rb:49:in `lookup!'[0m
      [36m# /home/ec2-user/.rvm/gems/ruby-3.1.2/gems/webpacker-5.4.4/lib/webpacker/helper.rb:182:in `block in sources_from_manifest_entries'[0m
      [36m# /home/ec2-user/.rvm/gems/ruby-3.1.2/gems/webpacker-5.4.4/lib/webpacker/helper.rb:182:in `map'[0m
      [36m# /home/ec2-user/.rvm/gems/ruby-3.1.2/gems/webpacker-5.4.4/lib/webpacker/helper.rb:182:in `sources_from_manifest_entries'[0m
      [36m# /home/ec2-user/.rvm/gems/ruby-3.1.2/gems/webpacker-5.4.4/lib/webpacker/helper.rb:81:in `javascript_pack_tag'[0m
      [36m# ./app/views/layouts/application.html.erb:10:in `_app_views_layouts_application_html_erb___4434516088945564820_17920'[0m
      [36m# /home/ec2-user/.rvm/gems/ruby-3.1.2/gems/actiontext-6.1.7.7/lib/action_text/rendering.rb:20:in `with_renderer'[0m
      [36m# /home/ec2-user/.rvm/gems/ruby-3.1.2/gems/actiontext-6.1.7.7/lib/action_text/engine.rb:59:in `block (4 levels) in <class:Engine>'[0m
      [36m# /home/ec2-user/.rvm/gems/ruby-3.1.2/gems/rack-2.2.8.1/lib/rack/tempfile_reaper.rb:15:in `call'[0m
      [36m# /home/ec2-user/.rvm/gems/ruby-3.1.2/gems/rack-2.2.8.1/lib/rack/etag.rb:27:in `call'[0m
      [36m# /home/ec2-user/.rvm/gems/ruby-3.1.2/gems/rack-2.2.8.1/lib/rack/conditional_get.rb:27:in `call'[0m
      [36m# /home/ec2-user/.rvm/gems/ruby-3.1.2/gems/rack-2.2.8.1/lib/rack/head.rb:12:in `call'[0m
      [36m# /home/ec2-user/.rvm/gems/ruby-3.1.2/gems/rack-2.2.8.1/lib/rack/session/abstract/id.rb:266:in `context'[0m
      [36m# /home/ec2-user/.rvm/gems/ruby-3.1.2/gems/rack-2.2.8.1/lib/rack/session/abstract/id.rb:260:in `call'[0m
      [36m# /home/ec2-user/.rvm/gems/ruby-3.1.2/gems/railties-6.1.7.7/lib/rails/rack/logger.rb:37:in `call_app'[0m
      [36m# /home/ec2-user/.rvm/gems/ruby-3.1.2/gems/railties-6.1.7.7/lib/rails/rack/logger.rb:26:in `block in call'[0m
      [36m# /home/ec2-user/.rvm/gems/ruby-3.1.2/gems/railties-6.1.7.7/lib/rails/rack/logger.rb:26:in `call'[0m
      [36m# /home/ec2-user/.rvm/gems/ruby-3.1.2/gems/rack-2.2.8.1/lib/rack/method_override.rb:24:in `call'[0m
      [36m# /home/ec2-user/.rvm/gems/ruby-3.1.2/gems/rack-2.2.8.1/lib/rack/runtime.rb:22:in `call'[0m
      [36m# /home/ec2-user/.rvm/gems/ruby-3.1.2/gems/rack-2.2.8.1/lib/rack/sendfile.rb:110:in `call'[0m
      [36m# /home/ec2-user/.rvm/gems/ruby-3.1.2/gems/railties-6.1.7.7/lib/rails/engine.rb:539:in `call'[0m
      [36m# /home/ec2-user/.rvm/gems/ruby-3.1.2/gems/rack-2.2.8.1/lib/rack/urlmap.rb:74:in `block in call'[0m
      [36m# /home/ec2-user/.rvm/gems/ruby-3.1.2/gems/rack-2.2.8.1/lib/rack/urlmap.rb:58:in `each'[0m
      [36m# /home/ec2-user/.rvm/gems/ruby-3.1.2/gems/rack-2.2.8.1/lib/rack/urlmap.rb:58:in `call'[0m
      [36m# /home/ec2-user/.rvm/gems/ruby-3.1.2/gems/rack-2.2.8.1/lib/rack/builder.rb:244:in `call'[0m
      [36m# /home/ec2-user/.rvm/gems/ruby-3.1.2/gems/rack-test-2.1.0/lib/rack/test.rb:360:in `process_request'[0m
      [36m# /home/ec2-user/.rvm/gems/ruby-3.1.2/gems/rack-test-2.1.0/lib/rack/test.rb:163:in `custom_request'[0m
      [36m# /home/ec2-user/.rvm/gems/ruby-3.1.2/gems/rack-test-2.1.0/lib/rack/test.rb:112:in `get'[0m
      [36m# /home/ec2-user/.rvm/gems/ruby-3.1.2/gems/capybara-3.40.0/lib/capybara/rack_test/browser.rb:81:in `process'[0m
      [36m# /home/ec2-user/.rvm/gems/ruby-3.1.2/gems/capybara-3.40.0/lib/capybara/rack_test/browser.rb:56:in `process_and_follow_redirects'[0m
      [36m# /home/ec2-user/.rvm/gems/ruby-3.1.2/gems/capybara-3.40.0/lib/capybara/rack_test/browser.rb:26:in `visit'[0m
      [36m# /home/ec2-user/.rvm/gems/ruby-3.1.2/gems/capybara-3.40.0/lib/capybara/rack_test/driver.rb:46:in `visit'[0m
      [36m# /home/ec2-user/.rvm/gems/ruby-3.1.2/gems/capybara-3.40.0/lib/capybara/session.rb:281:in `visit'[0m
      [36m# /home/ec2-user/.rvm/gems/ruby-3.1.2/gems/capybara-3.40.0/lib/capybara/dsl.rb:52:in `call'[0m
      [36m# /home/ec2-user/.rvm/gems/ruby-3.1.2/gems/capybara-3.40.0/lib/capybara/dsl.rb:52:in `visit'[0m
      [36m# ./spec/system/books_spec.rb:128:in `block (3 levels) in <main>'[0m
      [36m# ------------------[0m
      [36m# --- Caused by: ---[0m
      [36m# Webpacker::Manifest::MissingEntryError:[0m
      [36m#   Webpacker can't find application.js in /home/ec2-user/environment/bookers/public/packs-test/manifest.json. Possible causes:[0m
      [36m#   1. You want to set webpacker.yml value of compile to true for your environment[0m
      [36m#      unless you are using the `webpack -w` or the webpack-dev-server.[0m
      [36m#   2. webpack has not yet re-run to reflect updates.[0m
      [36m#   3. You have misconfigured Webpacker's config/webpacker.yml file.[0m
      [36m#   4. Your webpack configuration is not creating a manifest.[0m
      [36m#   Your manifest contains:[0m
      [36m#   {[0m
      [36m#   }[0m
      [36m#   /home/ec2-user/.rvm/gems/ruby-3.1.2/gems/webpacker-5.4.4/lib/webpacker/manifest.rb:79:in `handle_missing_entry'[0m

  21) æŠ•ç¨¿ã®ãƒ†ã‚¹ãƒˆ ç·¨é›†ç”»é¢ã®ãƒ†ã‚¹ãƒˆ è¡¨ç¤ºã®ç¢ºèª Backãƒªãƒ³ã‚¯ãŒè¡¨ç¤ºã•ã‚Œã‚‹
      [31mFailure/Error: <%= javascript_pack_tag 'application', 'data-turbolinks-track': 'reload' %>[0m
      [31m[0m
      [31mActionView::Template::Error:[0m
      [31m  Webpacker can't find application.js in /home/ec2-user/environment/bookers/public/packs-test/manifest.json. Possible causes:[0m
      [31m  1. You want to set webpacker.yml value of compile to true for your environment[0m
      [31m     unless you are using the `webpack -w` or the webpack-dev-server.[0m
      [31m  2. webpack has not yet re-run to reflect updates.[0m
      [31m  3. You have misconfigured Webpacker's config/webpacker.yml file.[0m
      [31m  4. Your webpack configuration is not creating a manifest.[0m
      [31m  Your manifest contains:[0m
      [31m  {[0m
      [31m  }[0m
      [36m# /home/ec2-user/.rvm/gems/ruby-3.1.2/gems/webpacker-5.4.4/lib/webpacker/manifest.rb:79:in `handle_missing_entry'[0m
      [36m# /home/ec2-user/.rvm/gems/ruby-3.1.2/gems/webpacker-5.4.4/lib/webpacker/manifest.rb:49:in `lookup!'[0m
      [36m# /home/ec2-user/.rvm/gems/ruby-3.1.2/gems/webpacker-5.4.4/lib/webpacker/helper.rb:182:in `block in sources_from_manifest_entries'[0m
      [36m# /home/ec2-user/.rvm/gems/ruby-3.1.2/gems/webpacker-5.4.4/lib/webpacker/helper.rb:182:in `map'[0m
      [36m# /home/ec2-user/.rvm/gems/ruby-3.1.2/gems/webpacker-5.4.4/lib/webpacker/helper.rb:182:in `sources_from_manifest_entries'[0m
      [36m# /home/ec2-user/.rvm/gems/ruby-3.1.2/gems/webpacker-5.4.4/lib/webpacker/helper.rb:81:in `javascript_pack_tag'[0m
      [36m# ./app/views/layouts/application.html.erb:10:in `_app_views_layouts_application_html_erb___4434516088945564820_17920'[0m
      [36m# /home/ec2-user/.rvm/gems/ruby-3.1.2/gems/actiontext-6.1.7.7/lib/action_text/rendering.rb:20:in `with_renderer'[0m
      [36m# /home/ec2-user/.rvm/gems/ruby-3.1.2/gems/actiontext-6.1.7.7/lib/action_text/engine.rb:59:in `block (4 levels) in <class:Engine>'[0m
      [36m# /home/ec2-user/.rvm/gems/ruby-3.1.2/gems/rack-2.2.8.1/lib/rack/tempfile_reaper.rb:15:in `call'[0m
      [36m# /home/ec2-user/.rvm/gems/ruby-3.1.2/gems/rack-2.2.8.1/lib/rack/etag.rb:27:in `call'[0m
      [36m# /home/ec2-user/.rvm/gems/ruby-3.1.2/gems/rack-2.2.8.1/lib/rack/conditional_get.rb:27:in `call'[0m
      [36m# /home/ec2-user/.rvm/gems/ruby-3.1.2/gems/rack-2.2.8.1/lib/rack/head.rb:12:in `call'[0m
      [36m# /home/ec2-user/.rvm/gems/ruby-3.1.2/gems/rack-2.2.8.1/lib/rack/session/abstract/id.rb:266:in `context'[0m
      [36m# /home/ec2-user/.rvm/gems/ruby-3.1.2/gems/rack-2.2.8.1/lib/rack/session/abstract/id.rb:260:in `call'[0m
      [36m# /home/ec2-user/.rvm/gems/ruby-3.1.2/gems/railties-6.1.7.7/lib/rails/rack/logger.rb:37:in `call_app'[0m
      [36m# /home/ec2-user/.rvm/gems/ruby-3.1.2/gems/railties-6.1.7.7/lib/rails/rack/logger.rb:26:in `block in call'[0m
      [36m# /home/ec2-user/.rvm/gems/ruby-3.1.2/gems/railties-6.1.7.7/lib/rails/rack/logger.rb:26:in `call'[0m
      [36m# /home/ec2-user/.rvm/gems/ruby-3.1.2/gems/rack-2.2.8.1/lib/rack/method_override.rb:24:in `call'[0m
      [36m# /home/ec2-user/.rvm/gems/ruby-3.1.2/gems/rack-2.2.8.1/lib/rack/runtime.rb:22:in `call'[0m
      [36m# /home/ec2-user/.rvm/gems/ruby-3.1.2/gems/rack-2.2.8.1/lib/rack/sendfile.rb:110:in `call'[0m
      [36m# /home/ec2-user/.rvm/gems/ruby-3.1.2/gems/railties-6.1.7.7/lib/rails/engine.rb:539:in `call'[0m
      [36m# /home/ec2-user/.rvm/gems/ruby-3.1.2/gems/rack-2.2.8.1/lib/rack/urlmap.rb:74:in `block in call'[0m
      [36m# /home/ec2-user/.rvm/gems/ruby-3.1.2/gems/rack-2.2.8.1/lib/rack/urlmap.rb:58:in `each'[0m
      [36m# /home/ec2-user/.rvm/gems/ruby-3.1.2/gems/rack-2.2.8.1/lib/rack/urlmap.rb:58:in `call'[0m
      [36m# /home/ec2-user/.rvm/gems/ruby-3.1.2/gems/rack-2.2.8.1/lib/rack/builder.rb:244:in `call'[0m
      [36m# /home/ec2-user/.rvm/gems/ruby-3.1.2/gems/rack-test-2.1.0/lib/rack/test.rb:360:in `process_request'[0m
      [36m# /home/ec2-user/.rvm/gems/ruby-3.1.2/gems/rack-test-2.1.0/lib/rack/test.rb:163:in `custom_request'[0m
      [36m# /home/ec2-user/.rvm/gems/ruby-3.1.2/gems/rack-test-2.1.0/lib/rack/test.rb:112:in `get'[0m
      [36m# /home/ec2-user/.rvm/gems/ruby-3.1.2/gems/capybara-3.40.0/lib/capybara/rack_test/browser.rb:81:in `process'[0m
      [36m# /home/ec2-user/.rvm/gems/ruby-3.1.2/gems/capybara-3.40.0/lib/capybara/rack_test/browser.rb:56:in `process_and_follow_redirects'[0m
      [36m# /home/ec2-user/.rvm/gems/ruby-3.1.2/gems/capybara-3.40.0/lib/capybara/rack_test/browser.rb:26:in `visit'[0m
      [36m# /home/ec2-user/.rvm/gems/ruby-3.1.2/gems/capybara-3.40.0/lib/capybara/rack_test/driver.rb:46:in `visit'[0m
      [36m# /home/ec2-user/.rvm/gems/ruby-3.1.2/gems/capybara-3.40.0/lib/capybara/session.rb:281:in `visit'[0m
      [36m# /home/ec2-user/.rvm/gems/ruby-3.1.2/gems/capybara-3.40.0/lib/capybara/dsl.rb:52:in `call'[0m
      [36m# /home/ec2-user/.rvm/gems/ruby-3.1.2/gems/capybara-3.40.0/lib/capybara/dsl.rb:52:in `visit'[0m
      [36m# ./spec/system/books_spec.rb:128:in `block (3 levels) in <main>'[0m
      [36m# ------------------[0m
      [36m# --- Caused by: ---[0m
      [36m# Webpacker::Manifest::MissingEntryError:[0m
      [36m#   Webpacker can't find application.js in /home/ec2-user/environment/bookers/public/packs-test/manifest.json. Possible causes:[0m
      [36m#   1. You want to set webpacker.yml value of compile to true for your environment[0m
      [36m#      unless you are using the `webpack -w` or the webpack-dev-server.[0m
      [36m#   2. webpack has not yet re-run to reflect updates.[0m
      [36m#   3. You have misconfigured Webpacker's config/webpacker.yml file.[0m
      [36m#   4. Your webpack configuration is not creating a manifest.[0m
      [36m#   Your manifest contains:[0m
      [36m#   {[0m
      [36m#   }[0m
      [36m#   /home/ec2-user/.rvm/gems/ruby-3.1.2/gems/webpacker-5.4.4/lib/webpacker/manifest.rb:79:in `handle_missing_entry'[0m

  22) æŠ•ç¨¿ã®ãƒ†ã‚¹ãƒˆ ç·¨é›†ç”»é¢ã®ãƒ†ã‚¹ãƒˆ ãƒªãƒ³ã‚¯ã®é·ç§»å…ˆã®ç¢ºèª Showã®é·ç§»å…ˆã¯è©³ç´°ç”»é¢ã‹
      [31mFailure/Error: <%= javascript_pack_tag 'application', 'data-turbolinks-track': 'reload' %>[0m
      [31m[0m
      [31mActionView::Template::Error:[0m
      [31m  Webpacker can't find application.js in /home/ec2-user/environment/bookers/public/packs-test/manifest.json. Possible causes:[0m
      [31m  1. You want to set webpacker.yml value of compile to true for your environment[0m
      [31m     unless you are using the `webpack -w` or the webpack-dev-server.[0m
      [31m  2. webpack has not yet re-run to reflect updates.[0m
      [31m  3. You have misconfigured Webpacker's config/webpacker.yml file.[0m
      [31m  4. Your webpack configuration is not creating a manifest.[0m
      [31m  Your manifest contains:[0m
      [31m  {[0m
      [31m  }[0m
      [36m# /home/ec2-user/.rvm/gems/ruby-3.1.2/gems/webpacker-5.4.4/lib/webpacker/manifest.rb:79:in `handle_missing_entry'[0m
      [36m# /home/ec2-user/.rvm/gems/ruby-3.1.2/gems/webpacker-5.4.4/lib/webpacker/manifest.rb:49:in `lookup!'[0m
      [36m# /home/ec2-user/.rvm/gems/ruby-3.1.2/gems/webpacker-5.4.4/lib/webpacker/helper.rb:182:in `block in sources_from_manifest_entries'[0m
      [36m# /home/ec2-user/.rvm/gems/ruby-3.1.2/gems/webpacker-5.4.4/lib/webpacker/helper.rb:182:in `map'[0m
      [36m# /home/ec2-user/.rvm/gems/ruby-3.1.2/gems/webpacker-5.4.4/lib/webpacker/helper.rb:182:in `sources_from_manifest_entries'[0m
      [36m# /home/ec2-user/.rvm/gems/ruby-3.1.2/gems/webpacker-5.4.4/lib/webpacker/helper.rb:81:in `javascript_pack_tag'[0m
      [36m# ./app/views/layouts/application.html.erb:10:in `_app_views_layouts_application_html_erb___4434516088945564820_17920'[0m
      [36m# /home/ec2-user/.rvm/gems/ruby-3.1.2/gems/actiontext-6.1.7.7/lib/action_text/rendering.rb:20:in `with_renderer'[0m
      [36m# /home/ec2-user/.rvm/gems/ruby-3.1.2/gems/actiontext-6.1.7.7/lib/action_text/engine.rb:59:in `block (4 levels) in <class:Engine>'[0m
      [36m# /home/ec2-user/.rvm/gems/ruby-3.1.2/gems/rack-2.2.8.1/lib/rack/tempfile_reaper.rb:15:in `call'[0m
      [36m# /home/ec2-user/.rvm/gems/ruby-3.1.2/gems/rack-2.2.8.1/lib/rack/etag.rb:27:in `call'[0m
      [36m# /home/ec2-user/.rvm/gems/ruby-3.1.2/gems/rack-2.2.8.1/lib/rack/conditional_get.rb:27:in `call'[0m
      [36m# /home/ec2-user/.rvm/gems/ruby-3.1.2/gems/rack-2.2.8.1/lib/rack/head.rb:12:in `call'[0m
      [36m# /home/ec2-user/.rvm/gems/ruby-3.1.2/gems/rack-2.2.8.1/lib/rack/session/abstract/id.rb:266:in `context'[0m
      [36m# /home/ec2-user/.rvm/gems/ruby-3.1.2/gems/rack-2.2.8.1/lib/rack/session/abstract/id.rb:260:in `call'[0m
      [36m# /home/ec2-user/.rvm/gems/ruby-3.1.2/gems/railties-6.1.7.7/lib/rails/rack/logger.rb:37:in `call_app'[0m
      [36m# /home/ec2-user/.rvm/gems/ruby-3.1.2/gems/railties-6.1.7.7/lib/rails/rack/logger.rb:26:in `block in call'[0m
      [36m# /home/ec2-user/.rvm/gems/ruby-3.1.2/gems/railties-6.1.7.7/lib/rails/rack/logger.rb:26:in `call'[0m
      [36m# /home/ec2-user/.rvm/gems/ruby-3.1.2/gems/rack-2.2.8.1/lib/rack/method_override.rb:24:in `call'[0m
      [36m# /home/ec2-user/.rvm/gems/ruby-3.1.2/gems/rack-2.2.8.1/lib/rack/runtime.rb:22:in `call'[0m
      [36m# /home/ec2-user/.rvm/gems/ruby-3.1.2/gems/rack-2.2.8.1/lib/rack/sendfile.rb:110:in `call'[0m
      [36m# /home/ec2-user/.rvm/gems/ruby-3.1.2/gems/railties-6.1.7.7/lib/rails/engine.rb:539:in `call'[0m
      [36m# /home/ec2-user/.rvm/gems/ruby-3.1.2/gems/rack-2.2.8.1/lib/rack/urlmap.rb:74:in `block in call'[0m
      [36m# /home/ec2-user/.rvm/gems/ruby-3.1.2/gems/rack-2.2.8.1/lib/rack/urlmap.rb:58:in `each'[0m
      [36m# /home/ec2-user/.rvm/gems/ruby-3.1.2/gems/rack-2.2.8.1/lib/rack/urlmap.rb:58:in `call'[0m
      [36m# /home/ec2-user/.rvm/gems/ruby-3.1.2/gems/rack-2.2.8.1/lib/rack/builder.rb:244:in `call'[0m
      [36m# /home/ec2-user/.rvm/gems/ruby-3.1.2/gems/rack-test-2.1.0/lib/rack/test.rb:360:in `process_request'[0m
      [36m# /home/ec2-user/.rvm/gems/ruby-3.1.2/gems/rack-test-2.1.0/lib/rack/test.rb:163:in `custom_request'[0m
      [36m# /home/ec2-user/.rvm/gems/ruby-3.1.2/gems/rack-test-2.1.0/lib/rack/test.rb:112:in `get'[0m
      [36m# /home/ec2-user/.rvm/gems/ruby-3.1.2/gems/capybara-3.40.0/lib/capybara/rack_test/browser.rb:81:in `process'[0m
      [36m# /home/ec2-user/.rvm/gems/ruby-3.1.2/gems/capybara-3.40.0/lib/capybara/rack_test/browser.rb:56:in `process_and_follow_redirects'[0m
      [36m# /home/ec2-user/.rvm/gems/ruby-3.1.2/gems/capybara-3.40.0/lib/capybara/rack_test/browser.rb:26:in `visit'[0m
      [36m# /home/ec2-user/.rvm/gems/ruby-3.1.2/gems/capybara-3.40.0/lib/capybara/rack_test/driver.rb:46:in `visit'[0m
      [36m# /home/ec2-user/.rvm/gems/ruby-3.1.2/gems/capybara-3.40.0/lib/capybara/session.rb:281:in `visit'[0m
      [36m# /home/ec2-user/.rvm/gems/ruby-3.1.2/gems/capybara-3.40.0/lib/capybara/dsl.rb:52:in `call'[0m
      [36m# /home/ec2-user/.rvm/gems/ruby-3.1.2/gems/capybara-3.40.0/lib/capybara/dsl.rb:52:in `visit'[0m
      [36m# ./spec/system/books_spec.rb:128:in `block (3 levels) in <main>'[0m
      [36m# ------------------[0m
      [36m# --- Caused by: ---[0m
      [36m# Webpacker::Manifest::MissingEntryError:[0m
      [36m#   Webpacker can't find application.js in /home/ec2-user/environment/bookers/public/packs-test/manifest.json. Possible causes:[0m
      [36m#   1. You want to set webpacker.yml value of compile to true for your environment[0m
      [36m#      unless you are using the `webpack -w` or the webpack-dev-server.[0m
      [36m#   2. webpack has not yet re-run to reflect updates.[0m
      [36m#   3. You have misconfigured Webpacker's config/webpacker.yml file.[0m
      [36m#   4. Your webpack configuration is not creating a manifest.[0m
      [36m#   Your manifest contains:[0m
      [36m#   {[0m
      [36m#   }[0m
      [36m#   /home/ec2-user/.rvm/gems/ruby-3.1.2/gems/webpacker-5.4.4/lib/webpacker/manifest.rb:79:in `handle_missing_entry'[0m

  23) æŠ•ç¨¿ã®ãƒ†ã‚¹ãƒˆ ç·¨é›†ç”»é¢ã®ãƒ†ã‚¹ãƒˆ ãƒªãƒ³ã‚¯ã®é·ç§»å…ˆã®ç¢ºèª Backã®é·ç§»å…ˆã¯ä¸€è¦§ç”»é¢ã‹
      [31mFailure/Error: <%= javascript_pack_tag 'application', 'data-turbolinks-track': 'reload' %>[0m
      [31m[0m
      [31mActionView::Template::Error:[0m
      [31m  Webpacker can't find application.js in /home/ec2-user/environment/bookers/public/packs-test/manifest.json. Possible causes:[0m
      [31m  1. You want to set webpacker.yml value of compile to true for your environment[0m
      [31m     unless you are using the `webpack -w` or the webpack-dev-server.[0m
      [31m  2. webpack has not yet re-run to reflect updates.[0m
      [31m  3. You have misconfigured Webpacker's config/webpacker.yml file.[0m
      [31m  4. Your webpack configuration is not creating a manifest.[0m
      [31m  Your manifest contains:[0m
      [31m  {[0m
      [31m  }[0m
      [36m# /home/ec2-user/.rvm/gems/ruby-3.1.2/gems/webpacker-5.4.4/lib/webpacker/manifest.rb:79:in `handle_missing_entry'[0m
      [36m# /home/ec2-user/.rvm/gems/ruby-3.1.2/gems/webpacker-5.4.4/lib/webpacker/manifest.rb:49:in `lookup!'[0m
      [36m# /home/ec2-user/.rvm/gems/ruby-3.1.2/gems/webpacker-5.4.4/lib/webpacker/helper.rb:182:in `block in sources_from_manifest_entries'[0m
      [36m# /home/ec2-user/.rvm/gems/ruby-3.1.2/gems/webpacker-5.4.4/lib/webpacker/helper.rb:182:in `map'[0m
      [36m# /home/ec2-user/.rvm/gems/ruby-3.1.2/gems/webpacker-5.4.4/lib/webpacker/helper.rb:182:in `sources_from_manifest_entries'[0m
      [36m# /home/ec2-user/.rvm/gems/ruby-3.1.2/gems/webpacker-5.4.4/lib/webpacker/helper.rb:81:in `javascript_pack_tag'[0m
      [36m# ./app/views/layouts/application.html.erb:10:in `_app_views_layouts_application_html_erb___4434516088945564820_17920'[0m
      [36m# /home/ec2-user/.rvm/gems/ruby-3.1.2/gems/actiontext-6.1.7.7/lib/action_text/rendering.rb:20:in `with_renderer'[0m
      [36m# /home/ec2-user/.rvm/gems/ruby-3.1.2/gems/actiontext-6.1.7.7/lib/action_text/engine.rb:59:in `block (4 levels) in <class:Engine>'[0m
      [36m# /home/ec2-user/.rvm/gems/ruby-3.1.2/gems/rack-2.2.8.1/lib/rack/tempfile_reaper.rb:15:in `call'[0m
      [36m# /home/ec2-user/.rvm/gems/ruby-3.1.2/gems/rack-2.2.8.1/lib/rack/etag.rb:27:in `call'[0m
      [36m# /home/ec2-user/.rvm/gems/ruby-3.1.2/gems/rack-2.2.8.1/lib/rack/conditional_get.rb:27:in `call'[0m
      [36m# /home/ec2-user/.rvm/gems/ruby-3.1.2/gems/rack-2.2.8.1/lib/rack/head.rb:12:in `call'[0m
      [36m# /home/ec2-user/.rvm/gems/ruby-3.1.2/gems/rack-2.2.8.1/lib/rack/session/abstract/id.rb:266:in `context'[0m
      [36m# /home/ec2-user/.rvm/gems/ruby-3.1.2/gems/rack-2.2.8.1/lib/rack/session/abstract/id.rb:260:in `call'[0m
      [36m# /home/ec2-user/.rvm/gems/ruby-3.1.2/gems/railties-6.1.7.7/lib/rails/rack/logger.rb:37:in `call_app'[0m
      [36m# /home/ec2-user/.rvm/gems/ruby-3.1.2/gems/railties-6.1.7.7/lib/rails/rack/logger.rb:26:in `block in call'[0m
      [36m# /home/ec2-user/.rvm/gems/ruby-3.1.2/gems/railties-6.1.7.7/lib/rails/rack/logger.rb:26:in `call'[0m
      [36m# /home/ec2-user/.rvm/gems/ruby-3.1.2/gems/rack-2.2.8.1/lib/rack/method_override.rb:24:in `call'[0m
      [36m# /home/ec2-user/.rvm/gems/ruby-3.1.2/gems/rack-2.2.8.1/lib/rack/runtime.rb:22:in `call'[0m
      [36m# /home/ec2-user/.rvm/gems/ruby-3.1.2/gems/rack-2.2.8.1/lib/rack/sendfile.rb:110:in `call'[0m
      [36m# /home/ec2-user/.rvm/gems/ruby-3.1.2/gems/railties-6.1.7.7/lib/rails/engine.rb:539:in `call'[0m
      [36m# /home/ec2-user/.rvm/gems/ruby-3.1.2/gems/rack-2.2.8.1/lib/rack/urlmap.rb:74:in `block in call'[0m
      [36m# /home/ec2-user/.rvm/gems/ruby-3.1.2/gems/rack-2.2.8.1/lib/rack/urlmap.rb:58:in `each'[0m
      [36m# /home/ec2-user/.rvm/gems/ruby-3.1.2/gems/rack-2.2.8.1/lib/rack/urlmap.rb:58:in `call'[0m
      [36m# /home/ec2-user/.rvm/gems/ruby-3.1.2/gems/rack-2.2.8.1/lib/rack/builder.rb:244:in `call'[0m
      [36m# /home/ec2-user/.rvm/gems/ruby-3.1.2/gems/rack-test-2.1.0/lib/rack/test.rb:360:in `process_request'[0m
      [36m# /home/ec2-user/.rvm/gems/ruby-3.1.2/gems/rack-test-2.1.0/lib/rack/test.rb:163:in `custom_request'[0m
      [36m# /home/ec2-user/.rvm/gems/ruby-3.1.2/gems/rack-test-2.1.0/lib/rack/test.rb:112:in `get'[0m
      [36m# /home/ec2-user/.rvm/gems/ruby-3.1.2/gems/capybara-3.40.0/lib/capybara/rack_test/browser.rb:81:in `process'[0m
      [36m# /home/ec2-user/.rvm/gems/ruby-3.1.2/gems/capybara-3.40.0/lib/capybara/rack_test/browser.rb:56:in `process_and_follow_redirects'[0m
      [36m# /home/ec2-user/.rvm/gems/ruby-3.1.2/gems/capybara-3.40.0/lib/capybara/rack_test/browser.rb:26:in `visit'[0m
      [36m# /home/ec2-user/.rvm/gems/ruby-3.1.2/gems/capybara-3.40.0/lib/capybara/rack_test/driver.rb:46:in `visit'[0m
      [36m# /home/ec2-user/.rvm/gems/ruby-3.1.2/gems/capybara-3.40.0/lib/capybara/session.rb:281:in `visit'[0m
      [36m# /home/ec2-user/.rvm/gems/ruby-3.1.2/gems/capybara-3.40.0/lib/capybara/dsl.rb:52:in `call'[0m
      [36m# /home/ec2-user/.rvm/gems/ruby-3.1.2/gems/capybara-3.40.0/lib/capybara/dsl.rb:52:in `visit'[0m
      [36m# ./spec/system/books_spec.rb:128:in `block (3 levels) in <main>'[0m
      [36m# ------------------[0m
      [36m# --- Caused by: ---[0m
      [36m# Webpacker::Manifest::MissingEntryError:[0m
      [36m#   Webpacker can't find application.js in /home/ec2-user/environment/bookers/public/packs-test/manifest.json. Possible causes:[0m
      [36m#   1. You want to set webpacker.yml value of compile to true for your environment[0m
      [36m#      unless you are using the `webpack -w` or the webpack-dev-server.[0m
      [36m#   2. webpack has not yet re-run to reflect updates.[0m
      [36m#   3. You have misconfigured Webpacker's config/webpacker.yml file.[0m
      [36m#   4. Your webpack configuration is not creating a manifest.[0m
      [36m#   Your manifest contains:[0m
      [36m#   {[0m
      [36m#   }[0m
      [36m#   /home/ec2-user/.rvm/gems/ruby-3.1.2/gems/webpacker-5.4.4/lib/webpacker/manifest.rb:79:in `handle_missing_entry'[0m

  24) æŠ•ç¨¿ã®ãƒ†ã‚¹ãƒˆ ç·¨é›†ç”»é¢ã®ãƒ†ã‚¹ãƒˆ æ›´æ–°å‡¦ç†ã«é–¢ã™ã‚‹ãƒ†ã‚¹ãƒˆ æ›´æ–°ã«æˆåŠŸã—ã‚µã‚¯ã‚»ã‚¹ãƒ¡ãƒƒã‚»ãƒ¼ã‚¸ãŒè¡¨ç¤ºã•ã‚Œã‚‹ã‹
      [31mFailure/Error: <%= javascript_pack_tag 'application', 'data-turbolinks-track': 'reload' %>[0m
      [31m[0m
      [31mActionView::Template::Error:[0m
      [31m  Webpacker can't find application.js in /home/ec2-user/environment/bookers/public/packs-test/manifest.json. Possible causes:[0m
      [31m  1. You want to set webpacker.yml value of compile to true for your environment[0m
      [31m     unless you are using the `webpack -w` or the webpack-dev-server.[0m
      [31m  2. webpack has not yet re-run to reflect updates.[0m
      [31m  3. You have misconfigured Webpacker's config/webpacker.yml file.[0m
      [31m  4. Your webpack configuration is not creating a manifest.[0m
      [31m  Your manifest contains:[0m
      [31m  {[0m
      [31m  }[0m
      [36m# /home/ec2-user/.rvm/gems/ruby-3.1.2/gems/webpacker-5.4.4/lib/webpacker/manifest.rb:79:in `handle_missing_entry'[0m
      [36m# /home/ec2-user/.rvm/gems/ruby-3.1.2/gems/webpacker-5.4.4/lib/webpacker/manifest.rb:49:in `lookup!'[0m
      [36m# /home/ec2-user/.rvm/gems/ruby-3.1.2/gems/webpacker-5.4.4/lib/webpacker/helper.rb:182:in `block in sources_from_manifest_entries'[0m
      [36m# /home/ec2-user/.rvm/gems/ruby-3.1.2/gems/webpacker-5.4.4/lib/webpacker/helper.rb:182:in `map'[0m
      [36m# /home/ec2-user/.rvm/gems/ruby-3.1.2/gems/webpacker-5.4.4/lib/webpacker/helper.rb:182:in `sources_from_manifest_entries'[0m
      [36m# /home/ec2-user/.rvm/gems/ruby-3.1.2/gems/webpacker-5.4.4/lib/webpacker/helper.rb:81:in `javascript_pack_tag'[0m
      [36m# ./app/views/layouts/application.html.erb:10:in `_app_views_layouts_application_html_erb___4434516088945564820_17920'[0m
      [36m# /home/ec2-user/.rvm/gems/ruby-3.1.2/gems/actiontext-6.1.7.7/lib/action_text/rendering.rb:20:in `with_renderer'[0m
      [36m# /home/ec2-user/.rvm/gems/ruby-3.1.2/gems/actiontext-6.1.7.7/lib/action_text/engine.rb:59:in `block (4 levels) in <class:Engine>'[0m
      [36m# /home/ec2-user/.rvm/gems/ruby-3.1.2/gems/rack-2.2.8.1/lib/rack/tempfile_reaper.rb:15:in `call'[0m
      [36m# /home/ec2-user/.rvm/gems/ruby-3.1.2/gems/rack-2.2.8.1/lib/rack/etag.rb:27:in `call'[0m
      [36m# /home/ec2-user/.rvm/gems/ruby-3.1.2/gems/rack-2.2.8.1/lib/rack/conditional_get.rb:27:in `call'[0m
      [36m# /home/ec2-user/.rvm/gems/ruby-3.1.2/gems/rack-2.2.8.1/lib/rack/head.rb:12:in `call'[0m
      [36m# /home/ec2-user/.rvm/gems/ruby-3.1.2/gems/rack-2.2.8.1/lib/rack/session/abstract/id.rb:266:in `context'[0m
      [36m# /home/ec2-user/.rvm/gems/ruby-3.1.2/gems/rack-2.2.8.1/lib/rack/session/abstract/id.rb:260:in `call'[0m
      [36m# /home/ec2-user/.rvm/gems/ruby-3.1.2/gems/railties-6.1.7.7/lib/rails/rack/logger.rb:37:in `call_app'[0m
      [36m# /home/ec2-user/.rvm/gems/ruby-3.1.2/gems/railties-6.1.7.7/lib/rails/rack/logger.rb:26:in `block in call'[0m
      [36m# /home/ec2-user/.rvm/gems/ruby-3.1.2/gems/railties-6.1.7.7/lib/rails/rack/logger.rb:26:in `call'[0m
      [36m# /home/ec2-user/.rvm/gems/ruby-3.1.2/gems/rack-2.2.8.1/lib/rack/method_override.rb:24:in `call'[0m
      [36m# /home/ec2-user/.rvm/gems/ruby-3.1.2/gems/rack-2.2.8.1/lib/rack/runtime.rb:22:in `call'[0m
      [36m# /home/ec2-user/.rvm/gems/ruby-3.1.2/gems/rack-2.2.8.1/lib/rack/sendfile.rb:110:in `call'[0m
      [36m# /home/ec2-user/.rvm/gems/ruby-3.1.2/gems/railties-6.1.7.7/lib/rails/engine.rb:539:in `call'[0m
      [36m# /home/ec2-user/.rvm/gems/ruby-3.1.2/gems/rack-2.2.8.1/lib/rack/urlmap.rb:74:in `block in call'[0m
      [36m# /home/ec2-user/.rvm/gems/ruby-3.1.2/gems/rack-2.2.8.1/lib/rack/urlmap.rb:58:in `each'[0m
      [36m# /home/ec2-user/.rvm/gems/ruby-3.1.2/gems/rack-2.2.8.1/lib/rack/urlmap.rb:58:in `call'[0m
      [36m# /home/ec2-user/.rvm/gems/ruby-3.1.2/gems/rack-2.2.8.1/lib/rack/builder.rb:244:in `call'[0m
      [36m# /home/ec2-user/.rvm/gems/ruby-3.1.2/gems/rack-test-2.1.0/lib/rack/test.rb:360:in `process_request'[0m
      [36m# /home/ec2-user/.rvm/gems/ruby-3.1.2/gems/rack-test-2.1.0/lib/rack/test.rb:163:in `custom_request'[0m
      [36m# /home/ec2-user/.rvm/gems/ruby-3.1.2/gems/rack-test-2.1.0/lib/rack/test.rb:112:in `get'[0m
      [36m# /home/ec2-user/.rvm/gems/ruby-3.1.2/gems/capybara-3.40.0/lib/capybara/rack_test/browser.rb:81:in `process'[0m
      [36m# /home/ec2-user/.rvm/gems/ruby-3.1.2/gems/capybara-3.40.0/lib/capybara/rack_test/browser.rb:56:in `process_and_follow_redirects'[0m
      [36m# /home/ec2-user/.rvm/gems/ruby-3.1.2/gems/capybara-3.40.0/lib/capybara/rack_test/browser.rb:26:in `visit'[0m
      [36m# /home/ec2-user/.rvm/gems/ruby-3.1.2/gems/capybara-3.40.0/lib/capybara/rack_test/driver.rb:46:in `visit'[0m
      [36m# /home/ec2-user/.rvm/gems/ruby-3.1.2/gems/capybara-3.40.0/lib/capybara/session.rb:281:in `visit'[0m
      [36m# /home/ec2-user/.rvm/gems/ruby-3.1.2/gems/capybara-3.40.0/lib/capybara/dsl.rb:52:in `call'[0m
      [36m# /home/ec2-user/.rvm/gems/ruby-3.1.2/gems/capybara-3.40.0/lib/capybara/dsl.rb:52:in `visit'[0m
      [36m# ./spec/system/books_spec.rb:128:in `block (3 levels) in <main>'[0m
      [36m# ------------------[0m
      [36m# --- Caused by: ---[0m
      [36m# Webpacker::Manifest::MissingEntryError:[0m
      [36m#   Webpacker can't find application.js in /home/ec2-user/environment/bookers/public/packs-test/manifest.json. Possible causes:[0m
      [36m#   1. You want to set webpacker.yml value of compile to true for your environment[0m
      [36m#      unless you are using the `webpack -w` or the webpack-dev-server.[0m
      [36m#   2. webpack has not yet re-run to reflect updates.[0m
      [36m#   3. You have misconfigured Webpacker's config/webpacker.yml file.[0m
      [36m#   4. Your webpack configuration is not creating a manifest.[0m
      [36m#   Your manifest contains:[0m
      [36m#   {[0m
      [36m#   }[0m
      [36m#   /home/ec2-user/.rvm/gems/ruby-3.1.2/gems/webpacker-5.4.4/lib/webpacker/manifest.rb:79:in `handle_missing_entry'[0m

  25) æŠ•ç¨¿ã®ãƒ†ã‚¹ãƒˆ ç·¨é›†ç”»é¢ã®ãƒ†ã‚¹ãƒˆ æ›´æ–°å‡¦ç†ã«é–¢ã™ã‚‹ãƒ†ã‚¹ãƒˆ æ›´æ–°ã«å¤±æ•—ã—ã‚¨ãƒ©ãƒ¼ãƒ¡ãƒƒã‚»ãƒ¼ã‚¸ãŒè¡¨ç¤ºã•ã‚Œã‚‹ã‹
      [31mFailure/Error: <%= javascript_pack_tag 'application', 'data-turbolinks-track': 'reload' %>[0m
      [31m[0m
      [31mActionView::Template::Error:[0m
      [31m  Webpacker can't find application.js in /home/ec2-user/environment/bookers/public/packs-test/manifest.json. Possible causes:[0m
      [31m  1. You want to set webpacker.yml value of compile to true for your environment[0m
      [31m     unless you are using the `webpack -w` or the webpack-dev-server.[0m
      [31m  2. webpack has not yet re-run to reflect updates.[0m
      [31m  3. You have misconfigured Webpacker's config/webpacker.yml file.[0m
      [31m  4. Your webpack configuration is not creating a manifest.[0m
      [31m  Your manifest contains:[0m
      [31m  {[0m
      [31m  }[0m
      [36m# /home/ec2-user/.rvm/gems/ruby-3.1.2/gems/webpacker-5.4.4/lib/webpacker/manifest.rb:79:in `handle_missing_entry'[0m
      [36m# /home/ec2-user/.rvm/gems/ruby-3.1.2/gems/webpacker-5.4.4/lib/webpacker/manifest.rb:49:in `lookup!'[0m
      [36m# /home/ec2-user/.rvm/gems/ruby-3.1.2/gems/webpacker-5.4.4/lib/webpacker/helper.rb:182:in `block in sources_from_manifest_entries'[0m
      [36m# /home/ec2-user/.rvm/gems/ruby-3.1.2/gems/webpacker-5.4.4/lib/webpacker/helper.rb:182:in `map'[0m
      [36m# /home/ec2-user/.rvm/gems/ruby-3.1.2/gems/webpacker-5.4.4/lib/webpacker/helper.rb:182:in `sources_from_manifest_entries'[0m
      [36m# /home/ec2-user/.rvm/gems/ruby-3.1.2/gems/webpacker-5.4.4/lib/webpacker/helper.rb:81:in `javascript_pack_tag'[0m
      [36m# ./app/views/layouts/application.html.erb:10:in `_app_views_layouts_application_html_erb___4434516088945564820_17920'[0m
      [36m# /home/ec2-user/.rvm/gems/ruby-3.1.2/gems/actiontext-6.1.7.7/lib/action_text/rendering.rb:20:in `with_renderer'[0m
      [36m# /home/ec2-user/.rvm/gems/ruby-3.1.2/gems/actiontext-6.1.7.7/lib/action_text/engine.rb:59:in `block (4 levels) in <class:Engine>'[0m
      [36m# /home/ec2-user/.rvm/gems/ruby-3.1.2/gems/rack-2.2.8.1/lib/rack/tempfile_reaper.rb:15:in `call'[0m
      [36m# /home/ec2-user/.rvm/gems/ruby-3.1.2/gems/rack-2.2.8.1/lib/rack/etag.rb:27:in `call'[0m
      [36m# /home/ec2-user/.rvm/gems/ruby-3.1.2/gems/rack-2.2.8.1/lib/rack/conditional_get.rb:27:in `call'[0m
      [36m# /home/ec2-user/.rvm/gems/ruby-3.1.2/gems/rack-2.2.8.1/lib/rack/head.rb:12:in `call'[0m
      [36m# /home/ec2-user/.rvm/gems/ruby-3.1.2/gems/rack-2.2.8.1/lib/rack/session/abstract/id.rb:266:in `context'[0m
      [36m# /home/ec2-user/.rvm/gems/ruby-3.1.2/gems/rack-2.2.8.1/lib/rack/session/abstract/id.rb:260:in `call'[0m
      [36m# /home/ec2-user/.rvm/gems/ruby-3.1.2/gems/railties-6.1.7.7/lib/rails/rack/logger.rb:37:in `call_app'[0m
      [36m# /home/ec2-user/.rvm/gems/ruby-3.1.2/gems/railties-6.1.7.7/lib/rails/rack/logger.rb:26:in `block in call'[0m
      [36m# /home/ec2-user/.rvm/gems/ruby-3.1.2/gems/railties-6.1.7.7/lib/rails/rack/logger.rb:26:in `call'[0m
      [36m# /home/ec2-user/.rvm/gems/ruby-3.1.2/gems/rack-2.2.8.1/lib/rack/method_override.rb:24:in `call'[0m
      [36m# /home/ec2-user/.rvm/gems/ruby-3.1.2/gems/rack-2.2.8.1/lib/rack/runtime.rb:22:in `call'[0m
      [36m# /home/ec2-user/.rvm/gems/ruby-3.1.2/gems/rack-2.2.8.1/lib/rack/sendfile.rb:110:in `call'[0m
      [36m# /home/ec2-user/.rvm/gems/ruby-3.1.2/gems/railties-6.1.7.7/lib/rails/engine.rb:539:in `call'[0m
      [36m# /home/ec2-user/.rvm/gems/ruby-3.1.2/gems/rack-2.2.8.1/lib/rack/urlmap.rb:74:in `block in call'[0m
      [36m# /home/ec2-user/.rvm/gems/ruby-3.1.2/gems/rack-2.2.8.1/lib/rack/urlmap.rb:58:in `each'[0m
      [36m# /home/ec2-user/.rvm/gems/ruby-3.1.2/gems/rack-2.2.8.1/lib/rack/urlmap.rb:58:in `call'[0m
      [36m# /home/ec2-user/.rvm/gems/ruby-3.1.2/gems/rack-2.2.8.1/lib/rack/builder.rb:244:in `call'[0m
      [36m# /home/ec2-user/.rvm/gems/ruby-3.1.2/gems/rack-test-2.1.0/lib/rack/test.rb:360:in `process_request'[0m
      [36m# /home/ec2-user/.rvm/gems/ruby-3.1.2/gems/rack-test-2.1.0/lib/rack/test.rb:163:in `custom_request'[0m
      [36m# /home/ec2-user/.rvm/gems/ruby-3.1.2/gems/rack-test-2.1.0/lib/rack/test.rb:112:in `get'[0m
      [36m# /home/ec2-user/.rvm/gems/ruby-3.1.2/gems/capybara-3.40.0/lib/capybara/rack_test/browser.rb:81:in `process'[0m
      [36m# /home/ec2-user/.rvm/gems/ruby-3.1.2/gems/capybara-3.40.0/lib/capybara/rack_test/browser.rb:56:in `process_and_follow_redirects'[0m
      [36m# /home/ec2-user/.rvm/gems/ruby-3.1.2/gems/capybara-3.40.0/lib/capybara/rack_test/browser.rb:26:in `visit'[0m
      [36m# /home/ec2-user/.rvm/gems/ruby-3.1.2/gems/capybara-3.40.0/lib/capybara/rack_test/driver.rb:46:in `visit'[0m
      [36m# /home/ec2-user/.rvm/gems/ruby-3.1.2/gems/capybara-3.40.0/lib/capybara/session.rb:281:in `visit'[0m
      [36m# /home/ec2-user/.rvm/gems/ruby-3.1.2/gems/capybara-3.40.0/lib/capybara/dsl.rb:52:in `call'[0m
      [36m# /home/ec2-user/.rvm/gems/ruby-3.1.2/gems/capybara-3.40.0/lib/capybara/dsl.rb:52:in `visit'[0m
      [36m# ./spec/system/books_spec.rb:128:in `block (3 levels) in <main>'[0m
      [36m# ------------------[0m
      [36m# --- Caused by: ---[0m
      [36m# Webpacker::Manifest::MissingEntryError:[0m
      [36m#   Webpacker can't find application.js in /home/ec2-user/environment/bookers/public/packs-test/manifest.json. Possible causes:[0m
      [36m#   1. You want to set webpacker.yml value of compile to true for your environment[0m
      [36m#      unless you are using the `webpack -w` or the webpack-dev-server.[0m
      [36m#   2. webpack has not yet re-run to reflect updates.[0m
      [36m#   3. You have misconfigured Webpacker's config/webpacker.yml file.[0m
      [36m#   4. Your webpack configuration is not creating a manifest.[0m
      [36m#   Your manifest contains:[0m
      [36m#   {[0m
      [36m#   }[0m
      [36m#   /home/ec2-user/.rvm/gems/ruby-3.1.2/gems/webpacker-5.4.4/lib/webpacker/manifest.rb:79:in `handle_missing_entry'[0m

  26) æŠ•ç¨¿ã®ãƒ†ã‚¹ãƒˆ ç·¨é›†ç”»é¢ã®ãƒ†ã‚¹ãƒˆ æ›´æ–°å‡¦ç†ã«é–¢ã™ã‚‹ãƒ†ã‚¹ãƒˆ æ›´æ–°å¾Œã®ãƒªãƒ€ã‚¤ãƒ¬ã‚¯ãƒˆå…ˆã¯æ­£ã—ã„ã‹
      [31mFailure/Error: <%= javascript_pack_tag 'application', 'data-turbolinks-track': 'reload' %>[0m
      [31m[0m
      [31mActionView::Template::Error:[0m
      [31m  Webpacker can't find application.js in /home/ec2-user/environment/bookers/public/packs-test/manifest.json. Possible causes:[0m
      [31m  1. You want to set webpacker.yml value of compile to true for your environment[0m
      [31m     unless you are using the `webpack -w` or the webpack-dev-server.[0m
      [31m  2. webpack has not yet re-run to reflect updates.[0m
      [31m  3. You have misconfigured Webpacker's config/webpacker.yml file.[0m
      [31m  4. Your webpack configuration is not creating a manifest.[0m
      [31m  Your manifest contains:[0m
      [31m  {[0m
      [31m  }[0m
      [36m# /home/ec2-user/.rvm/gems/ruby-3.1.2/gems/webpacker-5.4.4/lib/webpacker/manifest.rb:79:in `handle_missing_entry'[0m
      [36m# /home/ec2-user/.rvm/gems/ruby-3.1.2/gems/webpacker-5.4.4/lib/webpacker/manifest.rb:49:in `lookup!'[0m
      [36m# /home/ec2-user/.rvm/gems/ruby-3.1.2/gems/webpacker-5.4.4/lib/webpacker/helper.rb:182:in `block in sources_from_manifest_entries'[0m
      [36m# /home/ec2-user/.rvm/gems/ruby-3.1.2/gems/webpacker-5.4.4/lib/webpacker/helper.rb:182:in `map'[0m
      [36m# /home/ec2-user/.rvm/gems/ruby-3.1.2/gems/webpacker-5.4.4/lib/webpacker/helper.rb:182:in `sources_from_manifest_entries'[0m
      [36m# /home/ec2-user/.rvm/gems/ruby-3.1.2/gems/webpacker-5.4.4/lib/webpacker/helper.rb:81:in `javascript_pack_tag'[0m
      [36m# ./app/views/layouts/application.html.erb:10:in `_app_views_layouts_application_html_erb___4434516088945564820_17920'[0m
      [36m# /home/ec2-user/.rvm/gems/ruby-3.1.2/gems/actiontext-6.1.7.7/lib/action_text/rendering.rb:20:in `with_renderer'[0m
      [36m# /home/ec2-user/.rvm/gems/ruby-3.1.2/gems/actiontext-6.1.7.7/lib/action_text/engine.rb:59:in `block (4 levels) in <class:Engine>'[0m
      [36m# /home/ec2-user/.rvm/gems/ruby-3.1.2/gems/rack-2.2.8.1/lib/rack/tempfile_reaper.rb:15:in `call'[0m
      [36m# /home/ec2-user/.rvm/gems/ruby-3.1.2/gems/rack-2.2.8.1/lib/rack/etag.rb:27:in `call'[0m
      [36m# /home/ec2-user/.rvm/gems/ruby-3.1.2/gems/rack-2.2.8.1/lib/rack/conditional_get.rb:27:in `call'[0m
      [36m# /home/ec2-user/.rvm/gems/ruby-3.1.2/gems/rack-2.2.8.1/lib/rack/head.rb:12:in `call'[0m
      [36m# /home/ec2-user/.rvm/gems/ruby-3.1.2/gems/rack-2.2.8.1/lib/rack/session/abstract/id.rb:266:in `context'[0m
      [36m# /home/ec2-user/.rvm/gems/ruby-3.1.2/gems/rack-2.2.8.1/lib/rack/session/abstract/id.rb:260:in `call'[0m
      [36m# /home/ec2-user/.rvm/gems/ruby-3.1.2/gems/railties-6.1.7.7/lib/rails/rack/logger.rb:37:in `call_app'[0m
      [36m# /home/ec2-user/.rvm/gems/ruby-3.1.2/gems/railties-6.1.7.7/lib/rails/rack/logger.rb:26:in `block in call'[0m
      [36m# /home/ec2-user/.rvm/gems/ruby-3.1.2/gems/railties-6.1.7.7/lib/rails/rack/logger.rb:26:in `call'[0m
      [36m# /home/ec2-user/.rvm/gems/ruby-3.1.2/gems/rack-2.2.8.1/lib/rack/method_override.rb:24:in `call'[0m
      [36m# /home/ec2-user/.rvm/gems/ruby-3.1.2/gems/rack-2.2.8.1/lib/rack/runtime.rb:22:in `call'[0m
      [36m# /home/ec2-user/.rvm/gems/ruby-3.1.2/gems/rack-2.2.8.1/lib/rack/sendfile.rb:110:in `call'[0m
      [36m# /home/ec2-user/.rvm/gems/ruby-3.1.2/gems/railties-6.1.7.7/lib/rails/engine.rb:539:in `call'[0m
      [36m# /home/ec2-user/.rvm/gems/ruby-3.1.2/gems/rack-2.2.8.1/lib/rack/urlmap.rb:74:in `block in call'[0m
      [36m# /home/ec2-user/.rvm/gems/ruby-3.1.2/gems/rack-2.2.8.1/lib/rack/urlmap.rb:58:in `each'[0m
      [36m# /home/ec2-user/.rvm/gems/ruby-3.1.2/gems/rack-2.2.8.1/lib/rack/urlmap.rb:58:in `call'[0m
      [36m# /home/ec2-user/.rvm/gems/ruby-3.1.2/gems/rack-2.2.8.1/lib/rack/builder.rb:244:in `call'[0m
      [36m# /home/ec2-user/.rvm/gems/ruby-3.1.2/gems/rack-test-2.1.0/lib/rack/test.rb:360:in `process_request'[0m
      [36m# /home/ec2-user/.rvm/gems/ruby-3.1.2/gems/rack-test-2.1.0/lib/rack/test.rb:163:in `custom_request'[0m
      [36m# /home/ec2-user/.rvm/gems/ruby-3.1.2/gems/rack-test-2.1.0/lib/rack/test.rb:112:in `get'[0m
      [36m# /home/ec2-user/.rvm/gems/ruby-3.1.2/gems/capybara-3.40.0/lib/capybara/rack_test/browser.rb:81:in `process'[0m
      [36m# /home/ec2-user/.rvm/gems/ruby-3.1.2/gems/capybara-3.40.0/lib/capybara/rack_test/browser.rb:56:in `process_and_follow_redirects'[0m
      [36m# /home/ec2-user/.rvm/gems/ruby-3.1.2/gems/capybara-3.40.0/lib/capybara/rack_test/browser.rb:26:in `visit'[0m
      [36m# /home/ec2-user/.rvm/gems/ruby-3.1.2/gems/capybara-3.40.0/lib/capybara/rack_test/driver.rb:46:in `visit'[0m
      [36m# /home/ec2-user/.rvm/gems/ruby-3.1.2/gems/capybara-3.40.0/lib/capybara/session.rb:281:in `visit'[0m
      [36m# /home/ec2-user/.rvm/gems/ruby-3.1.2/gems/capybara-3.40.0/lib/capybara/dsl.rb:52:in `call'[0m
      [36m# /home/ec2-user/.rvm/gems/ruby-3.1.2/gems/capybara-3.40.0/lib/capybara/dsl.rb:52:in `visit'[0m
      [36m# ./spec/system/books_spec.rb:128:in `block (3 levels) in <main>'[0m
      [36m# ------------------[0m
      [36m# --- Caused by: ---[0m
      [36m# Webpacker::Manifest::MissingEntryError:[0m
      [36m#   Webpacker can't find application.js in /home/ec2-user/environment/bookers/public/packs-test/manifest.json. Possible causes:[0m
      [36m#   1. You want to set webpacker.yml value of compile to true for your environment[0m
      [36m#      unless you are using the `webpack -w` or the webpack-dev-server.[0m
      [36m#   2. webpack has not yet re-run to reflect updates.[0m
      [36m#   3. You have misconfigured Webpacker's config/webpacker.yml file.[0m
      [36m#   4. Your webpack configuration is not creating a manifest.[0m
      [36m#   Your manifest contains:[0m
      [36m#   {[0m
      [36m#   }[0m
      [36m#   /home/ec2-user/.rvm/gems/ruby-3.1.2/gems/webpacker-5.4.4/lib/webpacker/manifest.rb:79:in `handle_missing_entry'[0m

Finished in 40.46 seconds (files took 3.2 seconds to load)
[31m29 examples, 26 failures[0m

Failed examples:

[31mrspec ./spec/models/book_spec.rb:28[0m [36m# Book ãƒ¢ãƒ‡ãƒ«ã«é–¢ã™ã‚‹ãƒ†ã‚¹ãƒˆ titleã‚’ç©ºç™½ã§æŠ•ç¨¿ã—ãŸå ´åˆã«ç”»é¢ã«ã‚¨ãƒ©ãƒ¼ãƒ¡ãƒƒã‚»ãƒ¼ã‚¸ãŒè¡¨ç¤ºã•ã‚Œã¦ã„ã‚‹ã‹ ã‚¨ãƒ©ãƒ¼ãƒ¡ãƒƒã‚»ãƒ¼ã‚¸ã¯æ­£ã—ãè¡¨ç¤ºã•ã‚Œã‚‹ã‹[0m
[31mrspec ./spec/models/book_spec.rb:38[0m [36m# Book ãƒ¢ãƒ‡ãƒ«ã«é–¢ã™ã‚‹ãƒ†ã‚¹ãƒˆ bodyã‚’ç©ºç™½ã§æŠ•ç¨¿ã—ãŸå ´åˆã«ç”»é¢ã«ã‚¨ãƒ©ãƒ¼ãƒ¡ãƒƒã‚»ãƒ¼ã‚¸ãŒè¡¨ç¤ºã•ã‚Œã¦ã„ã‚‹ã‹ ã‚¨ãƒ©ãƒ¼ãƒ¡ãƒƒã‚»ãƒ¼ã‚¸ã¯æ­£ã—ãè¡¨ç¤ºã•ã‚Œã‚‹ã‹[0m
[31mrspec ./spec/system/books_spec.rb:10[0m [36m# æŠ•ç¨¿ã®ãƒ†ã‚¹ãƒˆ ãƒˆãƒƒãƒ—ç”»é¢(root_path)ã®ãƒ†ã‚¹ãƒˆ è¡¨ç¤ºã®ç¢ºèª ãƒˆãƒƒãƒ—ç”»é¢(root_path)ã«ä¸€è¦§ãƒšãƒ¼ã‚¸ã¸ã®ãƒªãƒ³ã‚¯ãŒè¡¨ç¤ºã•ã‚Œã¦ã„ã‚‹ã‹[0m
[31mrspec ./spec/system/books_spec.rb:13[0m [36m# æŠ•ç¨¿ã®ãƒ†ã‚¹ãƒˆ ãƒˆãƒƒãƒ—ç”»é¢(root_path)ã®ãƒ†ã‚¹ãƒˆ è¡¨ç¤ºã®ç¢ºèª root_pathãŒ"/"ã§ã‚ã‚‹ã‹[0m
[31mrspec ./spec/system/books_spec.rb:23[0m [36m# æŠ•ç¨¿ã®ãƒ†ã‚¹ãƒˆ ä¸€è¦§ç”»é¢ã®ãƒ†ã‚¹ãƒˆ ä¸€è¦§ã®è¡¨ç¤ºã¨ãƒªãƒ³ã‚¯ã®ç¢ºèª bookã®ä¸€è¦§è¡¨ç¤º(tableã‚¿ã‚°)ã¨æŠ•ç¨¿ãƒ•ã‚©ãƒ¼ãƒ ãŒåŒä¸€ç”»é¢ã«è¡¨ç¤ºã•ã‚Œã¦ã„ã‚‹ã‹[0m
[31mrspec ./spec/system/books_spec.rb:28[0m [36m# æŠ•ç¨¿ã®ãƒ†ã‚¹ãƒˆ ä¸€è¦§ç”»é¢ã®ãƒ†ã‚¹ãƒˆ ä¸€è¦§ã®è¡¨ç¤ºã¨ãƒªãƒ³ã‚¯ã®ç¢ºèª bookã®ã‚¿ã‚¤ãƒˆãƒ«ã¨æ„Ÿæƒ³ã‚’è¡¨ç¤ºã—ã€è©³ç´°ãƒ»ç·¨é›†ãƒ»å‰Šé™¤ã®ãƒªãƒ³ã‚¯ãŒè¡¨ç¤ºã•ã‚Œã¦ã„ã‚‹ã‹[0m
[31mrspec ./spec/system/books_spec.rb:51[0m [36m# æŠ•ç¨¿ã®ãƒ†ã‚¹ãƒˆ ä¸€è¦§ç”»é¢ã®ãƒ†ã‚¹ãƒˆ ä¸€è¦§ã®è¡¨ç¤ºã¨ãƒªãƒ³ã‚¯ã®ç¢ºèª Create Bookãƒœã‚¿ãƒ³ãŒè¡¨ç¤ºã•ã‚Œã‚‹[0m
[31mrspec ./spec/system/books_spec.rb:56[0m [36m# æŠ•ç¨¿ã®ãƒ†ã‚¹ãƒˆ ä¸€è¦§ç”»é¢ã®ãƒ†ã‚¹ãƒˆ æŠ•ç¨¿å‡¦ç†ã«é–¢ã™ã‚‹ãƒ†ã‚¹ãƒˆ æŠ•ç¨¿ã«æˆåŠŸã—ã‚µã‚¯ã‚»ã‚¹ãƒ¡ãƒƒã‚»ãƒ¼ã‚¸ãŒè¡¨ç¤ºã•ã‚Œã‚‹ã‹[0m
[31mrspec ./spec/system/books_spec.rb:62[0m [36m# æŠ•ç¨¿ã®ãƒ†ã‚¹ãƒˆ ä¸€è¦§ç”»é¢ã®ãƒ†ã‚¹ãƒˆ æŠ•ç¨¿å‡¦ç†ã«é–¢ã™ã‚‹ãƒ†ã‚¹ãƒˆ æŠ•ç¨¿ã«å¤±æ•—ã™ã‚‹[0m
[31mrspec ./spec/system/books_spec.rb:67[0m [36m# æŠ•ç¨¿ã®ãƒ†ã‚¹ãƒˆ ä¸€è¦§ç”»é¢ã®ãƒ†ã‚¹ãƒˆ æŠ•ç¨¿å‡¦ç†ã«é–¢ã™ã‚‹ãƒ†ã‚¹ãƒˆ æŠ•ç¨¿å¾Œã®ãƒªãƒ€ã‚¤ãƒ¬ã‚¯ãƒˆå…ˆã¯æ­£ã—ã„ã‹[0m
[31mrspec ./spec/system/books_spec.rb:75[0m [36m# æŠ•ç¨¿ã®ãƒ†ã‚¹ãƒˆ ä¸€è¦§ç”»é¢ã®ãƒ†ã‚¹ãƒˆ bookå‰Šé™¤ã®ãƒ†ã‚¹ãƒˆ application.html.erbã«javascript_pack_tagã‚’å«ã‚“ã§ã„ã‚‹ã‹[0m
[31mrspec ./spec/system/books_spec.rb:86[0m [36m# æŠ•ç¨¿ã®ãƒ†ã‚¹ãƒˆ ä¸€è¦§ç”»é¢ã®ãƒ†ã‚¹ãƒˆ bookå‰Šé™¤ã®ãƒ†ã‚¹ãƒˆ bookã®å‰Šé™¤[0m
[31mrspec ./spec/system/books_spec.rb:100[0m [36m# æŠ•ç¨¿ã®ãƒ†ã‚¹ãƒˆ è©³ç´°ç”»é¢ã®ãƒ†ã‚¹ãƒˆ è¡¨ç¤ºã®ç¢ºèª æœ¬ã®ã‚¿ã‚¤ãƒˆãƒ«ã¨æ„Ÿæƒ³ãŒç”»é¢ã«è¡¨ç¤ºã•ã‚Œã¦ã„ã‚‹ã“ã¨[0m
[31mrspec ./spec/system/books_spec.rb:104[0m [36m# æŠ•ç¨¿ã®ãƒ†ã‚¹ãƒˆ è©³ç´°ç”»é¢ã®ãƒ†ã‚¹ãƒˆ è¡¨ç¤ºã®ç¢ºèª Editãƒªãƒ³ã‚¯ãŒè¡¨ç¤ºã•ã‚Œã‚‹[0m
[31mrspec ./spec/system/books_spec.rb:108[0m [36m# æŠ•ç¨¿ã®ãƒ†ã‚¹ãƒˆ è©³ç´°ç”»é¢ã®ãƒ†ã‚¹ãƒˆ è¡¨ç¤ºã®ç¢ºèª Backãƒªãƒ³ã‚¯ãŒè¡¨ç¤ºã•ã‚Œã‚‹[0m
[31mrspec ./spec/system/books_spec.rb:114[0m [36m# æŠ•ç¨¿ã®ãƒ†ã‚¹ãƒˆ è©³ç´°ç”»é¢ã®ãƒ†ã‚¹ãƒˆ ãƒªãƒ³ã‚¯ã®é·ç§»å…ˆã®ç¢ºèª Editã®é·ç§»å…ˆã¯ç·¨é›†ç”»é¢ã‹[0m
[31mrspec ./spec/system/books_spec.rb:119[0m [36m# æŠ•ç¨¿ã®ãƒ†ã‚¹ãƒˆ è©³ç´°ç”»é¢ã®ãƒ†ã‚¹ãƒˆ ãƒªãƒ³ã‚¯ã®é·ç§»å…ˆã®ç¢ºèª Backã®é·ç§»å…ˆã¯ä¸€è¦§ç”»é¢ã‹[0m
[31mrspec ./spec/system/books_spec.rb:131[0m [36m# æŠ•ç¨¿ã®ãƒ†ã‚¹ãƒˆ ç·¨é›†ç”»é¢ã®ãƒ†ã‚¹ãƒˆ è¡¨ç¤ºã®ç¢ºèª ç·¨é›†å‰ã®ã‚¿ã‚¤ãƒˆãƒ«ã¨æ„Ÿæƒ³ãŒãƒ•ã‚©ãƒ¼ãƒ ã«è¡¨ç¤º(ã‚»ãƒƒãƒˆ)ã•ã‚Œã¦ã„ã‚‹[0m
[31mrspec ./spec/system/books_spec.rb:135[0m [36m# æŠ•ç¨¿ã®ãƒ†ã‚¹ãƒˆ ç·¨é›†ç”»é¢ã®ãƒ†ã‚¹ãƒˆ è¡¨ç¤ºã®ç¢ºèª Update Bookãƒœã‚¿ãƒ³ãŒè¡¨ç¤ºã•ã‚Œã‚‹[0m
[31mrspec ./spec/system/books_spec.rb:138[0m [36m# æŠ•ç¨¿ã®ãƒ†ã‚¹ãƒˆ ç·¨é›†ç”»é¢ã®ãƒ†ã‚¹ãƒˆ è¡¨ç¤ºã®ç¢ºèª Showãƒªãƒ³ã‚¯ãŒè¡¨ç¤ºã•ã‚Œã‚‹[0m
[31mrspec ./spec/system/books_spec.rb:142[0m [36m# æŠ•ç¨¿ã®ãƒ†ã‚¹ãƒˆ ç·¨é›†ç”»é¢ã®ãƒ†ã‚¹ãƒˆ è¡¨ç¤ºã®ç¢ºèª Backãƒªãƒ³ã‚¯ãŒè¡¨ç¤ºã•ã‚Œã‚‹[0m
[31mrspec ./spec/system/books_spec.rb:148[0m [36m# æŠ•ç¨¿ã®ãƒ†ã‚¹ãƒˆ ç·¨é›†ç”»é¢ã®ãƒ†ã‚¹ãƒˆ ãƒªãƒ³ã‚¯ã®é·ç§»å…ˆã®ç¢ºèª Showã®é·ç§»å…ˆã¯è©³ç´°ç”»é¢ã‹[0m
[31mrspec ./spec/system/books_spec.rb:153[0m [36m# æŠ•ç¨¿ã®ãƒ†ã‚¹ãƒˆ ç·¨é›†ç”»é¢ã®ãƒ†ã‚¹ãƒˆ ãƒªãƒ³ã‚¯ã®é·ç§»å…ˆã®ç¢ºèª Backã®é·ç§»å…ˆã¯ä¸€è¦§ç”»é¢ã‹[0m
[31mrspec ./spec/system/books_spec.rb:160[0m [36m# æŠ•ç¨¿ã®ãƒ†ã‚¹ãƒˆ ç·¨é›†ç”»é¢ã®ãƒ†ã‚¹ãƒˆ æ›´æ–°å‡¦ç†ã«é–¢ã™ã‚‹ãƒ†ã‚¹ãƒˆ æ›´æ–°ã«æˆåŠŸã—ã‚µã‚¯ã‚»ã‚¹ãƒ¡ãƒƒã‚»ãƒ¼ã‚¸ãŒè¡¨ç¤ºã•ã‚Œã‚‹ã‹[0m
[31mrspec ./spec/system/books_spec.rb:166[0m [36m# æŠ•ç¨¿ã®ãƒ†ã‚¹ãƒˆ ç·¨é›†ç”»é¢ã®ãƒ†ã‚¹ãƒˆ æ›´æ–°å‡¦ç†ã«é–¢ã™ã‚‹ãƒ†ã‚¹ãƒˆ æ›´æ–°ã«å¤±æ•—ã—ã‚¨ãƒ©ãƒ¼ãƒ¡ãƒƒã‚»ãƒ¼ã‚¸ãŒè¡¨ç¤ºã•ã‚Œã‚‹ã‹[0m
[31mrspec ./spec/system/books_spec.rb:172[0m [36m# æŠ•ç¨¿ã®ãƒ†ã‚¹ãƒˆ ç·¨é›†ç”»é¢ã®ãƒ†ã‚¹ãƒˆ æ›´æ–°å‡¦ç†ã«é–¢ã™ã‚‹ãƒ†ã‚¹ãƒˆ æ›´æ–°å¾Œã®ãƒªãƒ€ã‚¤ãƒ¬ã‚¯ãƒˆå…ˆã¯æ­£ã—ã„ã‹[0m

